[3.430s] Invoking command in '/home/st/py_ywfbot_ws/src/user_func_implement': PYTHONPATH=/home/st/py_ywfbot_ws/build/user_func_implement/prefix_override:/usr/lib/python3/dist-packages/colcon_core/task/python/colcon_distutils_commands:/home/st/py_ywfbot_ws/install/user_func_implement/lib/python3.10/site-packages:${PYTHONPATH} /usr/bin/python3 -W ignore:setup.py install is deprecated -W ignore:easy_install command is deprecated setup.py egg_info --egg-base ../../build/user_func_implement build --build-base /home/st/py_ywfbot_ws/build/user_func_implement/build install --record /home/st/py_ywfbot_ws/build/user_func_implement/install.log --single-version-externally-managed install_data
[4.122s] running egg_info
[4.123s] writing ../../build/user_func_implement/user_func_implement.egg-info/PKG-INFO
[4.123s] writing dependency_links to ../../build/user_func_implement/user_func_implement.egg-info/dependency_links.txt
[4.123s] writing entry points to ../../build/user_func_implement/user_func_implement.egg-info/entry_points.txt
[4.124s] writing requirements to ../../build/user_func_implement/user_func_implement.egg-info/requires.txt
[4.124s] writing top-level names to ../../build/user_func_implement/user_func_implement.egg-info/top_level.txt
[4.130s] reading manifest file '../../build/user_func_implement/user_func_implement.egg-info/SOURCES.txt'
[4.135s] adding license file 'LICENSE'
[4.135s] writing manifest file '../../build/user_func_implement/user_func_implement.egg-info/SOURCES.txt'
[4.136s] running build
[4.136s] running build_py
[4.139s] running install
[4.140s] running install_lib
[4.146s] running install_data
[4.146s] running install_egg_info
[4.150s] removing '/home/st/py_ywfbot_ws/install/user_func_implement/lib/python3.10/site-packages/user_func_implement-0.0.0-py3.10.egg-info' (and everything under it)
[4.151s] Copying ../../build/user_func_implement/user_func_implement.egg-info to /home/st/py_ywfbot_ws/install/user_func_implement/lib/python3.10/site-packages/user_func_implement-0.0.0-py3.10.egg-info
[4.154s] running install_scripts
[4.205s] Installing user_func_main script to /home/st/py_ywfbot_ws/install/user_func_implement/lib/user_func_implement
[4.207s] writing list of installed files to '/home/st/py_ywfbot_ws/build/user_func_implement/install.log'
[4.271s] Invoked command in '/home/st/py_ywfbot_ws/src/user_func_implement' returned '0': PYTHONPATH=/home/st/py_ywfbot_ws/build/user_func_implement/prefix_override:/usr/lib/python3/dist-packages/colcon_core/task/python/colcon_distutils_commands:/home/st/py_ywfbot_ws/install/user_func_implement/lib/python3.10/site-packages:${PYTHONPATH} /usr/bin/python3 -W ignore:setup.py install is deprecated -W ignore:easy_install command is deprecated setup.py egg_info --egg-base ../../build/user_func_implement build --build-base /home/st/py_ywfbot_ws/build/user_func_implement/build install --record /home/st/py_ywfbot_ws/build/user_func_implement/install.log --single-version-externally-managed install_data
