[3.368s] Invoking command in '/home/st/py_ywfbot_ws_v1.1/src/ui_pack': PYTHONPATH=/home/st/py_ywfbot_ws_v1.1/build/ui_pack/prefix_override:/usr/lib/python3/dist-packages/colcon_core/task/python/colcon_distutils_commands:/home/st/py_ywfbot_ws_v1.1/install/ui_pack/lib/python3.10/site-packages:${PYTHONPATH} /usr/bin/python3 -W ignore:setup.py install is deprecated -W ignore:easy_install command is deprecated setup.py egg_info --egg-base ../../build/ui_pack build --build-base /home/st/py_ywfbot_ws_v1.1/build/ui_pack/build install --record /home/st/py_ywfbot_ws_v1.1/build/ui_pack/install.log --single-version-externally-managed install_data
[4.201s] running egg_info
[4.203s] writing ../../build/ui_pack/ui_pack.egg-info/PKG-INFO
[4.203s] writing dependency_links to ../../build/ui_pack/ui_pack.egg-info/dependency_links.txt
[4.205s] writing entry points to ../../build/ui_pack/ui_pack.egg-info/entry_points.txt
[4.206s] writing requirements to ../../build/ui_pack/ui_pack.egg-info/requires.txt
[4.206s] writing top-level names to ../../build/ui_pack/ui_pack.egg-info/top_level.txt
[4.214s] reading manifest file '../../build/ui_pack/ui_pack.egg-info/SOURCES.txt'
[4.216s] adding license file 'LICENSE'
[4.219s] writing manifest file '../../build/ui_pack/ui_pack.egg-info/SOURCES.txt'
[4.219s] running build
[4.220s] running build_py
[4.220s] copying ui_pack/ui_main.py -> /home/st/py_ywfbot_ws_v1.1/build/ui_pack/build/lib/ui_pack
[4.228s] copying ui_pack/qml/PalletizingProcess.qml -> /home/st/py_ywfbot_ws_v1.1/build/ui_pack/build/lib/ui_pack/qml
[4.229s] copying ui_pack/qml/qml_main.qml -> /home/st/py_ywfbot_ws_v1.1/build/ui_pack/build/lib/ui_pack/qml
[4.232s] running install
[4.233s] running install_lib
[4.236s] copying /home/st/py_ywfbot_ws_v1.1/build/ui_pack/build/lib/ui_pack/qml/PalletizingProcess.qml -> /home/st/py_ywfbot_ws_v1.1/install/ui_pack/lib/python3.10/site-packages/ui_pack/qml
[4.240s] copying /home/st/py_ywfbot_ws_v1.1/build/ui_pack/build/lib/ui_pack/qml/qml_main.qml -> /home/st/py_ywfbot_ws_v1.1/install/ui_pack/lib/python3.10/site-packages/ui_pack/qml
[4.241s] copying /home/st/py_ywfbot_ws_v1.1/build/ui_pack/build/lib/ui_pack/ui_main.py -> /home/st/py_ywfbot_ws_v1.1/install/ui_pack/lib/python3.10/site-packages/ui_pack
[4.241s] byte-compiling /home/st/py_ywfbot_ws_v1.1/install/ui_pack/lib/python3.10/site-packages/ui_pack/ui_main.py to ui_main.cpython-310.pyc
[4.246s] running install_data
[4.246s] running install_egg_info
[4.252s] removing '/home/st/py_ywfbot_ws_v1.1/install/ui_pack/lib/python3.10/site-packages/ui_pack-0.0.0-py3.10.egg-info' (and everything under it)
[4.253s] Copying ../../build/ui_pack/ui_pack.egg-info to /home/st/py_ywfbot_ws_v1.1/install/ui_pack/lib/python3.10/site-packages/ui_pack-0.0.0-py3.10.egg-info
[4.254s] running install_scripts
[4.315s] Installing ui_main script to /home/st/py_ywfbot_ws_v1.1/install/ui_pack/lib/ui_pack
[4.316s] writing list of installed files to '/home/st/py_ywfbot_ws_v1.1/build/ui_pack/install.log'
[4.375s] Invoked command in '/home/st/py_ywfbot_ws_v1.1/src/ui_pack' returned '0': PYTHONPATH=/home/st/py_ywfbot_ws_v1.1/build/ui_pack/prefix_override:/usr/lib/python3/dist-packages/colcon_core/task/python/colcon_distutils_commands:/home/st/py_ywfbot_ws_v1.1/install/ui_pack/lib/python3.10/site-packages:${PYTHONPATH} /usr/bin/python3 -W ignore:setup.py install is deprecated -W ignore:easy_install command is deprecated setup.py egg_info --egg-base ../../build/ui_pack build --build-base /home/st/py_ywfbot_ws_v1.1/build/ui_pack/build install --record /home/st/py_ywfbot_ws_v1.1/build/ui_pack/install.log --single-version-externally-managed install_data
