[2.930s] Invoking command in '/home/st/py_ywfbot_ws/src/ui_pack': PYTHONPATH=/home/st/py_ywfbot_ws/build/ui_pack/prefix_override:/usr/lib/python3/dist-packages/colcon_core/task/python/colcon_distutils_commands:/home/st/py_ywfbot_ws/install/ui_pack/lib/python3.10/site-packages:${PYTHONPATH} /usr/bin/python3 -W ignore:setup.py install is deprecated -W ignore:easy_install command is deprecated setup.py egg_info --egg-base ../../build/ui_pack build --build-base /home/st/py_ywfbot_ws/build/ui_pack/build install --record /home/st/py_ywfbot_ws/build/ui_pack/install.log --single-version-externally-managed install_data
[3.698s] running egg_info
[3.698s] writing ../../build/ui_pack/ui_pack.egg-info/PKG-INFO
[3.698s] writing dependency_links to ../../build/ui_pack/ui_pack.egg-info/dependency_links.txt
[3.699s] writing entry points to ../../build/ui_pack/ui_pack.egg-info/entry_points.txt
[3.700s] writing requirements to ../../build/ui_pack/ui_pack.egg-info/requires.txt
[3.706s] writing top-level names to ../../build/ui_pack/ui_pack.egg-info/top_level.txt
[3.706s] reading manifest file '../../build/ui_pack/ui_pack.egg-info/SOURCES.txt'
[3.707s] adding license file 'LICENSE'
[3.710s] writing manifest file '../../build/ui_pack/ui_pack.egg-info/SOURCES.txt'
[3.711s] running build
[3.711s] running build_py
[3.711s] copying ui_pack/GUI.py -> /home/st/py_ywfbot_ws/build/ui_pack/build/lib/ui_pack
[3.719s] running install
[3.719s] running install_lib
[3.725s] copying /home/st/py_ywfbot_ws/build/ui_pack/build/lib/ui_pack/GUI.py -> /home/st/py_ywfbot_ws/install/ui_pack/lib/python3.10/site-packages/ui_pack
[3.725s] byte-compiling /home/st/py_ywfbot_ws/install/ui_pack/lib/python3.10/site-packages/ui_pack/GUI.py to GUI.cpython-310.pyc
[3.732s] running install_data
[3.732s] running install_egg_info
[3.740s] removing '/home/st/py_ywfbot_ws/install/ui_pack/lib/python3.10/site-packages/ui_pack-0.0.0-py3.10.egg-info' (and everything under it)
[3.740s] Copying ../../build/ui_pack/ui_pack.egg-info to /home/st/py_ywfbot_ws/install/ui_pack/lib/python3.10/site-packages/ui_pack-0.0.0-py3.10.egg-info
[3.740s] running install_scripts
[3.795s] Installing ui_main script to /home/st/py_ywfbot_ws/install/ui_pack/lib/ui_pack
[3.797s] writing list of installed files to '/home/st/py_ywfbot_ws/build/ui_pack/install.log'
[3.850s] Invoked command in '/home/st/py_ywfbot_ws/src/ui_pack' returned '0': PYTHONPATH=/home/st/py_ywfbot_ws/build/ui_pack/prefix_override:/usr/lib/python3/dist-packages/colcon_core/task/python/colcon_distutils_commands:/home/st/py_ywfbot_ws/install/ui_pack/lib/python3.10/site-packages:${PYTHONPATH} /usr/bin/python3 -W ignore:setup.py install is deprecated -W ignore:easy_install command is deprecated setup.py egg_info --egg-base ../../build/ui_pack build --build-base /home/st/py_ywfbot_ws/build/ui_pack/build install --record /home/st/py_ywfbot_ws/build/ui_pack/install.log --single-version-externally-managed install_data
