[3.097s] Invoking command in '/home/st/py_ywfbot_ws_v1.1/src/ui_pack': PYTHONPATH=/home/st/py_ywfbot_ws_v1.1/build/ui_pack/prefix_override:/usr/lib/python3/dist-packages/colcon_core/task/python/colcon_distutils_commands:/home/st/py_ywfbot_ws_v1.1/install/ui_pack/lib/python3.10/site-packages:${PYTHONPATH} /usr/bin/python3 -W ignore:setup.py install is deprecated -W ignore:easy_install command is deprecated setup.py egg_info --egg-base ../../build/ui_pack build --build-base /home/st/py_ywfbot_ws_v1.1/build/ui_pack/build install --record /home/st/py_ywfbot_ws_v1.1/build/ui_pack/install.log --single-version-externally-managed install_data
[3.831s] running egg_info
[3.832s] writing ../../build/ui_pack/ui_pack.egg-info/PKG-INFO
[3.833s] writing dependency_links to ../../build/ui_pack/ui_pack.egg-info/dependency_links.txt
[3.834s] writing entry points to ../../build/ui_pack/ui_pack.egg-info/entry_points.txt
[3.834s] writing requirements to ../../build/ui_pack/ui_pack.egg-info/requires.txt
[3.835s] writing top-level names to ../../build/ui_pack/ui_pack.egg-info/top_level.txt
[3.841s] reading manifest file '../../build/ui_pack/ui_pack.egg-info/SOURCES.txt'
[3.842s] adding license file 'LICENSE'
[3.845s] writing manifest file '../../build/ui_pack/ui_pack.egg-info/SOURCES.txt'
[3.846s] running build
[3.846s] running build_py
[3.846s] copying ui_pack/components.py -> /home/st/py_ywfbot_ws_v1.1/build/ui_pack/build/lib/ui_pack
[3.847s] copying ui_pack/GUI.py -> /home/st/py_ywfbot_ws_v1.1/build/ui_pack/build/lib/ui_pack
[3.855s] running install
[3.856s] running install_lib
[3.862s] copying /home/st/py_ywfbot_ws_v1.1/build/ui_pack/build/lib/ui_pack/components.py -> /home/st/py_ywfbot_ws_v1.1/install/ui_pack/lib/python3.10/site-packages/ui_pack
[3.862s] copying /home/st/py_ywfbot_ws_v1.1/build/ui_pack/build/lib/ui_pack/GUI.py -> /home/st/py_ywfbot_ws_v1.1/install/ui_pack/lib/python3.10/site-packages/ui_pack
[3.864s] byte-compiling /home/st/py_ywfbot_ws_v1.1/install/ui_pack/lib/python3.10/site-packages/ui_pack/components.py to components.cpython-310.pyc
[3.867s] byte-compiling /home/st/py_ywfbot_ws_v1.1/install/ui_pack/lib/python3.10/site-packages/ui_pack/GUI.py to GUI.cpython-310.pyc
[3.877s] running install_data
[3.878s] running install_egg_info
[3.883s] removing '/home/st/py_ywfbot_ws_v1.1/install/ui_pack/lib/python3.10/site-packages/ui_pack-0.0.0-py3.10.egg-info' (and everything under it)
[3.884s] Copying ../../build/ui_pack/ui_pack.egg-info to /home/st/py_ywfbot_ws_v1.1/install/ui_pack/lib/python3.10/site-packages/ui_pack-0.0.0-py3.10.egg-info
[3.887s] running install_scripts
[3.951s] Installing ui_main script to /home/st/py_ywfbot_ws_v1.1/install/ui_pack/lib/ui_pack
[3.952s] writing list of installed files to '/home/st/py_ywfbot_ws_v1.1/build/ui_pack/install.log'
[4.034s] Invoked command in '/home/st/py_ywfbot_ws_v1.1/src/ui_pack' returned '0': PYTHONPATH=/home/st/py_ywfbot_ws_v1.1/build/ui_pack/prefix_override:/usr/lib/python3/dist-packages/colcon_core/task/python/colcon_distutils_commands:/home/st/py_ywfbot_ws_v1.1/install/ui_pack/lib/python3.10/site-packages:${PYTHONPATH} /usr/bin/python3 -W ignore:setup.py install is deprecated -W ignore:easy_install command is deprecated setup.py egg_info --egg-base ../../build/ui_pack build --build-base /home/st/py_ywfbot_ws_v1.1/build/ui_pack/build install --record /home/st/py_ywfbot_ws_v1.1/build/ui_pack/install.log --single-version-externally-managed install_data
