[2.699s] Invoking command in '/home/st/py_ywfbot_ws_v1.1/src/ui_pack': PYTHONPATH=/home/st/py_ywfbot_ws_v1.1/build/ui_pack/prefix_override:/usr/lib/python3/dist-packages/colcon_core/task/python/colcon_distutils_commands:/home/st/py_ywfbot_ws_v1.1/install/ui_pack/lib/python3.10/site-packages:${PYTHONPATH} /usr/bin/python3 -W ignore:setup.py install is deprecated -W ignore:easy_install command is deprecated setup.py egg_info --egg-base ../../build/ui_pack build --build-base /home/st/py_ywfbot_ws_v1.1/build/ui_pack/build install --record /home/st/py_ywfbot_ws_v1.1/build/ui_pack/install.log --single-version-externally-managed install_data
[3.426s] running egg_info
[3.426s] creating ../../build/ui_pack/ui_pack.egg-info
[3.426s] writing ../../build/ui_pack/ui_pack.egg-info/PKG-INFO
[3.427s] writing dependency_links to ../../build/ui_pack/ui_pack.egg-info/dependency_links.txt
[3.427s] writing entry points to ../../build/ui_pack/ui_pack.egg-info/entry_points.txt
[3.427s] writing requirements to ../../build/ui_pack/ui_pack.egg-info/requires.txt
[3.427s] writing top-level names to ../../build/ui_pack/ui_pack.egg-info/top_level.txt
[3.427s] writing manifest file '../../build/ui_pack/ui_pack.egg-info/SOURCES.txt'
[3.429s] reading manifest file '../../build/ui_pack/ui_pack.egg-info/SOURCES.txt'
[3.429s] adding license file 'LICENSE'
[3.432s] writing manifest file '../../build/ui_pack/ui_pack.egg-info/SOURCES.txt'
[3.433s] running build
[3.433s] running build_py
[3.433s] creating /home/st/py_ywfbot_ws_v1.1/build/ui_pack/build
[3.434s] creating /home/st/py_ywfbot_ws_v1.1/build/ui_pack/build/lib
[3.434s] creating /home/st/py_ywfbot_ws_v1.1/build/ui_pack/build/lib/ui_pack
[3.435s] copying ui_pack/__init__.py -> /home/st/py_ywfbot_ws_v1.1/build/ui_pack/build/lib/ui_pack
[3.435s] copying ui_pack/components.py -> /home/st/py_ywfbot_ws_v1.1/build/ui_pack/build/lib/ui_pack
[3.435s] copying ui_pack/临时测试.py -> /home/st/py_ywfbot_ws_v1.1/build/ui_pack/build/lib/ui_pack
[3.435s] copying ui_pack/ui_main.py -> /home/st/py_ywfbot_ws_v1.1/build/ui_pack/build/lib/ui_pack
[3.438s] copying ui_pack/GUI.py -> /home/st/py_ywfbot_ws_v1.1/build/ui_pack/build/lib/ui_pack
[3.439s] creating /home/st/py_ywfbot_ws_v1.1/build/ui_pack/build/lib/ui_pack/qml
[3.439s] creating /home/st/py_ywfbot_ws_v1.1/build/ui_pack/build/lib/ui_pack/qml/svg_icons
[3.439s] copying ui_pack/qml/svg_icons/icon_restore.svg -> /home/st/py_ywfbot_ws_v1.1/build/ui_pack/build/lib/ui_pack/qml/svg_icons
[3.440s] copying ui_pack/qml/svg_icons/icon_online.svg -> /home/st/py_ywfbot_ws_v1.1/build/ui_pack/build/lib/ui_pack/qml/svg_icons
[3.440s] copying ui_pack/qml/svg_icons/processButton0.jpg -> /home/st/py_ywfbot_ws_v1.1/build/ui_pack/build/lib/ui_pack/qml/svg_icons
[3.447s] copying ui_pack/qml/svg_icons/no_icon.svg -> /home/st/py_ywfbot_ws_v1.1/build/ui_pack/build/lib/ui_pack/qml/svg_icons
[3.449s] copying ui_pack/qml/svg_icons/icon_heart.svg -> /home/st/py_ywfbot_ws_v1.1/build/ui_pack/build/lib/ui_pack/qml/svg_icons
[3.449s] copying ui_pack/qml/svg_icons/processButton1.jpg -> /home/st/py_ywfbot_ws_v1.1/build/ui_pack/build/lib/ui_pack/qml/svg_icons
[3.449s] copying ui_pack/qml/svg_icons/icon_home.svg -> /home/st/py_ywfbot_ws_v1.1/build/ui_pack/build/lib/ui_pack/qml/svg_icons
[3.449s] copying ui_pack/qml/svg_icons/icon_add_user.svg -> /home/st/py_ywfbot_ws_v1.1/build/ui_pack/build/lib/ui_pack/qml/svg_icons
[3.450s] copying ui_pack/qml/svg_icons/icon_menu_close.svg -> /home/st/py_ywfbot_ws_v1.1/build/ui_pack/build/lib/ui_pack/qml/svg_icons
[3.451s] copying ui_pack/qml/svg_icons/icon_attachment.svg -> /home/st/py_ywfbot_ws_v1.1/build/ui_pack/build/lib/ui_pack/qml/svg_icons
[3.451s] copying ui_pack/qml/svg_icons/icon_invisible.svg -> /home/st/py_ywfbot_ws_v1.1/build/ui_pack/build/lib/ui_pack/qml/svg_icons
[3.451s] copying ui_pack/qml/svg_icons/icon_search.svg -> /home/st/py_ywfbot_ws_v1.1/build/ui_pack/build/lib/ui_pack/qml/svg_icons
[3.454s] copying ui_pack/qml/svg_icons/active_menu.svg -> /home/st/py_ywfbot_ws_v1.1/build/ui_pack/build/lib/ui_pack/qml/svg_icons
[3.454s] copying ui_pack/qml/svg_icons/processButton2.jpg -> /home/st/py_ywfbot_ws_v1.1/build/ui_pack/build/lib/ui_pack/qml/svg_icons
[3.454s] copying ui_pack/qml/svg_icons/icon_widgets.svg -> /home/st/py_ywfbot_ws_v1.1/build/ui_pack/build/lib/ui_pack/qml/svg_icons
[3.454s] copying ui_pack/qml/svg_icons/icon_more_options.svg -> /home/st/py_ywfbot_ws_v1.1/build/ui_pack/build/lib/ui_pack/qml/svg_icons
[3.454s] copying ui_pack/qml/svg_icons/processButton3.jpg -> /home/st/py_ywfbot_ws_v1.1/build/ui_pack/build/lib/ui_pack/qml/svg_icons
[3.455s] copying ui_pack/qml/svg_icons/icon_maximize.svg -> /home/st/py_ywfbot_ws_v1.1/build/ui_pack/build/lib/ui_pack/qml/svg_icons
[3.455s] copying ui_pack/qml/svg_icons/icon_info.svg -> /home/st/py_ywfbot_ws_v1.1/build/ui_pack/build/lib/ui_pack/qml/svg_icons
[3.456s] copying ui_pack/qml/svg_icons/icon_signal.svg -> /home/st/py_ywfbot_ws_v1.1/build/ui_pack/build/lib/ui_pack/qml/svg_icons
[3.456s] copying ui_pack/qml/svg_icons/icon_file.svg -> /home/st/py_ywfbot_ws_v1.1/build/ui_pack/build/lib/ui_pack/qml/svg_icons
[3.456s] copying ui_pack/qml/svg_icons/icon_folder_open.svg -> /home/st/py_ywfbot_ws_v1.1/build/ui_pack/build/lib/ui_pack/qml/svg_icons
[3.457s] copying ui_pack/qml/svg_icons/icon_idle.svg -> /home/st/py_ywfbot_ws_v1.1/build/ui_pack/build/lib/ui_pack/qml/svg_icons
[3.457s] copying ui_pack/qml/svg_icons/icon_folder.svg -> /home/st/py_ywfbot_ws_v1.1/build/ui_pack/build/lib/ui_pack/qml/svg_icons
[3.459s] copying ui_pack/qml/svg_icons/icon_save.svg -> /home/st/py_ywfbot_ws_v1.1/build/ui_pack/build/lib/ui_pack/qml/svg_icons
[3.459s] copying ui_pack/qml/svg_icons/icon_menu.svg -> /home/st/py_ywfbot_ws_v1.1/build/ui_pack/build/lib/ui_pack/qml/svg_icons
[3.459s] copying ui_pack/qml/svg_icons/icon_settings.svg -> /home/st/py_ywfbot_ws_v1.1/build/ui_pack/build/lib/ui_pack/qml/svg_icons
[3.461s] copying ui_pack/qml/svg_icons/icon_send.svg -> /home/st/py_ywfbot_ws_v1.1/build/ui_pack/build/lib/ui_pack/qml/svg_icons
[3.461s] copying ui_pack/qml/svg_icons/icon_arrow_right.svg -> /home/st/py_ywfbot_ws_v1.1/build/ui_pack/build/lib/ui_pack/qml/svg_icons
[3.461s] copying ui_pack/qml/svg_icons/icon_arrow_left.svg -> /home/st/py_ywfbot_ws_v1.1/build/ui_pack/build/lib/ui_pack/qml/svg_icons
[3.464s] copying ui_pack/qml/svg_icons/icon_emoticons.svg -> /home/st/py_ywfbot_ws_v1.1/build/ui_pack/build/lib/ui_pack/qml/svg_icons
[3.465s] copying ui_pack/qml/svg_icons/icon_minimize.svg -> /home/st/py_ywfbot_ws_v1.1/build/ui_pack/build/lib/ui_pack/qml/svg_icons
[3.465s] copying ui_pack/qml/svg_icons/robot.jpg -> /home/st/py_ywfbot_ws_v1.1/build/ui_pack/build/lib/ui_pack/qml/svg_icons
[3.467s] copying ui_pack/qml/svg_icons/icon_close.svg -> /home/st/py_ywfbot_ws_v1.1/build/ui_pack/build/lib/ui_pack/qml/svg_icons
[3.467s] copying ui_pack/qml/svg_icons/icon_busy.svg -> /home/st/py_ywfbot_ws_v1.1/build/ui_pack/build/lib/ui_pack/qml/svg_icons
[3.516s] copying ui_pack/qml/RobotManual.qml -> /home/st/py_ywfbot_ws_v1.1/build/ui_pack/build/lib/ui_pack/qml
[3.517s] copying ui_pack/qml/RobotPointsTable.qml -> /home/st/py_ywfbot_ws_v1.1/build/ui_pack/build/lib/ui_pack/qml
[3.517s] copying ui_pack/qml/PalletizingProcess.qml -> /home/st/py_ywfbot_ws_v1.1/build/ui_pack/build/lib/ui_pack/qml
[3.517s] copying ui_pack/qml/RobotToolTable.qml -> /home/st/py_ywfbot_ws_v1.1/build/ui_pack/build/lib/ui_pack/qml
[3.518s] copying ui_pack/qml/RobotUserCalib.qml -> /home/st/py_ywfbot_ws_v1.1/build/ui_pack/build/lib/ui_pack/qml
[3.518s] copying ui_pack/qml/MyButtonText.qml -> /home/st/py_ywfbot_ws_v1.1/build/ui_pack/build/lib/ui_pack/qml
[3.521s] copying ui_pack/qml/AmrStatusDisp.qml -> /home/st/py_ywfbot_ws_v1.1/build/ui_pack/build/lib/ui_pack/qml
[3.522s] copying ui_pack/qml/Demo_VirtualKeyboard.qml -> /home/st/py_ywfbot_ws_v1.1/build/ui_pack/build/lib/ui_pack/qml
[3.523s] copying ui_pack/qml/MyButtonIcon.qml -> /home/st/py_ywfbot_ws_v1.1/build/ui_pack/build/lib/ui_pack/qml
[3.523s] copying ui_pack/qml/RobotIoSet.qml -> /home/st/py_ywfbot_ws_v1.1/build/ui_pack/build/lib/ui_pack/qml
[3.524s] copying ui_pack/qml/qml_main.qml -> /home/st/py_ywfbot_ws_v1.1/build/ui_pack/build/lib/ui_pack/qml
[3.524s] copying ui_pack/qml/RobotToolCalib.qml -> /home/st/py_ywfbot_ws_v1.1/build/ui_pack/build/lib/ui_pack/qml
[3.524s] copying ui_pack/qml/MyButton.qml -> /home/st/py_ywfbot_ws_v1.1/build/ui_pack/build/lib/ui_pack/qml
[3.524s] copying ui_pack/qml/RobotUserTable.qml -> /home/st/py_ywfbot_ws_v1.1/build/ui_pack/build/lib/ui_pack/qml
[3.524s] running install
[3.524s] running install_lib
[3.524s] creating /home/st/py_ywfbot_ws_v1.1/install/ui_pack/lib/python3.10/site-packages/ui_pack
[3.524s] copying /home/st/py_ywfbot_ws_v1.1/build/ui_pack/build/lib/ui_pack/__init__.py -> /home/st/py_ywfbot_ws_v1.1/install/ui_pack/lib/python3.10/site-packages/ui_pack
[3.524s] copying /home/st/py_ywfbot_ws_v1.1/build/ui_pack/build/lib/ui_pack/components.py -> /home/st/py_ywfbot_ws_v1.1/install/ui_pack/lib/python3.10/site-packages/ui_pack
[3.524s] copying /home/st/py_ywfbot_ws_v1.1/build/ui_pack/build/lib/ui_pack/临时测试.py -> /home/st/py_ywfbot_ws_v1.1/install/ui_pack/lib/python3.10/site-packages/ui_pack
[3.524s] creating /home/st/py_ywfbot_ws_v1.1/install/ui_pack/lib/python3.10/site-packages/ui_pack/qml
[3.524s] copying /home/st/py_ywfbot_ws_v1.1/build/ui_pack/build/lib/ui_pack/qml/RobotManual.qml -> /home/st/py_ywfbot_ws_v1.1/install/ui_pack/lib/python3.10/site-packages/ui_pack/qml
[3.524s] copying /home/st/py_ywfbot_ws_v1.1/build/ui_pack/build/lib/ui_pack/qml/RobotPointsTable.qml -> /home/st/py_ywfbot_ws_v1.1/install/ui_pack/lib/python3.10/site-packages/ui_pack/qml
[3.524s] copying /home/st/py_ywfbot_ws_v1.1/build/ui_pack/build/lib/ui_pack/qml/PalletizingProcess.qml -> /home/st/py_ywfbot_ws_v1.1/install/ui_pack/lib/python3.10/site-packages/ui_pack/qml
[3.525s] creating /home/st/py_ywfbot_ws_v1.1/install/ui_pack/lib/python3.10/site-packages/ui_pack/qml/svg_icons
[3.525s] copying /home/st/py_ywfbot_ws_v1.1/build/ui_pack/build/lib/ui_pack/qml/svg_icons/icon_restore.svg -> /home/st/py_ywfbot_ws_v1.1/install/ui_pack/lib/python3.10/site-packages/ui_pack/qml/svg_icons
[3.525s] copying /home/st/py_ywfbot_ws_v1.1/build/ui_pack/build/lib/ui_pack/qml/svg_icons/icon_online.svg -> /home/st/py_ywfbot_ws_v1.1/install/ui_pack/lib/python3.10/site-packages/ui_pack/qml/svg_icons
[3.525s] copying /home/st/py_ywfbot_ws_v1.1/build/ui_pack/build/lib/ui_pack/qml/svg_icons/processButton0.jpg -> /home/st/py_ywfbot_ws_v1.1/install/ui_pack/lib/python3.10/site-packages/ui_pack/qml/svg_icons
[3.525s] copying /home/st/py_ywfbot_ws_v1.1/build/ui_pack/build/lib/ui_pack/qml/svg_icons/no_icon.svg -> /home/st/py_ywfbot_ws_v1.1/install/ui_pack/lib/python3.10/site-packages/ui_pack/qml/svg_icons
[3.525s] copying /home/st/py_ywfbot_ws_v1.1/build/ui_pack/build/lib/ui_pack/qml/svg_icons/icon_heart.svg -> /home/st/py_ywfbot_ws_v1.1/install/ui_pack/lib/python3.10/site-packages/ui_pack/qml/svg_icons
[3.525s] copying /home/st/py_ywfbot_ws_v1.1/build/ui_pack/build/lib/ui_pack/qml/svg_icons/processButton1.jpg -> /home/st/py_ywfbot_ws_v1.1/install/ui_pack/lib/python3.10/site-packages/ui_pack/qml/svg_icons
[3.525s] copying /home/st/py_ywfbot_ws_v1.1/build/ui_pack/build/lib/ui_pack/qml/svg_icons/icon_home.svg -> /home/st/py_ywfbot_ws_v1.1/install/ui_pack/lib/python3.10/site-packages/ui_pack/qml/svg_icons
[3.526s] copying /home/st/py_ywfbot_ws_v1.1/build/ui_pack/build/lib/ui_pack/qml/svg_icons/icon_add_user.svg -> /home/st/py_ywfbot_ws_v1.1/install/ui_pack/lib/python3.10/site-packages/ui_pack/qml/svg_icons
[3.526s] copying /home/st/py_ywfbot_ws_v1.1/build/ui_pack/build/lib/ui_pack/qml/svg_icons/icon_menu_close.svg -> /home/st/py_ywfbot_ws_v1.1/install/ui_pack/lib/python3.10/site-packages/ui_pack/qml/svg_icons
[3.526s] copying /home/st/py_ywfbot_ws_v1.1/build/ui_pack/build/lib/ui_pack/qml/svg_icons/icon_attachment.svg -> /home/st/py_ywfbot_ws_v1.1/install/ui_pack/lib/python3.10/site-packages/ui_pack/qml/svg_icons
[3.526s] copying /home/st/py_ywfbot_ws_v1.1/build/ui_pack/build/lib/ui_pack/qml/svg_icons/icon_invisible.svg -> /home/st/py_ywfbot_ws_v1.1/install/ui_pack/lib/python3.10/site-packages/ui_pack/qml/svg_icons
[3.526s] copying /home/st/py_ywfbot_ws_v1.1/build/ui_pack/build/lib/ui_pack/qml/svg_icons/icon_search.svg -> /home/st/py_ywfbot_ws_v1.1/install/ui_pack/lib/python3.10/site-packages/ui_pack/qml/svg_icons
[3.526s] copying /home/st/py_ywfbot_ws_v1.1/build/ui_pack/build/lib/ui_pack/qml/svg_icons/active_menu.svg -> /home/st/py_ywfbot_ws_v1.1/install/ui_pack/lib/python3.10/site-packages/ui_pack/qml/svg_icons
[3.527s] copying /home/st/py_ywfbot_ws_v1.1/build/ui_pack/build/lib/ui_pack/qml/svg_icons/processButton2.jpg -> /home/st/py_ywfbot_ws_v1.1/install/ui_pack/lib/python3.10/site-packages/ui_pack/qml/svg_icons
[3.527s] copying /home/st/py_ywfbot_ws_v1.1/build/ui_pack/build/lib/ui_pack/qml/svg_icons/icon_widgets.svg -> /home/st/py_ywfbot_ws_v1.1/install/ui_pack/lib/python3.10/site-packages/ui_pack/qml/svg_icons
[3.527s] copying /home/st/py_ywfbot_ws_v1.1/build/ui_pack/build/lib/ui_pack/qml/svg_icons/icon_more_options.svg -> /home/st/py_ywfbot_ws_v1.1/install/ui_pack/lib/python3.10/site-packages/ui_pack/qml/svg_icons
[3.527s] copying /home/st/py_ywfbot_ws_v1.1/build/ui_pack/build/lib/ui_pack/qml/svg_icons/processButton3.jpg -> /home/st/py_ywfbot_ws_v1.1/install/ui_pack/lib/python3.10/site-packages/ui_pack/qml/svg_icons
[3.527s] copying /home/st/py_ywfbot_ws_v1.1/build/ui_pack/build/lib/ui_pack/qml/svg_icons/icon_maximize.svg -> /home/st/py_ywfbot_ws_v1.1/install/ui_pack/lib/python3.10/site-packages/ui_pack/qml/svg_icons
[3.527s] copying /home/st/py_ywfbot_ws_v1.1/build/ui_pack/build/lib/ui_pack/qml/svg_icons/icon_info.svg -> /home/st/py_ywfbot_ws_v1.1/install/ui_pack/lib/python3.10/site-packages/ui_pack/qml/svg_icons
[3.527s] copying /home/st/py_ywfbot_ws_v1.1/build/ui_pack/build/lib/ui_pack/qml/svg_icons/icon_signal.svg -> /home/st/py_ywfbot_ws_v1.1/install/ui_pack/lib/python3.10/site-packages/ui_pack/qml/svg_icons
[3.527s] copying /home/st/py_ywfbot_ws_v1.1/build/ui_pack/build/lib/ui_pack/qml/svg_icons/icon_file.svg -> /home/st/py_ywfbot_ws_v1.1/install/ui_pack/lib/python3.10/site-packages/ui_pack/qml/svg_icons
[3.527s] copying /home/st/py_ywfbot_ws_v1.1/build/ui_pack/build/lib/ui_pack/qml/svg_icons/icon_folder_open.svg -> /home/st/py_ywfbot_ws_v1.1/install/ui_pack/lib/python3.10/site-packages/ui_pack/qml/svg_icons
[3.527s] copying /home/st/py_ywfbot_ws_v1.1/build/ui_pack/build/lib/ui_pack/qml/svg_icons/icon_idle.svg -> /home/st/py_ywfbot_ws_v1.1/install/ui_pack/lib/python3.10/site-packages/ui_pack/qml/svg_icons
[3.527s] copying /home/st/py_ywfbot_ws_v1.1/build/ui_pack/build/lib/ui_pack/qml/svg_icons/icon_folder.svg -> /home/st/py_ywfbot_ws_v1.1/install/ui_pack/lib/python3.10/site-packages/ui_pack/qml/svg_icons
[3.528s] copying /home/st/py_ywfbot_ws_v1.1/build/ui_pack/build/lib/ui_pack/qml/svg_icons/icon_save.svg -> /home/st/py_ywfbot_ws_v1.1/install/ui_pack/lib/python3.10/site-packages/ui_pack/qml/svg_icons
[3.528s] copying /home/st/py_ywfbot_ws_v1.1/build/ui_pack/build/lib/ui_pack/qml/svg_icons/icon_menu.svg -> /home/st/py_ywfbot_ws_v1.1/install/ui_pack/lib/python3.10/site-packages/ui_pack/qml/svg_icons
[3.528s] copying /home/st/py_ywfbot_ws_v1.1/build/ui_pack/build/lib/ui_pack/qml/svg_icons/icon_settings.svg -> /home/st/py_ywfbot_ws_v1.1/install/ui_pack/lib/python3.10/site-packages/ui_pack/qml/svg_icons
[3.528s] copying /home/st/py_ywfbot_ws_v1.1/build/ui_pack/build/lib/ui_pack/qml/svg_icons/icon_send.svg -> /home/st/py_ywfbot_ws_v1.1/install/ui_pack/lib/python3.10/site-packages/ui_pack/qml/svg_icons
[3.528s] copying /home/st/py_ywfbot_ws_v1.1/build/ui_pack/build/lib/ui_pack/qml/svg_icons/icon_arrow_right.svg -> /home/st/py_ywfbot_ws_v1.1/install/ui_pack/lib/python3.10/site-packages/ui_pack/qml/svg_icons
[3.528s] copying /home/st/py_ywfbot_ws_v1.1/build/ui_pack/build/lib/ui_pack/qml/svg_icons/icon_arrow_left.svg -> /home/st/py_ywfbot_ws_v1.1/install/ui_pack/lib/python3.10/site-packages/ui_pack/qml/svg_icons
[3.530s] copying /home/st/py_ywfbot_ws_v1.1/build/ui_pack/build/lib/ui_pack/qml/svg_icons/icon_emoticons.svg -> /home/st/py_ywfbot_ws_v1.1/install/ui_pack/lib/python3.10/site-packages/ui_pack/qml/svg_icons
[3.530s] copying /home/st/py_ywfbot_ws_v1.1/build/ui_pack/build/lib/ui_pack/qml/svg_icons/icon_minimize.svg -> /home/st/py_ywfbot_ws_v1.1/install/ui_pack/lib/python3.10/site-packages/ui_pack/qml/svg_icons
[3.530s] copying /home/st/py_ywfbot_ws_v1.1/build/ui_pack/build/lib/ui_pack/qml/svg_icons/robot.jpg -> /home/st/py_ywfbot_ws_v1.1/install/ui_pack/lib/python3.10/site-packages/ui_pack/qml/svg_icons
[3.530s] copying /home/st/py_ywfbot_ws_v1.1/build/ui_pack/build/lib/ui_pack/qml/svg_icons/icon_close.svg -> /home/st/py_ywfbot_ws_v1.1/install/ui_pack/lib/python3.10/site-packages/ui_pack/qml/svg_icons
[3.530s] copying /home/st/py_ywfbot_ws_v1.1/build/ui_pack/build/lib/ui_pack/qml/svg_icons/icon_busy.svg -> /home/st/py_ywfbot_ws_v1.1/install/ui_pack/lib/python3.10/site-packages/ui_pack/qml/svg_icons
[3.530s] copying /home/st/py_ywfbot_ws_v1.1/build/ui_pack/build/lib/ui_pack/qml/RobotToolTable.qml -> /home/st/py_ywfbot_ws_v1.1/install/ui_pack/lib/python3.10/site-packages/ui_pack/qml
[3.530s] copying /home/st/py_ywfbot_ws_v1.1/build/ui_pack/build/lib/ui_pack/qml/RobotUserCalib.qml -> /home/st/py_ywfbot_ws_v1.1/install/ui_pack/lib/python3.10/site-packages/ui_pack/qml
[3.530s] copying /home/st/py_ywfbot_ws_v1.1/build/ui_pack/build/lib/ui_pack/qml/MyButtonText.qml -> /home/st/py_ywfbot_ws_v1.1/install/ui_pack/lib/python3.10/site-packages/ui_pack/qml
[3.531s] copying /home/st/py_ywfbot_ws_v1.1/build/ui_pack/build/lib/ui_pack/qml/AmrStatusDisp.qml -> /home/st/py_ywfbot_ws_v1.1/install/ui_pack/lib/python3.10/site-packages/ui_pack/qml
[3.531s] copying /home/st/py_ywfbot_ws_v1.1/build/ui_pack/build/lib/ui_pack/qml/Demo_VirtualKeyboard.qml -> /home/st/py_ywfbot_ws_v1.1/install/ui_pack/lib/python3.10/site-packages/ui_pack/qml
[3.531s] copying /home/st/py_ywfbot_ws_v1.1/build/ui_pack/build/lib/ui_pack/qml/MyButtonIcon.qml -> /home/st/py_ywfbot_ws_v1.1/install/ui_pack/lib/python3.10/site-packages/ui_pack/qml
[3.531s] copying /home/st/py_ywfbot_ws_v1.1/build/ui_pack/build/lib/ui_pack/qml/RobotIoSet.qml -> /home/st/py_ywfbot_ws_v1.1/install/ui_pack/lib/python3.10/site-packages/ui_pack/qml
[3.531s] copying /home/st/py_ywfbot_ws_v1.1/build/ui_pack/build/lib/ui_pack/qml/qml_main.qml -> /home/st/py_ywfbot_ws_v1.1/install/ui_pack/lib/python3.10/site-packages/ui_pack/qml
[3.531s] copying /home/st/py_ywfbot_ws_v1.1/build/ui_pack/build/lib/ui_pack/qml/RobotToolCalib.qml -> /home/st/py_ywfbot_ws_v1.1/install/ui_pack/lib/python3.10/site-packages/ui_pack/qml
[3.531s] copying /home/st/py_ywfbot_ws_v1.1/build/ui_pack/build/lib/ui_pack/qml/MyButton.qml -> /home/st/py_ywfbot_ws_v1.1/install/ui_pack/lib/python3.10/site-packages/ui_pack/qml
[3.531s] copying /home/st/py_ywfbot_ws_v1.1/build/ui_pack/build/lib/ui_pack/qml/RobotUserTable.qml -> /home/st/py_ywfbot_ws_v1.1/install/ui_pack/lib/python3.10/site-packages/ui_pack/qml
[3.531s] copying /home/st/py_ywfbot_ws_v1.1/build/ui_pack/build/lib/ui_pack/ui_main.py -> /home/st/py_ywfbot_ws_v1.1/install/ui_pack/lib/python3.10/site-packages/ui_pack
[3.531s] copying /home/st/py_ywfbot_ws_v1.1/build/ui_pack/build/lib/ui_pack/GUI.py -> /home/st/py_ywfbot_ws_v1.1/install/ui_pack/lib/python3.10/site-packages/ui_pack
[3.531s] byte-compiling /home/st/py_ywfbot_ws_v1.1/install/ui_pack/lib/python3.10/site-packages/ui_pack/__init__.py to __init__.cpython-310.pyc
[3.531s] byte-compiling /home/st/py_ywfbot_ws_v1.1/install/ui_pack/lib/python3.10/site-packages/ui_pack/components.py to components.cpython-310.pyc
[3.532s] byte-compiling /home/st/py_ywfbot_ws_v1.1/install/ui_pack/lib/python3.10/site-packages/ui_pack/临时测试.py to 临时测试.cpython-310.pyc
[3.532s] byte-compiling /home/st/py_ywfbot_ws_v1.1/install/ui_pack/lib/python3.10/site-packages/ui_pack/ui_main.py to ui_main.cpython-310.pyc
[3.532s] byte-compiling /home/st/py_ywfbot_ws_v1.1/install/ui_pack/lib/python3.10/site-packages/ui_pack/GUI.py to GUI.cpython-310.pyc
[3.535s] running install_data
[3.536s] creating /home/st/py_ywfbot_ws_v1.1/install/ui_pack/share/ament_index
[3.536s] creating /home/st/py_ywfbot_ws_v1.1/install/ui_pack/share/ament_index/resource_index
[3.537s] creating /home/st/py_ywfbot_ws_v1.1/install/ui_pack/share/ament_index/resource_index/packages
[3.537s] copying resource/ui_pack -> /home/st/py_ywfbot_ws_v1.1/install/ui_pack/share/ament_index/resource_index/packages
[3.537s] copying package.xml -> /home/st/py_ywfbot_ws_v1.1/install/ui_pack/share/ui_pack
[3.537s] running install_egg_info
[3.543s] Copying ../../build/ui_pack/ui_pack.egg-info to /home/st/py_ywfbot_ws_v1.1/install/ui_pack/lib/python3.10/site-packages/ui_pack-0.0.0-py3.10.egg-info
[3.543s] running install_scripts
[3.590s] Installing ui_main script to /home/st/py_ywfbot_ws_v1.1/install/ui_pack/lib/ui_pack
[3.591s] writing list of installed files to '/home/st/py_ywfbot_ws_v1.1/build/ui_pack/install.log'
[3.647s] Invoked command in '/home/st/py_ywfbot_ws_v1.1/src/ui_pack' returned '0': PYTHONPATH=/home/st/py_ywfbot_ws_v1.1/build/ui_pack/prefix_override:/usr/lib/python3/dist-packages/colcon_core/task/python/colcon_distutils_commands:/home/st/py_ywfbot_ws_v1.1/install/ui_pack/lib/python3.10/site-packages:${PYTHONPATH} /usr/bin/python3 -W ignore:setup.py install is deprecated -W ignore:easy_install command is deprecated setup.py egg_info --egg-base ../../build/ui_pack build --build-base /home/st/py_ywfbot_ws_v1.1/build/ui_pack/build install --record /home/st/py_ywfbot_ws_v1.1/build/ui_pack/install.log --single-version-externally-managed install_data
