[0.342s] DEBUG:colcon:Command line arguments: ['/usr/bin/colcon', 'build']
[0.342s] DEBUG:colcon:Parsed command line arguments: Namespace(log_base=None, log_level=None, verb_name='build', build_base='build', install_base='install', merge_install=False, symlink_install=False, test_result_base=None, continue_on_error=False, executor='parallel', parallel_workers=16, event_handlers=None, ignore_user_meta=False, metas=['./colcon.meta'], base_paths=['.'], packages_ignore=None, packages_ignore_regex=None, paths=None, packages_up_to=None, packages_up_to_regex=None, packages_above=None, packages_above_and_dependencies=None, packages_above_depth=None, packages_select_by_dep=None, packages_skip_by_dep=None, packages_skip_up_to=None, packages_select_build_failed=False, packages_skip_build_finished=False, packages_select_test_failures=False, packages_skip_test_passed=False, packages_select=None, packages_skip=None, packages_select_regex=None, packages_skip_regex=None, packages_start=None, packages_end=None, allow_overriding=[], cmake_args=None, cmake_target=None, cmake_target_skip_unavailable=False, cmake_clean_cache=False, cmake_clean_first=False, cmake_force_configure=False, ament_cmake_args=None, catkin_cmake_args=None, catkin_skip_building_tests=False, mixin_files=None, mixin=None, verb_parser=<colcon_mixin.mixin.mixin_argument.MixinArgumentDecorator object at 0x7cfb57f742b0>, verb_extension=<colcon_core.verb.build.BuildVerb object at 0x7cfb580951b0>, main=<bound method BuildVerb.main of <colcon_core.verb.build.BuildVerb object at 0x7cfb580951b0>>, mixin_verb=('build',))
[0.838s] Level 1:colcon.colcon_core.package_discovery:discover_packages(colcon_meta) check parameters
[0.838s] Level 1:colcon.colcon_core.package_discovery:discover_packages(recursive) check parameters
[0.838s] Level 1:colcon.colcon_core.package_discovery:discover_packages(ignore) check parameters
[0.838s] Level 1:colcon.colcon_core.package_discovery:discover_packages(path) check parameters
[0.838s] Level 1:colcon.colcon_core.package_discovery:discover_packages(colcon_meta) discover
[0.839s] Level 1:colcon.colcon_core.package_discovery:discover_packages(recursive) discover
[0.839s] INFO:colcon.colcon_core.package_discovery:Crawling recursively for packages in '/home/st/py_ywfbot_ws'
[0.839s] Level 1:colcon.colcon_core.package_identification:_identify(.) by extensions ['ignore', 'ignore_ament_install']
[0.839s] Level 1:colcon.colcon_core.package_identification:_identify(.) by extension 'ignore'
[0.839s] Level 1:colcon.colcon_core.package_identification:_identify(.) by extension 'ignore_ament_install'
[0.839s] Level 1:colcon.colcon_core.package_identification:_identify(.) by extensions ['colcon_pkg']
[0.840s] Level 1:colcon.colcon_core.package_identification:_identify(.) by extension 'colcon_pkg'
[0.840s] Level 1:colcon.colcon_core.package_identification:_identify(.) by extensions ['colcon_meta']
[0.840s] Level 1:colcon.colcon_core.package_identification:_identify(.) by extension 'colcon_meta'
[0.840s] Level 1:colcon.colcon_core.package_identification:_identify(.) by extensions ['ros']
[0.840s] Level 1:colcon.colcon_core.package_identification:_identify(.) by extension 'ros'
[0.874s] Level 1:colcon.colcon_core.package_identification:_identify(.) by extensions ['cmake', 'python']
[0.874s] Level 1:colcon.colcon_core.package_identification:_identify(.) by extension 'cmake'
[0.875s] Level 1:colcon.colcon_core.package_identification:_identify(.) by extension 'python'
[0.875s] Level 1:colcon.colcon_core.package_identification:_identify(.) by extensions ['python_setup_py']
[0.875s] Level 1:colcon.colcon_core.package_identification:_identify(.) by extension 'python_setup_py'
[0.875s] Level 1:colcon.colcon_core.package_identification:_identify(build) by extensions ['ignore', 'ignore_ament_install']
[0.875s] Level 1:colcon.colcon_core.package_identification:_identify(build) by extension 'ignore'
[0.876s] Level 1:colcon.colcon_core.package_identification:_identify(build) ignored
[0.876s] Level 1:colcon.colcon_core.package_identification:_identify(install) by extensions ['ignore', 'ignore_ament_install']
[0.876s] Level 1:colcon.colcon_core.package_identification:_identify(install) by extension 'ignore'
[0.876s] Level 1:colcon.colcon_core.package_identification:_identify(install) ignored
[0.877s] Level 1:colcon.colcon_core.package_identification:_identify(log) by extensions ['ignore', 'ignore_ament_install']
[0.877s] Level 1:colcon.colcon_core.package_identification:_identify(log) by extension 'ignore'
[0.877s] Level 1:colcon.colcon_core.package_identification:_identify(log) ignored
[0.877s] Level 1:colcon.colcon_core.package_identification:_identify(src) by extensions ['ignore', 'ignore_ament_install']
[0.877s] Level 1:colcon.colcon_core.package_identification:_identify(src) by extension 'ignore'
[0.877s] Level 1:colcon.colcon_core.package_identification:_identify(src) by extension 'ignore_ament_install'
[0.878s] Level 1:colcon.colcon_core.package_identification:_identify(src) by extensions ['colcon_pkg']
[0.878s] Level 1:colcon.colcon_core.package_identification:_identify(src) by extension 'colcon_pkg'
[0.878s] Level 1:colcon.colcon_core.package_identification:_identify(src) by extensions ['colcon_meta']
[0.878s] Level 1:colcon.colcon_core.package_identification:_identify(src) by extension 'colcon_meta'
[0.878s] Level 1:colcon.colcon_core.package_identification:_identify(src) by extensions ['ros']
[0.878s] Level 1:colcon.colcon_core.package_identification:_identify(src) by extension 'ros'
[0.878s] Level 1:colcon.colcon_core.package_identification:_identify(src) by extensions ['cmake', 'python']
[0.878s] Level 1:colcon.colcon_core.package_identification:_identify(src) by extension 'cmake'
[0.878s] Level 1:colcon.colcon_core.package_identification:_identify(src) by extension 'python'
[0.878s] Level 1:colcon.colcon_core.package_identification:_identify(src) by extensions ['python_setup_py']
[0.878s] Level 1:colcon.colcon_core.package_identification:_identify(src) by extension 'python_setup_py'
[0.879s] Level 1:colcon.colcon_core.package_identification:_identify(src/ui_pack) by extensions ['ignore', 'ignore_ament_install']
[0.879s] Level 1:colcon.colcon_core.package_identification:_identify(src/ui_pack) by extension 'ignore'
[0.879s] Level 1:colcon.colcon_core.package_identification:_identify(src/ui_pack) by extension 'ignore_ament_install'
[0.879s] Level 1:colcon.colcon_core.package_identification:_identify(src/ui_pack) by extensions ['colcon_pkg']
[0.879s] Level 1:colcon.colcon_core.package_identification:_identify(src/ui_pack) by extension 'colcon_pkg'
[0.879s] Level 1:colcon.colcon_core.package_identification:_identify(src/ui_pack) by extensions ['colcon_meta']
[0.879s] Level 1:colcon.colcon_core.package_identification:_identify(src/ui_pack) by extension 'colcon_meta'
[0.880s] Level 1:colcon.colcon_core.package_identification:_identify(src/ui_pack) by extensions ['ros']
[0.880s] Level 1:colcon.colcon_core.package_identification:_identify(src/ui_pack) by extension 'ros'
[0.885s] DEBUG:colcon.colcon_core.package_identification:Package 'src/ui_pack' with type 'ros.ament_python' and name 'ui_pack'
[0.886s] Level 1:colcon.colcon_core.package_identification:_identify(src/user_func_implement) by extensions ['ignore', 'ignore_ament_install']
[0.886s] Level 1:colcon.colcon_core.package_identification:_identify(src/user_func_implement) by extension 'ignore'
[0.886s] Level 1:colcon.colcon_core.package_identification:_identify(src/user_func_implement) by extension 'ignore_ament_install'
[0.886s] Level 1:colcon.colcon_core.package_identification:_identify(src/user_func_implement) by extensions ['colcon_pkg']
[0.886s] Level 1:colcon.colcon_core.package_identification:_identify(src/user_func_implement) by extension 'colcon_pkg'
[0.886s] Level 1:colcon.colcon_core.package_identification:_identify(src/user_func_implement) by extensions ['colcon_meta']
[0.886s] Level 1:colcon.colcon_core.package_identification:_identify(src/user_func_implement) by extension 'colcon_meta'
[0.886s] Level 1:colcon.colcon_core.package_identification:_identify(src/user_func_implement) by extensions ['ros']
[0.886s] Level 1:colcon.colcon_core.package_identification:_identify(src/user_func_implement) by extension 'ros'
[0.888s] DEBUG:colcon.colcon_core.package_identification:Package 'src/user_func_implement' with type 'ros.ament_python' and name 'user_func_implement'
[0.888s] Level 1:colcon.colcon_core.package_discovery:discover_packages(recursive) using defaults
[0.888s] Level 1:colcon.colcon_core.package_discovery:discover_packages(ignore) discover
[0.888s] Level 1:colcon.colcon_core.package_discovery:discover_packages(ignore) using defaults
[0.888s] Level 1:colcon.colcon_core.package_discovery:discover_packages(path) discover
[0.888s] Level 1:colcon.colcon_core.package_discovery:discover_packages(path) using defaults
[0.969s] Level 1:colcon.colcon_core.package_discovery:discover_packages(prefix_path) check parameters
[0.970s] Level 1:colcon.colcon_core.package_discovery:discover_packages(prefix_path) discover
[0.981s] DEBUG:colcon.colcon_installed_package_information.package_discovery:Found 6 installed packages in /home/st/ywfBot_ws/install
[0.985s] DEBUG:colcon.colcon_installed_package_information.package_discovery:Found 55 installed packages in /home/st/moveit2_humble_ws/install
[0.989s] DEBUG:colcon.colcon_installed_package_information.package_discovery:Found 313 installed packages in /opt/ros/humble
[0.995s] Level 1:colcon.colcon_core.package_discovery:discover_packages(prefix_path) using defaults
[1.133s] Level 5:colcon.colcon_core.verb:set package 'ui_pack' build argument 'cmake_args' from command line to 'None'
[1.133s] Level 5:colcon.colcon_core.verb:set package 'ui_pack' build argument 'cmake_target' from command line to 'None'
[1.133s] Level 5:colcon.colcon_core.verb:set package 'ui_pack' build argument 'cmake_target_skip_unavailable' from command line to 'False'
[1.133s] Level 5:colcon.colcon_core.verb:set package 'ui_pack' build argument 'cmake_clean_cache' from command line to 'False'
[1.133s] Level 5:colcon.colcon_core.verb:set package 'ui_pack' build argument 'cmake_clean_first' from command line to 'False'
[1.133s] Level 5:colcon.colcon_core.verb:set package 'ui_pack' build argument 'cmake_force_configure' from command line to 'False'
[1.133s] Level 5:colcon.colcon_core.verb:set package 'ui_pack' build argument 'ament_cmake_args' from command line to 'None'
[1.133s] Level 5:colcon.colcon_core.verb:set package 'ui_pack' build argument 'catkin_cmake_args' from command line to 'None'
[1.133s] Level 5:colcon.colcon_core.verb:set package 'ui_pack' build argument 'catkin_skip_building_tests' from command line to 'False'
[1.133s] DEBUG:colcon.colcon_core.verb:Building package 'ui_pack' with the following arguments: {'ament_cmake_args': None, 'build_base': '/home/st/py_ywfbot_ws/build/ui_pack', 'catkin_cmake_args': None, 'catkin_skip_building_tests': False, 'cmake_args': None, 'cmake_clean_cache': False, 'cmake_clean_first': False, 'cmake_force_configure': False, 'cmake_target': None, 'cmake_target_skip_unavailable': False, 'install_base': '/home/st/py_ywfbot_ws/install/ui_pack', 'merge_install': False, 'path': '/home/st/py_ywfbot_ws/src/ui_pack', 'symlink_install': False, 'test_result_base': None}
[1.134s] Level 5:colcon.colcon_core.verb:set package 'user_func_implement' build argument 'cmake_args' from command line to 'None'
[1.134s] Level 5:colcon.colcon_core.verb:set package 'user_func_implement' build argument 'cmake_target' from command line to 'None'
[1.134s] Level 5:colcon.colcon_core.verb:set package 'user_func_implement' build argument 'cmake_target_skip_unavailable' from command line to 'False'
[1.134s] Level 5:colcon.colcon_core.verb:set package 'user_func_implement' build argument 'cmake_clean_cache' from command line to 'False'
[1.134s] Level 5:colcon.colcon_core.verb:set package 'user_func_implement' build argument 'cmake_clean_first' from command line to 'False'
[1.135s] Level 5:colcon.colcon_core.verb:set package 'user_func_implement' build argument 'cmake_force_configure' from command line to 'False'
[1.135s] Level 5:colcon.colcon_core.verb:set package 'user_func_implement' build argument 'ament_cmake_args' from command line to 'None'
[1.135s] Level 5:colcon.colcon_core.verb:set package 'user_func_implement' build argument 'catkin_cmake_args' from command line to 'None'
[1.135s] Level 5:colcon.colcon_core.verb:set package 'user_func_implement' build argument 'catkin_skip_building_tests' from command line to 'False'
[1.135s] DEBUG:colcon.colcon_core.verb:Building package 'user_func_implement' with the following arguments: {'ament_cmake_args': None, 'build_base': '/home/st/py_ywfbot_ws/build/user_func_implement', 'catkin_cmake_args': None, 'catkin_skip_building_tests': False, 'cmake_args': None, 'cmake_clean_cache': False, 'cmake_clean_first': False, 'cmake_force_configure': False, 'cmake_target': None, 'cmake_target_skip_unavailable': False, 'install_base': '/home/st/py_ywfbot_ws/install/user_func_implement', 'merge_install': False, 'path': '/home/st/py_ywfbot_ws/src/user_func_implement', 'symlink_install': False, 'test_result_base': None}
[1.135s] INFO:colcon.colcon_core.executor:Executing jobs using 'parallel' executor
[1.140s] DEBUG:colcon.colcon_parallel_executor.executor.parallel:run_until_complete
[1.141s] INFO:colcon.colcon_ros.task.ament_python.build:Building ROS package in '/home/st/py_ywfbot_ws/src/ui_pack' with build type 'ament_python'
[1.141s] Level 1:colcon.colcon_core.shell:create_environment_hook('ui_pack', 'ament_prefix_path')
[1.146s] INFO:colcon.colcon_core.plugin_system:Skipping extension 'colcon_core.shell.bat': Not used on non-Windows systems
[1.146s] INFO:colcon.colcon_core.shell:Creating environment hook '/home/st/py_ywfbot_ws/install/ui_pack/share/ui_pack/hook/ament_prefix_path.ps1'
[1.148s] INFO:colcon.colcon_core.shell:Creating environment descriptor '/home/st/py_ywfbot_ws/install/ui_pack/share/ui_pack/hook/ament_prefix_path.dsv'
[1.150s] INFO:colcon.colcon_core.shell:Creating environment hook '/home/st/py_ywfbot_ws/install/ui_pack/share/ui_pack/hook/ament_prefix_path.sh'
[1.153s] INFO:colcon.colcon_core.shell:Skip shell extension 'powershell' for command environment: Not usable outside of PowerShell
[1.153s] DEBUG:colcon.colcon_core.shell:Skip shell extension 'dsv' for command environment
[1.173s] INFO:colcon.colcon_ros.task.ament_python.build:Building ROS package in '/home/st/py_ywfbot_ws/src/user_func_implement' with build type 'ament_python'
[1.173s] Level 1:colcon.colcon_core.shell:create_environment_hook('user_func_implement', 'ament_prefix_path')
[1.174s] INFO:colcon.colcon_core.shell:Creating environment hook '/home/st/py_ywfbot_ws/install/user_func_implement/share/user_func_implement/hook/ament_prefix_path.ps1'
[1.177s] INFO:colcon.colcon_core.shell:Creating environment descriptor '/home/st/py_ywfbot_ws/install/user_func_implement/share/user_func_implement/hook/ament_prefix_path.dsv'
[1.178s] INFO:colcon.colcon_core.shell:Creating environment hook '/home/st/py_ywfbot_ws/install/user_func_implement/share/user_func_implement/hook/ament_prefix_path.sh'
[1.179s] INFO:colcon.colcon_core.shell:Skip shell extension 'powershell' for command environment: Not usable outside of PowerShell
[1.180s] DEBUG:colcon.colcon_core.shell:Skip shell extension 'dsv' for command environment
[2.159s] INFO:colcon.colcon_core.task.python.build:Building Python package in '/home/st/py_ywfbot_ws/src/ui_pack'
[2.160s] INFO:colcon.colcon_core.shell:Skip shell extension 'powershell' for command environment: Not usable outside of PowerShell
[2.160s] DEBUG:colcon.colcon_core.shell:Skip shell extension 'dsv' for command environment
[2.969s] INFO:colcon.colcon_core.task.python.build:Building Python package in '/home/st/py_ywfbot_ws/src/user_func_implement'
[2.970s] INFO:colcon.colcon_core.shell:Skip shell extension 'powershell' for command environment: Not usable outside of PowerShell
[2.971s] DEBUG:colcon.colcon_core.shell:Skip shell extension 'dsv' for command environment
[4.011s] DEBUG:colcon.colcon_core.event_handler.log_command:Invoking command in '/home/st/py_ywfbot_ws/src/user_func_implement': PYTHONPATH=/home/st/py_ywfbot_ws/build/user_func_implement/prefix_override:/usr/lib/python3/dist-packages/colcon_core/task/python/colcon_distutils_commands:/home/st/py_ywfbot_ws/install/user_func_implement/lib/python3.10/site-packages:${PYTHONPATH} /usr/bin/python3 -W ignore:setup.py install is deprecated -W ignore:easy_install command is deprecated setup.py egg_info --egg-base ../../build/user_func_implement build --build-base /home/st/py_ywfbot_ws/build/user_func_implement/build install --record /home/st/py_ywfbot_ws/build/user_func_implement/install.log --single-version-externally-managed install_data
[4.059s] DEBUG:colcon.colcon_core.event_handler.log_command:Invoking command in '/home/st/py_ywfbot_ws/src/ui_pack': PYTHONPATH=/home/st/py_ywfbot_ws/build/ui_pack/prefix_override:/usr/lib/python3/dist-packages/colcon_core/task/python/colcon_distutils_commands:/home/st/py_ywfbot_ws/install/ui_pack/lib/python3.10/site-packages:${PYTHONPATH} /usr/bin/python3 -W ignore:setup.py install is deprecated -W ignore:easy_install command is deprecated setup.py egg_info --egg-base ../../build/ui_pack build --build-base /home/st/py_ywfbot_ws/build/ui_pack/build install --record /home/st/py_ywfbot_ws/build/ui_pack/install.log --single-version-externally-managed install_data
[4.896s] DEBUG:colcon.colcon_core.event_handler.log_command:Invoked command in '/home/st/py_ywfbot_ws/src/ui_pack' returned '0': PYTHONPATH=/home/st/py_ywfbot_ws/build/ui_pack/prefix_override:/usr/lib/python3/dist-packages/colcon_core/task/python/colcon_distutils_commands:/home/st/py_ywfbot_ws/install/ui_pack/lib/python3.10/site-packages:${PYTHONPATH} /usr/bin/python3 -W ignore:setup.py install is deprecated -W ignore:easy_install command is deprecated setup.py egg_info --egg-base ../../build/ui_pack build --build-base /home/st/py_ywfbot_ws/build/ui_pack/build install --record /home/st/py_ywfbot_ws/build/ui_pack/install.log --single-version-externally-managed install_data
[4.903s] Level 1:colcon.colcon_core.environment:checking '/home/st/py_ywfbot_ws/install/ui_pack' for CMake module files
[4.905s] Level 1:colcon.colcon_core.environment:checking '/home/st/py_ywfbot_ws/install/ui_pack' for CMake config files
[4.907s] Level 1:colcon.colcon_core.environment:checking '/home/st/py_ywfbot_ws/install/ui_pack/lib'
[4.908s] Level 1:colcon.colcon_core.environment:checking '/home/st/py_ywfbot_ws/install/ui_pack/bin'
[4.908s] Level 1:colcon.colcon_core.environment:checking '/home/st/py_ywfbot_ws/install/ui_pack/lib/pkgconfig/ui_pack.pc'
[4.908s] Level 1:colcon.colcon_core.environment:checking '/home/st/py_ywfbot_ws/install/ui_pack/lib/python3.10/site-packages'
[4.909s] Level 1:colcon.colcon_core.shell:create_environment_hook('ui_pack', 'pythonpath')
[4.909s] INFO:colcon.colcon_core.shell:Creating environment hook '/home/st/py_ywfbot_ws/install/ui_pack/share/ui_pack/hook/pythonpath.ps1'
[4.910s] INFO:colcon.colcon_core.shell:Creating environment descriptor '/home/st/py_ywfbot_ws/install/ui_pack/share/ui_pack/hook/pythonpath.dsv'
[4.912s] INFO:colcon.colcon_core.shell:Creating environment hook '/home/st/py_ywfbot_ws/install/ui_pack/share/ui_pack/hook/pythonpath.sh'
[4.914s] Level 1:colcon.colcon_core.environment:checking '/home/st/py_ywfbot_ws/install/ui_pack/bin'
[4.914s] Level 1:colcon.colcon_core.environment:create_environment_scripts_only(ui_pack)
[4.915s] INFO:colcon.colcon_core.shell:Creating package script '/home/st/py_ywfbot_ws/install/ui_pack/share/ui_pack/package.ps1'
[4.917s] INFO:colcon.colcon_core.shell:Creating package descriptor '/home/st/py_ywfbot_ws/install/ui_pack/share/ui_pack/package.dsv'
[4.919s] INFO:colcon.colcon_core.shell:Creating package script '/home/st/py_ywfbot_ws/install/ui_pack/share/ui_pack/package.sh'
[4.922s] INFO:colcon.colcon_core.shell:Creating package script '/home/st/py_ywfbot_ws/install/ui_pack/share/ui_pack/package.bash'
[4.924s] INFO:colcon.colcon_core.shell:Creating package script '/home/st/py_ywfbot_ws/install/ui_pack/share/ui_pack/package.zsh'
[4.925s] Level 1:colcon.colcon_core.environment:create_file_with_runtime_dependencies(/home/st/py_ywfbot_ws/install/ui_pack/share/colcon-core/packages/ui_pack)
[4.930s] Level 1:colcon.colcon_core.environment:checking '/home/st/py_ywfbot_ws/install/user_func_implement' for CMake module files
[4.932s] DEBUG:colcon.colcon_core.event_handler.log_command:Invoked command in '/home/st/py_ywfbot_ws/src/user_func_implement' returned '0': PYTHONPATH=/home/st/py_ywfbot_ws/build/user_func_implement/prefix_override:/usr/lib/python3/dist-packages/colcon_core/task/python/colcon_distutils_commands:/home/st/py_ywfbot_ws/install/user_func_implement/lib/python3.10/site-packages:${PYTHONPATH} /usr/bin/python3 -W ignore:setup.py install is deprecated -W ignore:easy_install command is deprecated setup.py egg_info --egg-base ../../build/user_func_implement build --build-base /home/st/py_ywfbot_ws/build/user_func_implement/build install --record /home/st/py_ywfbot_ws/build/user_func_implement/install.log --single-version-externally-managed install_data
[4.933s] Level 1:colcon.colcon_core.environment:checking '/home/st/py_ywfbot_ws/install/user_func_implement' for CMake config files
[4.934s] Level 1:colcon.colcon_core.environment:checking '/home/st/py_ywfbot_ws/install/user_func_implement/lib'
[4.935s] Level 1:colcon.colcon_core.environment:checking '/home/st/py_ywfbot_ws/install/user_func_implement/bin'
[4.935s] Level 1:colcon.colcon_core.environment:checking '/home/st/py_ywfbot_ws/install/user_func_implement/lib/pkgconfig/user_func_implement.pc'
[4.935s] Level 1:colcon.colcon_core.environment:checking '/home/st/py_ywfbot_ws/install/user_func_implement/lib/python3.10/site-packages'
[4.935s] Level 1:colcon.colcon_core.shell:create_environment_hook('user_func_implement', 'pythonpath')
[4.936s] INFO:colcon.colcon_core.shell:Creating environment hook '/home/st/py_ywfbot_ws/install/user_func_implement/share/user_func_implement/hook/pythonpath.ps1'
[4.938s] INFO:colcon.colcon_core.shell:Creating environment descriptor '/home/st/py_ywfbot_ws/install/user_func_implement/share/user_func_implement/hook/pythonpath.dsv'
[4.939s] INFO:colcon.colcon_core.shell:Creating environment hook '/home/st/py_ywfbot_ws/install/user_func_implement/share/user_func_implement/hook/pythonpath.sh'
[4.940s] Level 1:colcon.colcon_core.environment:checking '/home/st/py_ywfbot_ws/install/user_func_implement/bin'
[4.941s] Level 1:colcon.colcon_core.environment:create_environment_scripts_only(user_func_implement)
[4.941s] INFO:colcon.colcon_core.shell:Creating package script '/home/st/py_ywfbot_ws/install/user_func_implement/share/user_func_implement/package.ps1'
[4.943s] INFO:colcon.colcon_core.shell:Creating package descriptor '/home/st/py_ywfbot_ws/install/user_func_implement/share/user_func_implement/package.dsv'
[4.946s] INFO:colcon.colcon_core.shell:Creating package script '/home/st/py_ywfbot_ws/install/user_func_implement/share/user_func_implement/package.sh'
[4.947s] INFO:colcon.colcon_core.shell:Creating package script '/home/st/py_ywfbot_ws/install/user_func_implement/share/user_func_implement/package.bash'
[4.950s] INFO:colcon.colcon_core.shell:Creating package script '/home/st/py_ywfbot_ws/install/user_func_implement/share/user_func_implement/package.zsh'
[4.951s] Level 1:colcon.colcon_core.environment:create_file_with_runtime_dependencies(/home/st/py_ywfbot_ws/install/user_func_implement/share/colcon-core/packages/user_func_implement)
[4.952s] DEBUG:colcon.colcon_parallel_executor.executor.parallel:closing loop
[4.954s] DEBUG:colcon.colcon_parallel_executor.executor.parallel:loop closed
[4.955s] DEBUG:colcon.colcon_parallel_executor.executor.parallel:run_until_complete finished with '0'
[4.955s] DEBUG:colcon.colcon_core.event_reactor:joining thread
[4.967s] INFO:colcon.colcon_core.plugin_system:Skipping extension 'colcon_notification.desktop_notification.terminal_notifier': Not used on non-Darwin systems
[4.967s] INFO:colcon.colcon_core.plugin_system:Skipping extension 'colcon_notification.desktop_notification.win32': Not used on non-Windows systems
[4.967s] INFO:colcon.colcon_notification.desktop_notification:Sending desktop notification using 'notify2'
[5.001s] DEBUG:colcon.colcon_core.event_reactor:joined thread
[5.002s] INFO:colcon.colcon_core.shell:Creating prefix script '/home/st/py_ywfbot_ws/install/local_setup.ps1'
[5.004s] INFO:colcon.colcon_core.shell:Creating prefix util module '/home/st/py_ywfbot_ws/install/_local_setup_util_ps1.py'
[5.007s] INFO:colcon.colcon_core.shell:Creating prefix chain script '/home/st/py_ywfbot_ws/install/setup.ps1'
[5.012s] INFO:colcon.colcon_core.shell:Creating prefix script '/home/st/py_ywfbot_ws/install/local_setup.sh'
[5.013s] INFO:colcon.colcon_core.shell:Creating prefix util module '/home/st/py_ywfbot_ws/install/_local_setup_util_sh.py'
[5.014s] INFO:colcon.colcon_core.shell:Creating prefix chain script '/home/st/py_ywfbot_ws/install/setup.sh'
[5.036s] INFO:colcon.colcon_core.shell:Creating prefix script '/home/st/py_ywfbot_ws/install/local_setup.bash'
[5.037s] INFO:colcon.colcon_core.shell:Creating prefix chain script '/home/st/py_ywfbot_ws/install/setup.bash'
[5.050s] INFO:colcon.colcon_core.shell:Creating prefix script '/home/st/py_ywfbot_ws/install/local_setup.zsh'
[5.052s] INFO:colcon.colcon_core.shell:Creating prefix chain script '/home/st/py_ywfbot_ws/install/setup.zsh'
