[0.614s] DEBUG:colcon:Command line arguments: ['/usr/bin/colcon', 'build']
[0.615s] DEBUG:colcon:Parsed command line arguments: Namespace(log_base=None, log_level=None, verb_name='build', build_base='build', install_base='install', merge_install=False, symlink_install=False, test_result_base=None, continue_on_error=False, executor='parallel', parallel_workers=16, event_handlers=None, ignore_user_meta=False, metas=['./colcon.meta'], base_paths=['.'], packages_ignore=None, packages_ignore_regex=None, paths=None, packages_up_to=None, packages_up_to_regex=None, packages_above=None, packages_above_and_dependencies=None, packages_above_depth=None, packages_select_by_dep=None, packages_skip_by_dep=None, packages_skip_up_to=None, packages_select_build_failed=False, packages_skip_build_finished=False, packages_select_test_failures=False, packages_skip_test_passed=False, packages_select=None, packages_skip=None, packages_select_regex=None, packages_skip_regex=None, packages_start=None, packages_end=None, allow_overriding=[], cmake_args=None, cmake_target=None, cmake_target_skip_unavailable=False, cmake_clean_cache=False, cmake_clean_first=False, cmake_force_configure=False, ament_cmake_args=None, catkin_cmake_args=None, catkin_skip_building_tests=False, mixin_files=None, mixin=None, verb_parser=<colcon_mixin.mixin.mixin_argument.MixinArgumentDecorator object at 0x7d37e5dec2b0>, verb_extension=<colcon_core.verb.build.BuildVerb object at 0x7d37e5f811b0>, main=<bound method BuildVerb.main of <colcon_core.verb.build.BuildVerb object at 0x7d37e5f811b0>>, mixin_verb=('build',))
[1.101s] Level 1:colcon.colcon_core.package_discovery:discover_packages(colcon_meta) check parameters
[1.101s] Level 1:colcon.colcon_core.package_discovery:discover_packages(recursive) check parameters
[1.101s] Level 1:colcon.colcon_core.package_discovery:discover_packages(ignore) check parameters
[1.101s] Level 1:colcon.colcon_core.package_discovery:discover_packages(path) check parameters
[1.101s] Level 1:colcon.colcon_core.package_discovery:discover_packages(colcon_meta) discover
[1.102s] Level 1:colcon.colcon_core.package_discovery:discover_packages(recursive) discover
[1.102s] INFO:colcon.colcon_core.package_discovery:Crawling recursively for packages in '/home/st/py_ywfbot_ws'
[1.102s] Level 1:colcon.colcon_core.package_identification:_identify(.) by extensions ['ignore', 'ignore_ament_install']
[1.102s] Level 1:colcon.colcon_core.package_identification:_identify(.) by extension 'ignore'
[1.102s] Level 1:colcon.colcon_core.package_identification:_identify(.) by extension 'ignore_ament_install'
[1.102s] Level 1:colcon.colcon_core.package_identification:_identify(.) by extensions ['colcon_pkg']
[1.103s] Level 1:colcon.colcon_core.package_identification:_identify(.) by extension 'colcon_pkg'
[1.103s] Level 1:colcon.colcon_core.package_identification:_identify(.) by extensions ['colcon_meta']
[1.103s] Level 1:colcon.colcon_core.package_identification:_identify(.) by extension 'colcon_meta'
[1.103s] Level 1:colcon.colcon_core.package_identification:_identify(.) by extensions ['ros']
[1.103s] Level 1:colcon.colcon_core.package_identification:_identify(.) by extension 'ros'
[1.146s] Level 1:colcon.colcon_core.package_identification:_identify(.) by extensions ['cmake', 'python']
[1.147s] Level 1:colcon.colcon_core.package_identification:_identify(.) by extension 'cmake'
[1.147s] Level 1:colcon.colcon_core.package_identification:_identify(.) by extension 'python'
[1.148s] Level 1:colcon.colcon_core.package_identification:_identify(.) by extensions ['python_setup_py']
[1.148s] Level 1:colcon.colcon_core.package_identification:_identify(.) by extension 'python_setup_py'
[1.148s] Level 1:colcon.colcon_core.package_identification:_identify(build) by extensions ['ignore', 'ignore_ament_install']
[1.148s] Level 1:colcon.colcon_core.package_identification:_identify(build) by extension 'ignore'
[1.149s] Level 1:colcon.colcon_core.package_identification:_identify(build) ignored
[1.149s] Level 1:colcon.colcon_core.package_identification:_identify(install) by extensions ['ignore', 'ignore_ament_install']
[1.149s] Level 1:colcon.colcon_core.package_identification:_identify(install) by extension 'ignore'
[1.149s] Level 1:colcon.colcon_core.package_identification:_identify(install) ignored
[1.149s] Level 1:colcon.colcon_core.package_identification:_identify(log) by extensions ['ignore', 'ignore_ament_install']
[1.150s] Level 1:colcon.colcon_core.package_identification:_identify(log) by extension 'ignore'
[1.150s] Level 1:colcon.colcon_core.package_identification:_identify(log) ignored
[1.150s] Level 1:colcon.colcon_core.package_identification:_identify(src) by extensions ['ignore', 'ignore_ament_install']
[1.150s] Level 1:colcon.colcon_core.package_identification:_identify(src) by extension 'ignore'
[1.150s] Level 1:colcon.colcon_core.package_identification:_identify(src) by extension 'ignore_ament_install'
[1.150s] Level 1:colcon.colcon_core.package_identification:_identify(src) by extensions ['colcon_pkg']
[1.150s] Level 1:colcon.colcon_core.package_identification:_identify(src) by extension 'colcon_pkg'
[1.150s] Level 1:colcon.colcon_core.package_identification:_identify(src) by extensions ['colcon_meta']
[1.151s] Level 1:colcon.colcon_core.package_identification:_identify(src) by extension 'colcon_meta'
[1.151s] Level 1:colcon.colcon_core.package_identification:_identify(src) by extensions ['ros']
[1.151s] Level 1:colcon.colcon_core.package_identification:_identify(src) by extension 'ros'
[1.151s] Level 1:colcon.colcon_core.package_identification:_identify(src) by extensions ['cmake', 'python']
[1.151s] Level 1:colcon.colcon_core.package_identification:_identify(src) by extension 'cmake'
[1.151s] Level 1:colcon.colcon_core.package_identification:_identify(src) by extension 'python'
[1.151s] Level 1:colcon.colcon_core.package_identification:_identify(src) by extensions ['python_setup_py']
[1.151s] Level 1:colcon.colcon_core.package_identification:_identify(src) by extension 'python_setup_py'
[1.151s] Level 1:colcon.colcon_core.package_identification:_identify(src/ui_pack) by extensions ['ignore', 'ignore_ament_install']
[1.152s] Level 1:colcon.colcon_core.package_identification:_identify(src/ui_pack) by extension 'ignore'
[1.152s] Level 1:colcon.colcon_core.package_identification:_identify(src/ui_pack) by extension 'ignore_ament_install'
[1.152s] Level 1:colcon.colcon_core.package_identification:_identify(src/ui_pack) by extensions ['colcon_pkg']
[1.152s] Level 1:colcon.colcon_core.package_identification:_identify(src/ui_pack) by extension 'colcon_pkg'
[1.152s] Level 1:colcon.colcon_core.package_identification:_identify(src/ui_pack) by extensions ['colcon_meta']
[1.152s] Level 1:colcon.colcon_core.package_identification:_identify(src/ui_pack) by extension 'colcon_meta'
[1.153s] Level 1:colcon.colcon_core.package_identification:_identify(src/ui_pack) by extensions ['ros']
[1.153s] Level 1:colcon.colcon_core.package_identification:_identify(src/ui_pack) by extension 'ros'
[1.165s] DEBUG:colcon.colcon_core.package_identification:Package 'src/ui_pack' with type 'ros.ament_python' and name 'ui_pack'
[1.166s] Level 1:colcon.colcon_core.package_identification:_identify(src/user_func_implement) by extensions ['ignore', 'ignore_ament_install']
[1.167s] Level 1:colcon.colcon_core.package_identification:_identify(src/user_func_implement) by extension 'ignore'
[1.167s] Level 1:colcon.colcon_core.package_identification:_identify(src/user_func_implement) by extension 'ignore_ament_install'
[1.169s] Level 1:colcon.colcon_core.package_identification:_identify(src/user_func_implement) by extensions ['colcon_pkg']
[1.169s] Level 1:colcon.colcon_core.package_identification:_identify(src/user_func_implement) by extension 'colcon_pkg'
[1.170s] Level 1:colcon.colcon_core.package_identification:_identify(src/user_func_implement) by extensions ['colcon_meta']
[1.170s] Level 1:colcon.colcon_core.package_identification:_identify(src/user_func_implement) by extension 'colcon_meta'
[1.170s] Level 1:colcon.colcon_core.package_identification:_identify(src/user_func_implement) by extensions ['ros']
[1.170s] Level 1:colcon.colcon_core.package_identification:_identify(src/user_func_implement) by extension 'ros'
[1.174s] DEBUG:colcon.colcon_core.package_identification:Package 'src/user_func_implement' with type 'ros.ament_python' and name 'user_func_implement'
[1.174s] Level 1:colcon.colcon_core.package_discovery:discover_packages(recursive) using defaults
[1.174s] Level 1:colcon.colcon_core.package_discovery:discover_packages(ignore) discover
[1.174s] Level 1:colcon.colcon_core.package_discovery:discover_packages(ignore) using defaults
[1.174s] Level 1:colcon.colcon_core.package_discovery:discover_packages(path) discover
[1.174s] Level 1:colcon.colcon_core.package_discovery:discover_packages(path) using defaults
[1.257s] Level 1:colcon.colcon_core.package_discovery:discover_packages(prefix_path) check parameters
[1.257s] Level 1:colcon.colcon_core.package_discovery:discover_packages(prefix_path) discover
[1.270s] DEBUG:colcon.colcon_installed_package_information.package_discovery:Found 6 installed packages in /home/st/ywfBot_ws/install
[1.275s] DEBUG:colcon.colcon_installed_package_information.package_discovery:Found 55 installed packages in /home/st/moveit2_humble_ws/install
[1.279s] DEBUG:colcon.colcon_installed_package_information.package_discovery:Found 313 installed packages in /opt/ros/humble
[1.283s] Level 1:colcon.colcon_core.package_discovery:discover_packages(prefix_path) using defaults
[1.490s] Level 5:colcon.colcon_core.verb:set package 'ui_pack' build argument 'cmake_args' from command line to 'None'
[1.490s] Level 5:colcon.colcon_core.verb:set package 'ui_pack' build argument 'cmake_target' from command line to 'None'
[1.490s] Level 5:colcon.colcon_core.verb:set package 'ui_pack' build argument 'cmake_target_skip_unavailable' from command line to 'False'
[1.490s] Level 5:colcon.colcon_core.verb:set package 'ui_pack' build argument 'cmake_clean_cache' from command line to 'False'
[1.490s] Level 5:colcon.colcon_core.verb:set package 'ui_pack' build argument 'cmake_clean_first' from command line to 'False'
[1.490s] Level 5:colcon.colcon_core.verb:set package 'ui_pack' build argument 'cmake_force_configure' from command line to 'False'
[1.490s] Level 5:colcon.colcon_core.verb:set package 'ui_pack' build argument 'ament_cmake_args' from command line to 'None'
[1.490s] Level 5:colcon.colcon_core.verb:set package 'ui_pack' build argument 'catkin_cmake_args' from command line to 'None'
[1.490s] Level 5:colcon.colcon_core.verb:set package 'ui_pack' build argument 'catkin_skip_building_tests' from command line to 'False'
[1.491s] DEBUG:colcon.colcon_core.verb:Building package 'ui_pack' with the following arguments: {'ament_cmake_args': None, 'build_base': '/home/st/py_ywfbot_ws/build/ui_pack', 'catkin_cmake_args': None, 'catkin_skip_building_tests': False, 'cmake_args': None, 'cmake_clean_cache': False, 'cmake_clean_first': False, 'cmake_force_configure': False, 'cmake_target': None, 'cmake_target_skip_unavailable': False, 'install_base': '/home/st/py_ywfbot_ws/install/ui_pack', 'merge_install': False, 'path': '/home/st/py_ywfbot_ws/src/ui_pack', 'symlink_install': False, 'test_result_base': None}
[1.491s] Level 5:colcon.colcon_core.verb:set package 'user_func_implement' build argument 'cmake_args' from command line to 'None'
[1.491s] Level 5:colcon.colcon_core.verb:set package 'user_func_implement' build argument 'cmake_target' from command line to 'None'
[1.491s] Level 5:colcon.colcon_core.verb:set package 'user_func_implement' build argument 'cmake_target_skip_unavailable' from command line to 'False'
[1.492s] Level 5:colcon.colcon_core.verb:set package 'user_func_implement' build argument 'cmake_clean_cache' from command line to 'False'
[1.492s] Level 5:colcon.colcon_core.verb:set package 'user_func_implement' build argument 'cmake_clean_first' from command line to 'False'
[1.492s] Level 5:colcon.colcon_core.verb:set package 'user_func_implement' build argument 'cmake_force_configure' from command line to 'False'
[1.492s] Level 5:colcon.colcon_core.verb:set package 'user_func_implement' build argument 'ament_cmake_args' from command line to 'None'
[1.492s] Level 5:colcon.colcon_core.verb:set package 'user_func_implement' build argument 'catkin_cmake_args' from command line to 'None'
[1.492s] Level 5:colcon.colcon_core.verb:set package 'user_func_implement' build argument 'catkin_skip_building_tests' from command line to 'False'
[1.492s] DEBUG:colcon.colcon_core.verb:Building package 'user_func_implement' with the following arguments: {'ament_cmake_args': None, 'build_base': '/home/st/py_ywfbot_ws/build/user_func_implement', 'catkin_cmake_args': None, 'catkin_skip_building_tests': False, 'cmake_args': None, 'cmake_clean_cache': False, 'cmake_clean_first': False, 'cmake_force_configure': False, 'cmake_target': None, 'cmake_target_skip_unavailable': False, 'install_base': '/home/st/py_ywfbot_ws/install/user_func_implement', 'merge_install': False, 'path': '/home/st/py_ywfbot_ws/src/user_func_implement', 'symlink_install': False, 'test_result_base': None}
[1.492s] INFO:colcon.colcon_core.executor:Executing jobs using 'parallel' executor
[1.496s] DEBUG:colcon.colcon_parallel_executor.executor.parallel:run_until_complete
[1.497s] INFO:colcon.colcon_ros.task.ament_python.build:Building ROS package in '/home/st/py_ywfbot_ws/src/ui_pack' with build type 'ament_python'
[1.498s] Level 1:colcon.colcon_core.shell:create_environment_hook('ui_pack', 'ament_prefix_path')
[1.515s] INFO:colcon.colcon_core.plugin_system:Skipping extension 'colcon_core.shell.bat': Not used on non-Windows systems
[1.515s] INFO:colcon.colcon_core.shell:Creating environment hook '/home/st/py_ywfbot_ws/install/ui_pack/share/ui_pack/hook/ament_prefix_path.ps1'
[1.518s] INFO:colcon.colcon_core.shell:Creating environment descriptor '/home/st/py_ywfbot_ws/install/ui_pack/share/ui_pack/hook/ament_prefix_path.dsv'
[1.520s] INFO:colcon.colcon_core.shell:Creating environment hook '/home/st/py_ywfbot_ws/install/ui_pack/share/ui_pack/hook/ament_prefix_path.sh'
[1.523s] INFO:colcon.colcon_core.shell:Skip shell extension 'powershell' for command environment: Not usable outside of PowerShell
[1.523s] DEBUG:colcon.colcon_core.shell:Skip shell extension 'dsv' for command environment
[1.543s] INFO:colcon.colcon_ros.task.ament_python.build:Building ROS package in '/home/st/py_ywfbot_ws/src/user_func_implement' with build type 'ament_python'
[1.543s] Level 1:colcon.colcon_core.shell:create_environment_hook('user_func_implement', 'ament_prefix_path')
[1.544s] INFO:colcon.colcon_core.shell:Creating environment hook '/home/st/py_ywfbot_ws/install/user_func_implement/share/user_func_implement/hook/ament_prefix_path.ps1'
[1.545s] INFO:colcon.colcon_core.shell:Creating environment descriptor '/home/st/py_ywfbot_ws/install/user_func_implement/share/user_func_implement/hook/ament_prefix_path.dsv'
[1.546s] INFO:colcon.colcon_core.shell:Creating environment hook '/home/st/py_ywfbot_ws/install/user_func_implement/share/user_func_implement/hook/ament_prefix_path.sh'
[1.547s] INFO:colcon.colcon_core.shell:Skip shell extension 'powershell' for command environment: Not usable outside of PowerShell
[1.547s] DEBUG:colcon.colcon_core.shell:Skip shell extension 'dsv' for command environment
[2.576s] INFO:colcon.colcon_core.task.python.build:Building Python package in '/home/st/py_ywfbot_ws/src/ui_pack'
[2.577s] INFO:colcon.colcon_core.shell:Skip shell extension 'powershell' for command environment: Not usable outside of PowerShell
[2.577s] DEBUG:colcon.colcon_core.shell:Skip shell extension 'dsv' for command environment
[3.404s] INFO:colcon.colcon_core.task.python.build:Building Python package in '/home/st/py_ywfbot_ws/src/user_func_implement'
[3.405s] INFO:colcon.colcon_core.shell:Skip shell extension 'powershell' for command environment: Not usable outside of PowerShell
[3.405s] DEBUG:colcon.colcon_core.shell:Skip shell extension 'dsv' for command environment
[4.681s] DEBUG:colcon.colcon_core.event_handler.log_command:Invoking command in '/home/st/py_ywfbot_ws/src/ui_pack': PYTHONPATH=/home/st/py_ywfbot_ws/build/ui_pack/prefix_override:/usr/lib/python3/dist-packages/colcon_core/task/python/colcon_distutils_commands:/home/st/py_ywfbot_ws/install/ui_pack/lib/python3.10/site-packages:${PYTHONPATH} /usr/bin/python3 -W ignore:setup.py install is deprecated -W ignore:easy_install command is deprecated setup.py egg_info --egg-base ../../build/ui_pack build --build-base /home/st/py_ywfbot_ws/build/ui_pack/build install --record /home/st/py_ywfbot_ws/build/ui_pack/install.log --single-version-externally-managed install_data
[4.709s] DEBUG:colcon.colcon_core.event_handler.log_command:Invoking command in '/home/st/py_ywfbot_ws/src/user_func_implement': PYTHONPATH=/home/st/py_ywfbot_ws/build/user_func_implement/prefix_override:/usr/lib/python3/dist-packages/colcon_core/task/python/colcon_distutils_commands:/home/st/py_ywfbot_ws/install/user_func_implement/lib/python3.10/site-packages:${PYTHONPATH} /usr/bin/python3 -W ignore:setup.py install is deprecated -W ignore:easy_install command is deprecated setup.py egg_info --egg-base ../../build/user_func_implement build --build-base /home/st/py_ywfbot_ws/build/user_func_implement/build install --record /home/st/py_ywfbot_ws/build/user_func_implement/install.log --single-version-externally-managed install_data
[5.505s] DEBUG:colcon.colcon_core.event_handler.log_command:Invoked command in '/home/st/py_ywfbot_ws/src/ui_pack' returned '0': PYTHONPATH=/home/st/py_ywfbot_ws/build/ui_pack/prefix_override:/usr/lib/python3/dist-packages/colcon_core/task/python/colcon_distutils_commands:/home/st/py_ywfbot_ws/install/ui_pack/lib/python3.10/site-packages:${PYTHONPATH} /usr/bin/python3 -W ignore:setup.py install is deprecated -W ignore:easy_install command is deprecated setup.py egg_info --egg-base ../../build/ui_pack build --build-base /home/st/py_ywfbot_ws/build/ui_pack/build install --record /home/st/py_ywfbot_ws/build/ui_pack/install.log --single-version-externally-managed install_data
[5.518s] Level 1:colcon.colcon_core.environment:checking '/home/st/py_ywfbot_ws/install/ui_pack' for CMake module files
[5.519s] Level 1:colcon.colcon_core.environment:checking '/home/st/py_ywfbot_ws/install/ui_pack' for CMake config files
[5.521s] Level 1:colcon.colcon_core.environment:checking '/home/st/py_ywfbot_ws/install/ui_pack/lib'
[5.521s] Level 1:colcon.colcon_core.environment:checking '/home/st/py_ywfbot_ws/install/ui_pack/bin'
[5.522s] Level 1:colcon.colcon_core.environment:checking '/home/st/py_ywfbot_ws/install/ui_pack/lib/pkgconfig/ui_pack.pc'
[5.522s] Level 1:colcon.colcon_core.environment:checking '/home/st/py_ywfbot_ws/install/ui_pack/lib/python3.10/site-packages'
[5.523s] Level 1:colcon.colcon_core.shell:create_environment_hook('ui_pack', 'pythonpath')
[5.523s] INFO:colcon.colcon_core.shell:Creating environment hook '/home/st/py_ywfbot_ws/install/ui_pack/share/ui_pack/hook/pythonpath.ps1'
[5.524s] INFO:colcon.colcon_core.shell:Creating environment descriptor '/home/st/py_ywfbot_ws/install/ui_pack/share/ui_pack/hook/pythonpath.dsv'
[5.525s] INFO:colcon.colcon_core.shell:Creating environment hook '/home/st/py_ywfbot_ws/install/ui_pack/share/ui_pack/hook/pythonpath.sh'
[5.527s] Level 1:colcon.colcon_core.environment:checking '/home/st/py_ywfbot_ws/install/ui_pack/bin'
[5.527s] Level 1:colcon.colcon_core.environment:create_environment_scripts_only(ui_pack)
[5.527s] INFO:colcon.colcon_core.shell:Creating package script '/home/st/py_ywfbot_ws/install/ui_pack/share/ui_pack/package.ps1'
[5.531s] INFO:colcon.colcon_core.shell:Creating package descriptor '/home/st/py_ywfbot_ws/install/ui_pack/share/ui_pack/package.dsv'
[5.533s] INFO:colcon.colcon_core.shell:Creating package script '/home/st/py_ywfbot_ws/install/ui_pack/share/ui_pack/package.sh'
[5.536s] INFO:colcon.colcon_core.shell:Creating package script '/home/st/py_ywfbot_ws/install/ui_pack/share/ui_pack/package.bash'
[5.551s] INFO:colcon.colcon_core.shell:Creating package script '/home/st/py_ywfbot_ws/install/ui_pack/share/ui_pack/package.zsh'
[5.554s] Level 1:colcon.colcon_core.environment:create_file_with_runtime_dependencies(/home/st/py_ywfbot_ws/install/ui_pack/share/colcon-core/packages/ui_pack)
[5.645s] Level 1:colcon.colcon_core.environment:checking '/home/st/py_ywfbot_ws/install/user_func_implement' for CMake module files
[5.646s] DEBUG:colcon.colcon_core.event_handler.log_command:Invoked command in '/home/st/py_ywfbot_ws/src/user_func_implement' returned '0': PYTHONPATH=/home/st/py_ywfbot_ws/build/user_func_implement/prefix_override:/usr/lib/python3/dist-packages/colcon_core/task/python/colcon_distutils_commands:/home/st/py_ywfbot_ws/install/user_func_implement/lib/python3.10/site-packages:${PYTHONPATH} /usr/bin/python3 -W ignore:setup.py install is deprecated -W ignore:easy_install command is deprecated setup.py egg_info --egg-base ../../build/user_func_implement build --build-base /home/st/py_ywfbot_ws/build/user_func_implement/build install --record /home/st/py_ywfbot_ws/build/user_func_implement/install.log --single-version-externally-managed install_data
[5.647s] Level 1:colcon.colcon_core.environment:checking '/home/st/py_ywfbot_ws/install/user_func_implement' for CMake config files
[5.649s] Level 1:colcon.colcon_core.environment:checking '/home/st/py_ywfbot_ws/install/user_func_implement/lib'
[5.649s] Level 1:colcon.colcon_core.environment:checking '/home/st/py_ywfbot_ws/install/user_func_implement/bin'
[5.650s] Level 1:colcon.colcon_core.environment:checking '/home/st/py_ywfbot_ws/install/user_func_implement/lib/pkgconfig/user_func_implement.pc'
[5.650s] Level 1:colcon.colcon_core.environment:checking '/home/st/py_ywfbot_ws/install/user_func_implement/lib/python3.10/site-packages'
[5.650s] Level 1:colcon.colcon_core.shell:create_environment_hook('user_func_implement', 'pythonpath')
[5.651s] INFO:colcon.colcon_core.shell:Creating environment hook '/home/st/py_ywfbot_ws/install/user_func_implement/share/user_func_implement/hook/pythonpath.ps1'
[5.652s] INFO:colcon.colcon_core.shell:Creating environment descriptor '/home/st/py_ywfbot_ws/install/user_func_implement/share/user_func_implement/hook/pythonpath.dsv'
[5.653s] INFO:colcon.colcon_core.shell:Creating environment hook '/home/st/py_ywfbot_ws/install/user_func_implement/share/user_func_implement/hook/pythonpath.sh'
[5.655s] Level 1:colcon.colcon_core.environment:checking '/home/st/py_ywfbot_ws/install/user_func_implement/bin'
[5.655s] Level 1:colcon.colcon_core.environment:create_environment_scripts_only(user_func_implement)
[5.656s] INFO:colcon.colcon_core.shell:Creating package script '/home/st/py_ywfbot_ws/install/user_func_implement/share/user_func_implement/package.ps1'
[5.657s] INFO:colcon.colcon_core.shell:Creating package descriptor '/home/st/py_ywfbot_ws/install/user_func_implement/share/user_func_implement/package.dsv'
[5.658s] INFO:colcon.colcon_core.shell:Creating package script '/home/st/py_ywfbot_ws/install/user_func_implement/share/user_func_implement/package.sh'
[5.660s] INFO:colcon.colcon_core.shell:Creating package script '/home/st/py_ywfbot_ws/install/user_func_implement/share/user_func_implement/package.bash'
[5.661s] INFO:colcon.colcon_core.shell:Creating package script '/home/st/py_ywfbot_ws/install/user_func_implement/share/user_func_implement/package.zsh'
[5.662s] Level 1:colcon.colcon_core.environment:create_file_with_runtime_dependencies(/home/st/py_ywfbot_ws/install/user_func_implement/share/colcon-core/packages/user_func_implement)
[5.662s] DEBUG:colcon.colcon_parallel_executor.executor.parallel:closing loop
[5.662s] DEBUG:colcon.colcon_parallel_executor.executor.parallel:loop closed
[5.663s] DEBUG:colcon.colcon_parallel_executor.executor.parallel:run_until_complete finished with '0'
[5.663s] DEBUG:colcon.colcon_core.event_reactor:joining thread
[5.685s] INFO:colcon.colcon_core.plugin_system:Skipping extension 'colcon_notification.desktop_notification.terminal_notifier': Not used on non-Darwin systems
[5.686s] INFO:colcon.colcon_core.plugin_system:Skipping extension 'colcon_notification.desktop_notification.win32': Not used on non-Windows systems
[5.686s] INFO:colcon.colcon_notification.desktop_notification:Sending desktop notification using 'notify2'
[5.813s] DEBUG:colcon.colcon_core.event_reactor:joined thread
[5.816s] INFO:colcon.colcon_core.shell:Creating prefix script '/home/st/py_ywfbot_ws/install/local_setup.ps1'
[5.820s] INFO:colcon.colcon_core.shell:Creating prefix util module '/home/st/py_ywfbot_ws/install/_local_setup_util_ps1.py'
[5.824s] INFO:colcon.colcon_core.shell:Creating prefix chain script '/home/st/py_ywfbot_ws/install/setup.ps1'
[5.832s] INFO:colcon.colcon_core.shell:Creating prefix script '/home/st/py_ywfbot_ws/install/local_setup.sh'
[5.833s] INFO:colcon.colcon_core.shell:Creating prefix util module '/home/st/py_ywfbot_ws/install/_local_setup_util_sh.py'
[5.834s] INFO:colcon.colcon_core.shell:Creating prefix chain script '/home/st/py_ywfbot_ws/install/setup.sh'
[5.839s] INFO:colcon.colcon_core.shell:Creating prefix script '/home/st/py_ywfbot_ws/install/local_setup.bash'
[5.847s] INFO:colcon.colcon_core.shell:Creating prefix chain script '/home/st/py_ywfbot_ws/install/setup.bash'
[5.859s] INFO:colcon.colcon_core.shell:Creating prefix script '/home/st/py_ywfbot_ws/install/local_setup.zsh'
[5.862s] INFO:colcon.colcon_core.shell:Creating prefix chain script '/home/st/py_ywfbot_ws/install/setup.zsh'
