[3.037s] Invoking command in '/home/st/py_ywfbot_ws_v1.1/src/ui_pack': PYTHONPATH=/home/st/py_ywfbot_ws_v1.1/build/ui_pack/prefix_override:/usr/lib/python3/dist-packages/colcon_core/task/python/colcon_distutils_commands:/home/st/py_ywfbot_ws_v1.1/install/ui_pack/lib/python3.10/site-packages:${PYTHONPATH} /usr/bin/python3 -W ignore:setup.py install is deprecated -W ignore:easy_install command is deprecated setup.py egg_info --egg-base ../../build/ui_pack build --build-base /home/st/py_ywfbot_ws_v1.1/build/ui_pack/build install --record /home/st/py_ywfbot_ws_v1.1/build/ui_pack/install.log --single-version-externally-managed install_data
[3.863s] running egg_info
[3.863s] writing ../../build/ui_pack/ui_pack.egg-info/PKG-INFO
[3.863s] writing dependency_links to ../../build/ui_pack/ui_pack.egg-info/dependency_links.txt
[3.863s] writing entry points to ../../build/ui_pack/ui_pack.egg-info/entry_points.txt
[3.863s] writing requirements to ../../build/ui_pack/ui_pack.egg-info/requires.txt
[3.864s] writing top-level names to ../../build/ui_pack/ui_pack.egg-info/top_level.txt
[3.864s] reading manifest file '../../build/ui_pack/ui_pack.egg-info/SOURCES.txt'
[3.871s] adding license file 'LICENSE'
[3.874s] writing manifest file '../../build/ui_pack/ui_pack.egg-info/SOURCES.txt'
[3.874s] running build
[3.875s] running build_py
[3.875s] copying ui_pack/ui_main.py -> /home/st/py_ywfbot_ws_v1.1/build/ui_pack/build/lib/ui_pack
[3.875s] copying ui_pack/GUI.py -> /home/st/py_ywfbot_ws_v1.1/build/ui_pack/build/lib/ui_pack
[3.906s] running install
[3.907s] running install_lib
[3.907s] copying /home/st/py_ywfbot_ws_v1.1/build/ui_pack/build/lib/ui_pack/ui_main.py -> /home/st/py_ywfbot_ws_v1.1/install/ui_pack/lib/python3.10/site-packages/ui_pack
[3.907s] copying /home/st/py_ywfbot_ws_v1.1/build/ui_pack/build/lib/ui_pack/GUI.py -> /home/st/py_ywfbot_ws_v1.1/install/ui_pack/lib/python3.10/site-packages/ui_pack
[3.907s] byte-compiling /home/st/py_ywfbot_ws_v1.1/install/ui_pack/lib/python3.10/site-packages/ui_pack/ui_main.py to ui_main.cpython-310.pyc
[3.914s] byte-compiling /home/st/py_ywfbot_ws_v1.1/install/ui_pack/lib/python3.10/site-packages/ui_pack/GUI.py to GUI.cpython-310.pyc
[3.929s] running install_data
[3.929s] running install_egg_info
[3.933s] removing '/home/st/py_ywfbot_ws_v1.1/install/ui_pack/lib/python3.10/site-packages/ui_pack-0.0.0-py3.10.egg-info' (and everything under it)
[3.936s] Copying ../../build/ui_pack/ui_pack.egg-info to /home/st/py_ywfbot_ws_v1.1/install/ui_pack/lib/python3.10/site-packages/ui_pack-0.0.0-py3.10.egg-info
[3.939s] running install_scripts
[4.029s] Installing ui_main script to /home/st/py_ywfbot_ws_v1.1/install/ui_pack/lib/ui_pack
[4.042s] writing list of installed files to '/home/st/py_ywfbot_ws_v1.1/build/ui_pack/install.log'
[4.136s] Invoked command in '/home/st/py_ywfbot_ws_v1.1/src/ui_pack' returned '0': PYTHONPATH=/home/st/py_ywfbot_ws_v1.1/build/ui_pack/prefix_override:/usr/lib/python3/dist-packages/colcon_core/task/python/colcon_distutils_commands:/home/st/py_ywfbot_ws_v1.1/install/ui_pack/lib/python3.10/site-packages:${PYTHONPATH} /usr/bin/python3 -W ignore:setup.py install is deprecated -W ignore:easy_install command is deprecated setup.py egg_info --egg-base ../../build/ui_pack build --build-base /home/st/py_ywfbot_ws_v1.1/build/ui_pack/build install --record /home/st/py_ywfbot_ws_v1.1/build/ui_pack/install.log --single-version-externally-managed install_data
