[2.988s] Invoking command in '/home/st/py_ywfbot_ws_v1.1/src/user_func_implement': PYTHONPATH=/home/st/py_ywfbot_ws_v1.1/build/user_func_implement/prefix_override:/usr/lib/python3/dist-packages/colcon_core/task/python/colcon_distutils_commands:/home/st/py_ywfbot_ws_v1.1/install/user_func_implement/lib/python3.10/site-packages:${PYTHONPATH} /usr/bin/python3 -W ignore:setup.py install is deprecated -W ignore:easy_install command is deprecated setup.py egg_info --egg-base ../../build/user_func_implement build --build-base /home/st/py_ywfbot_ws_v1.1/build/user_func_implement/build install --record /home/st/py_ywfbot_ws_v1.1/build/user_func_implement/install.log --single-version-externally-managed install_data
[3.784s] running egg_info
[3.787s] writing ../../build/user_func_implement/user_func_implement.egg-info/PKG-INFO
[3.788s] writing dependency_links to ../../build/user_func_implement/user_func_implement.egg-info/dependency_links.txt
[3.788s] writing entry points to ../../build/user_func_implement/user_func_implement.egg-info/entry_points.txt
[3.788s] writing requirements to ../../build/user_func_implement/user_func_implement.egg-info/requires.txt
[3.789s] writing top-level names to ../../build/user_func_implement/user_func_implement.egg-info/top_level.txt
[3.797s] reading manifest file '../../build/user_func_implement/user_func_implement.egg-info/SOURCES.txt'
[3.797s] adding license file 'LICENSE'
[3.799s] writing manifest file '../../build/user_func_implement/user_func_implement.egg-info/SOURCES.txt'
[3.800s] running build
[3.800s] running build_py
[3.817s] copying user_func_implement/sqlite/palletizingProcess.db -> /home/st/py_ywfbot_ws_v1.1/build/user_func_implement/build/lib/user_func_implement/sqlite
[3.823s] running install
[3.824s] running install_lib
[3.827s] copying /home/st/py_ywfbot_ws_v1.1/build/user_func_implement/build/lib/user_func_implement/sqlite/palletizingProcess.db -> /home/st/py_ywfbot_ws_v1.1/install/user_func_implement/lib/python3.10/site-packages/user_func_implement/sqlite
[3.832s] running install_data
[3.833s] running install_egg_info
[3.840s] removing '/home/st/py_ywfbot_ws_v1.1/install/user_func_implement/lib/python3.10/site-packages/user_func_implement-0.0.0-py3.10.egg-info' (and everything under it)
[3.840s] Copying ../../build/user_func_implement/user_func_implement.egg-info to /home/st/py_ywfbot_ws_v1.1/install/user_func_implement/lib/python3.10/site-packages/user_func_implement-0.0.0-py3.10.egg-info
[3.840s] running install_scripts
[3.905s] Installing user_func_main script to /home/st/py_ywfbot_ws_v1.1/install/user_func_implement/lib/user_func_implement
[3.908s] writing list of installed files to '/home/st/py_ywfbot_ws_v1.1/build/user_func_implement/install.log'
[3.966s] Invoked command in '/home/st/py_ywfbot_ws_v1.1/src/user_func_implement' returned '0': PYTHONPATH=/home/st/py_ywfbot_ws_v1.1/build/user_func_implement/prefix_override:/usr/lib/python3/dist-packages/colcon_core/task/python/colcon_distutils_commands:/home/st/py_ywfbot_ws_v1.1/install/user_func_implement/lib/python3.10/site-packages:${PYTHONPATH} /usr/bin/python3 -W ignore:setup.py install is deprecated -W ignore:easy_install command is deprecated setup.py egg_info --egg-base ../../build/user_func_implement build --build-base /home/st/py_ywfbot_ws_v1.1/build/user_func_implement/build install --record /home/st/py_ywfbot_ws_v1.1/build/user_func_implement/install.log --single-version-externally-managed install_data
