[0.432s] DEBUG:colcon:Command line arguments: ['/usr/bin/colcon', 'build']
[0.433s] DEBUG:colcon:Parsed command line arguments: Namespace(log_base=None, log_level=None, verb_name='build', build_base='build', install_base='install', merge_install=False, symlink_install=False, test_result_base=None, continue_on_error=False, executor='parallel', parallel_workers=16, event_handlers=None, ignore_user_meta=False, metas=['./colcon.meta'], base_paths=['.'], packages_ignore=None, packages_ignore_regex=None, paths=None, packages_up_to=None, packages_up_to_regex=None, packages_above=None, packages_above_and_dependencies=None, packages_above_depth=None, packages_select_by_dep=None, packages_skip_by_dep=None, packages_skip_up_to=None, packages_select_build_failed=False, packages_skip_build_finished=False, packages_select_test_failures=False, packages_skip_test_passed=False, packages_select=None, packages_skip=None, packages_select_regex=None, packages_skip_regex=None, packages_start=None, packages_end=None, allow_overriding=[], cmake_args=None, cmake_target=None, cmake_target_skip_unavailable=False, cmake_clean_cache=False, cmake_clean_first=False, cmake_force_configure=False, ament_cmake_args=None, catkin_cmake_args=None, catkin_skip_building_tests=False, mixin_files=None, mixin=None, verb_parser=<colcon_mixin.mixin.mixin_argument.MixinArgumentDecorator object at 0x717bea6802b0>, verb_extension=<colcon_core.verb.build.BuildVerb object at 0x717bea7951b0>, main=<bound method BuildVerb.main of <colcon_core.verb.build.BuildVerb object at 0x717bea7951b0>>, mixin_verb=('build',))
[1.031s] Level 1:colcon.colcon_core.package_discovery:discover_packages(colcon_meta) check parameters
[1.051s] Level 1:colcon.colcon_core.package_discovery:discover_packages(recursive) check parameters
[1.052s] Level 1:colcon.colcon_core.package_discovery:discover_packages(ignore) check parameters
[1.052s] Level 1:colcon.colcon_core.package_discovery:discover_packages(path) check parameters
[1.052s] Level 1:colcon.colcon_core.package_discovery:discover_packages(colcon_meta) discover
[1.052s] Level 1:colcon.colcon_core.package_discovery:discover_packages(recursive) discover
[1.053s] INFO:colcon.colcon_core.package_discovery:Crawling recursively for packages in '/home/st/py_ywfbot_ws'
[1.054s] Level 1:colcon.colcon_core.package_identification:_identify(.) by extensions ['ignore', 'ignore_ament_install']
[1.054s] Level 1:colcon.colcon_core.package_identification:_identify(.) by extension 'ignore'
[1.055s] Level 1:colcon.colcon_core.package_identification:_identify(.) by extension 'ignore_ament_install'
[1.055s] Level 1:colcon.colcon_core.package_identification:_identify(.) by extensions ['colcon_pkg']
[1.055s] Level 1:colcon.colcon_core.package_identification:_identify(.) by extension 'colcon_pkg'
[1.055s] Level 1:colcon.colcon_core.package_identification:_identify(.) by extensions ['colcon_meta']
[1.055s] Level 1:colcon.colcon_core.package_identification:_identify(.) by extension 'colcon_meta'
[1.055s] Level 1:colcon.colcon_core.package_identification:_identify(.) by extensions ['ros']
[1.055s] Level 1:colcon.colcon_core.package_identification:_identify(.) by extension 'ros'
[1.090s] Level 1:colcon.colcon_core.package_identification:_identify(.) by extensions ['cmake', 'python']
[1.091s] Level 1:colcon.colcon_core.package_identification:_identify(.) by extension 'cmake'
[1.091s] Level 1:colcon.colcon_core.package_identification:_identify(.) by extension 'python'
[1.091s] Level 1:colcon.colcon_core.package_identification:_identify(.) by extensions ['python_setup_py']
[1.091s] Level 1:colcon.colcon_core.package_identification:_identify(.) by extension 'python_setup_py'
[1.091s] Level 1:colcon.colcon_core.package_identification:_identify(build) by extensions ['ignore', 'ignore_ament_install']
[1.093s] Level 1:colcon.colcon_core.package_identification:_identify(build) by extension 'ignore'
[1.093s] Level 1:colcon.colcon_core.package_identification:_identify(build) ignored
[1.093s] Level 1:colcon.colcon_core.package_identification:_identify(install) by extensions ['ignore', 'ignore_ament_install']
[1.093s] Level 1:colcon.colcon_core.package_identification:_identify(install) by extension 'ignore'
[1.094s] Level 1:colcon.colcon_core.package_identification:_identify(install) ignored
[1.095s] Level 1:colcon.colcon_core.package_identification:_identify(log) by extensions ['ignore', 'ignore_ament_install']
[1.095s] Level 1:colcon.colcon_core.package_identification:_identify(log) by extension 'ignore'
[1.096s] Level 1:colcon.colcon_core.package_identification:_identify(log) ignored
[1.096s] Level 1:colcon.colcon_core.package_identification:_identify(src) by extensions ['ignore', 'ignore_ament_install']
[1.096s] Level 1:colcon.colcon_core.package_identification:_identify(src) by extension 'ignore'
[1.096s] Level 1:colcon.colcon_core.package_identification:_identify(src) by extension 'ignore_ament_install'
[1.096s] Level 1:colcon.colcon_core.package_identification:_identify(src) by extensions ['colcon_pkg']
[1.096s] Level 1:colcon.colcon_core.package_identification:_identify(src) by extension 'colcon_pkg'
[1.097s] Level 1:colcon.colcon_core.package_identification:_identify(src) by extensions ['colcon_meta']
[1.097s] Level 1:colcon.colcon_core.package_identification:_identify(src) by extension 'colcon_meta'
[1.097s] Level 1:colcon.colcon_core.package_identification:_identify(src) by extensions ['ros']
[1.097s] Level 1:colcon.colcon_core.package_identification:_identify(src) by extension 'ros'
[1.097s] Level 1:colcon.colcon_core.package_identification:_identify(src) by extensions ['cmake', 'python']
[1.097s] Level 1:colcon.colcon_core.package_identification:_identify(src) by extension 'cmake'
[1.097s] Level 1:colcon.colcon_core.package_identification:_identify(src) by extension 'python'
[1.097s] Level 1:colcon.colcon_core.package_identification:_identify(src) by extensions ['python_setup_py']
[1.098s] Level 1:colcon.colcon_core.package_identification:_identify(src) by extension 'python_setup_py'
[1.098s] Level 1:colcon.colcon_core.package_identification:_identify(src/ui_pack) by extensions ['ignore', 'ignore_ament_install']
[1.098s] Level 1:colcon.colcon_core.package_identification:_identify(src/ui_pack) by extension 'ignore'
[1.098s] Level 1:colcon.colcon_core.package_identification:_identify(src/ui_pack) by extension 'ignore_ament_install'
[1.098s] Level 1:colcon.colcon_core.package_identification:_identify(src/ui_pack) by extensions ['colcon_pkg']
[1.098s] Level 1:colcon.colcon_core.package_identification:_identify(src/ui_pack) by extension 'colcon_pkg'
[1.099s] Level 1:colcon.colcon_core.package_identification:_identify(src/ui_pack) by extensions ['colcon_meta']
[1.099s] Level 1:colcon.colcon_core.package_identification:_identify(src/ui_pack) by extension 'colcon_meta'
[1.099s] Level 1:colcon.colcon_core.package_identification:_identify(src/ui_pack) by extensions ['ros']
[1.099s] Level 1:colcon.colcon_core.package_identification:_identify(src/ui_pack) by extension 'ros'
[1.106s] DEBUG:colcon.colcon_core.package_identification:Package 'src/ui_pack' with type 'ros.ament_python' and name 'ui_pack'
[1.106s] Level 1:colcon.colcon_core.package_identification:_identify(src/user_func_implement) by extensions ['ignore', 'ignore_ament_install']
[1.106s] Level 1:colcon.colcon_core.package_identification:_identify(src/user_func_implement) by extension 'ignore'
[1.106s] Level 1:colcon.colcon_core.package_identification:_identify(src/user_func_implement) by extension 'ignore_ament_install'
[1.107s] Level 1:colcon.colcon_core.package_identification:_identify(src/user_func_implement) by extensions ['colcon_pkg']
[1.107s] Level 1:colcon.colcon_core.package_identification:_identify(src/user_func_implement) by extension 'colcon_pkg'
[1.107s] Level 1:colcon.colcon_core.package_identification:_identify(src/user_func_implement) by extensions ['colcon_meta']
[1.107s] Level 1:colcon.colcon_core.package_identification:_identify(src/user_func_implement) by extension 'colcon_meta'
[1.107s] Level 1:colcon.colcon_core.package_identification:_identify(src/user_func_implement) by extensions ['ros']
[1.107s] Level 1:colcon.colcon_core.package_identification:_identify(src/user_func_implement) by extension 'ros'
[1.109s] DEBUG:colcon.colcon_core.package_identification:Package 'src/user_func_implement' with type 'ros.ament_python' and name 'user_func_implement'
[1.109s] Level 1:colcon.colcon_core.package_discovery:discover_packages(recursive) using defaults
[1.109s] Level 1:colcon.colcon_core.package_discovery:discover_packages(ignore) discover
[1.109s] Level 1:colcon.colcon_core.package_discovery:discover_packages(ignore) using defaults
[1.109s] Level 1:colcon.colcon_core.package_discovery:discover_packages(path) discover
[1.109s] Level 1:colcon.colcon_core.package_discovery:discover_packages(path) using defaults
[1.187s] Level 1:colcon.colcon_core.package_discovery:discover_packages(prefix_path) check parameters
[1.187s] Level 1:colcon.colcon_core.package_discovery:discover_packages(prefix_path) discover
[1.199s] DEBUG:colcon.colcon_installed_package_information.package_discovery:Found 6 installed packages in /home/st/ywfBot_ws/install
[1.203s] DEBUG:colcon.colcon_installed_package_information.package_discovery:Found 55 installed packages in /home/st/moveit2_humble_ws/install
[1.207s] DEBUG:colcon.colcon_installed_package_information.package_discovery:Found 313 installed packages in /opt/ros/humble
[1.215s] Level 1:colcon.colcon_core.package_discovery:discover_packages(prefix_path) using defaults
[1.336s] Level 5:colcon.colcon_core.verb:set package 'ui_pack' build argument 'cmake_args' from command line to 'None'
[1.336s] Level 5:colcon.colcon_core.verb:set package 'ui_pack' build argument 'cmake_target' from command line to 'None'
[1.336s] Level 5:colcon.colcon_core.verb:set package 'ui_pack' build argument 'cmake_target_skip_unavailable' from command line to 'False'
[1.336s] Level 5:colcon.colcon_core.verb:set package 'ui_pack' build argument 'cmake_clean_cache' from command line to 'False'
[1.336s] Level 5:colcon.colcon_core.verb:set package 'ui_pack' build argument 'cmake_clean_first' from command line to 'False'
[1.336s] Level 5:colcon.colcon_core.verb:set package 'ui_pack' build argument 'cmake_force_configure' from command line to 'False'
[1.336s] Level 5:colcon.colcon_core.verb:set package 'ui_pack' build argument 'ament_cmake_args' from command line to 'None'
[1.336s] Level 5:colcon.colcon_core.verb:set package 'ui_pack' build argument 'catkin_cmake_args' from command line to 'None'
[1.336s] Level 5:colcon.colcon_core.verb:set package 'ui_pack' build argument 'catkin_skip_building_tests' from command line to 'False'
[1.337s] DEBUG:colcon.colcon_core.verb:Building package 'ui_pack' with the following arguments: {'ament_cmake_args': None, 'build_base': '/home/st/py_ywfbot_ws/build/ui_pack', 'catkin_cmake_args': None, 'catkin_skip_building_tests': False, 'cmake_args': None, 'cmake_clean_cache': False, 'cmake_clean_first': False, 'cmake_force_configure': False, 'cmake_target': None, 'cmake_target_skip_unavailable': False, 'install_base': '/home/st/py_ywfbot_ws/install/ui_pack', 'merge_install': False, 'path': '/home/st/py_ywfbot_ws/src/ui_pack', 'symlink_install': False, 'test_result_base': None}
[1.338s] Level 5:colcon.colcon_core.verb:set package 'user_func_implement' build argument 'cmake_args' from command line to 'None'
[1.338s] Level 5:colcon.colcon_core.verb:set package 'user_func_implement' build argument 'cmake_target' from command line to 'None'
[1.338s] Level 5:colcon.colcon_core.verb:set package 'user_func_implement' build argument 'cmake_target_skip_unavailable' from command line to 'False'
[1.338s] Level 5:colcon.colcon_core.verb:set package 'user_func_implement' build argument 'cmake_clean_cache' from command line to 'False'
[1.338s] Level 5:colcon.colcon_core.verb:set package 'user_func_implement' build argument 'cmake_clean_first' from command line to 'False'
[1.338s] Level 5:colcon.colcon_core.verb:set package 'user_func_implement' build argument 'cmake_force_configure' from command line to 'False'
[1.338s] Level 5:colcon.colcon_core.verb:set package 'user_func_implement' build argument 'ament_cmake_args' from command line to 'None'
[1.338s] Level 5:colcon.colcon_core.verb:set package 'user_func_implement' build argument 'catkin_cmake_args' from command line to 'None'
[1.338s] Level 5:colcon.colcon_core.verb:set package 'user_func_implement' build argument 'catkin_skip_building_tests' from command line to 'False'
[1.338s] DEBUG:colcon.colcon_core.verb:Building package 'user_func_implement' with the following arguments: {'ament_cmake_args': None, 'build_base': '/home/st/py_ywfbot_ws/build/user_func_implement', 'catkin_cmake_args': None, 'catkin_skip_building_tests': False, 'cmake_args': None, 'cmake_clean_cache': False, 'cmake_clean_first': False, 'cmake_force_configure': False, 'cmake_target': None, 'cmake_target_skip_unavailable': False, 'install_base': '/home/st/py_ywfbot_ws/install/user_func_implement', 'merge_install': False, 'path': '/home/st/py_ywfbot_ws/src/user_func_implement', 'symlink_install': False, 'test_result_base': None}
[1.338s] INFO:colcon.colcon_core.executor:Executing jobs using 'parallel' executor
[1.342s] DEBUG:colcon.colcon_parallel_executor.executor.parallel:run_until_complete
[1.343s] INFO:colcon.colcon_ros.task.ament_python.build:Building ROS package in '/home/st/py_ywfbot_ws/src/ui_pack' with build type 'ament_python'
[1.343s] Level 1:colcon.colcon_core.shell:create_environment_hook('ui_pack', 'ament_prefix_path')
[1.348s] INFO:colcon.colcon_core.plugin_system:Skipping extension 'colcon_core.shell.bat': Not used on non-Windows systems
[1.349s] INFO:colcon.colcon_core.shell:Creating environment hook '/home/st/py_ywfbot_ws/install/ui_pack/share/ui_pack/hook/ament_prefix_path.ps1'
[1.351s] INFO:colcon.colcon_core.shell:Creating environment descriptor '/home/st/py_ywfbot_ws/install/ui_pack/share/ui_pack/hook/ament_prefix_path.dsv'
[1.352s] INFO:colcon.colcon_core.shell:Creating environment hook '/home/st/py_ywfbot_ws/install/ui_pack/share/ui_pack/hook/ament_prefix_path.sh'
[1.354s] INFO:colcon.colcon_core.shell:Skip shell extension 'powershell' for command environment: Not usable outside of PowerShell
[1.355s] DEBUG:colcon.colcon_core.shell:Skip shell extension 'dsv' for command environment
[1.374s] INFO:colcon.colcon_ros.task.ament_python.build:Building ROS package in '/home/st/py_ywfbot_ws/src/user_func_implement' with build type 'ament_python'
[1.374s] Level 1:colcon.colcon_core.shell:create_environment_hook('user_func_implement', 'ament_prefix_path')
[1.375s] INFO:colcon.colcon_core.shell:Creating environment hook '/home/st/py_ywfbot_ws/install/user_func_implement/share/user_func_implement/hook/ament_prefix_path.ps1'
[1.376s] INFO:colcon.colcon_core.shell:Creating environment descriptor '/home/st/py_ywfbot_ws/install/user_func_implement/share/user_func_implement/hook/ament_prefix_path.dsv'
[1.377s] INFO:colcon.colcon_core.shell:Creating environment hook '/home/st/py_ywfbot_ws/install/user_func_implement/share/user_func_implement/hook/ament_prefix_path.sh'
[1.380s] INFO:colcon.colcon_core.shell:Skip shell extension 'powershell' for command environment: Not usable outside of PowerShell
[1.380s] DEBUG:colcon.colcon_core.shell:Skip shell extension 'dsv' for command environment
[2.369s] INFO:colcon.colcon_core.task.python.build:Building Python package in '/home/st/py_ywfbot_ws/src/ui_pack'
[2.370s] INFO:colcon.colcon_core.shell:Skip shell extension 'powershell' for command environment: Not usable outside of PowerShell
[2.370s] DEBUG:colcon.colcon_core.shell:Skip shell extension 'dsv' for command environment
[3.235s] INFO:colcon.colcon_core.task.python.build:Building Python package in '/home/st/py_ywfbot_ws/src/user_func_implement'
[3.236s] INFO:colcon.colcon_core.shell:Skip shell extension 'powershell' for command environment: Not usable outside of PowerShell
[3.236s] DEBUG:colcon.colcon_core.shell:Skip shell extension 'dsv' for command environment
[4.371s] DEBUG:colcon.colcon_core.event_handler.log_command:Invoking command in '/home/st/py_ywfbot_ws/src/ui_pack': PYTHONPATH=/home/st/py_ywfbot_ws/build/ui_pack/prefix_override:/usr/lib/python3/dist-packages/colcon_core/task/python/colcon_distutils_commands:/home/st/py_ywfbot_ws/install/ui_pack/lib/python3.10/site-packages:${PYTHONPATH} /usr/bin/python3 -W ignore:setup.py install is deprecated -W ignore:easy_install command is deprecated setup.py egg_info --egg-base ../../build/ui_pack build --build-base /home/st/py_ywfbot_ws/build/ui_pack/build install --record /home/st/py_ywfbot_ws/build/ui_pack/install.log --single-version-externally-managed install_data
[4.428s] DEBUG:colcon.colcon_core.event_handler.log_command:Invoking command in '/home/st/py_ywfbot_ws/src/user_func_implement': PYTHONPATH=/home/st/py_ywfbot_ws/build/user_func_implement/prefix_override:/usr/lib/python3/dist-packages/colcon_core/task/python/colcon_distutils_commands:/home/st/py_ywfbot_ws/install/user_func_implement/lib/python3.10/site-packages:${PYTHONPATH} /usr/bin/python3 -W ignore:setup.py install is deprecated -W ignore:easy_install command is deprecated setup.py egg_info --egg-base ../../build/user_func_implement build --build-base /home/st/py_ywfbot_ws/build/user_func_implement/build install --record /home/st/py_ywfbot_ws/build/user_func_implement/install.log --single-version-externally-managed install_data
[5.211s] DEBUG:colcon.colcon_core.event_handler.log_command:Invoked command in '/home/st/py_ywfbot_ws/src/ui_pack' returned '0': PYTHONPATH=/home/st/py_ywfbot_ws/build/ui_pack/prefix_override:/usr/lib/python3/dist-packages/colcon_core/task/python/colcon_distutils_commands:/home/st/py_ywfbot_ws/install/ui_pack/lib/python3.10/site-packages:${PYTHONPATH} /usr/bin/python3 -W ignore:setup.py install is deprecated -W ignore:easy_install command is deprecated setup.py egg_info --egg-base ../../build/ui_pack build --build-base /home/st/py_ywfbot_ws/build/ui_pack/build install --record /home/st/py_ywfbot_ws/build/ui_pack/install.log --single-version-externally-managed install_data
[5.217s] Level 1:colcon.colcon_core.environment:checking '/home/st/py_ywfbot_ws/install/ui_pack' for CMake module files
[5.218s] Level 1:colcon.colcon_core.environment:checking '/home/st/py_ywfbot_ws/install/ui_pack' for CMake config files
[5.220s] Level 1:colcon.colcon_core.environment:checking '/home/st/py_ywfbot_ws/install/ui_pack/lib'
[5.220s] Level 1:colcon.colcon_core.environment:checking '/home/st/py_ywfbot_ws/install/ui_pack/bin'
[5.220s] Level 1:colcon.colcon_core.environment:checking '/home/st/py_ywfbot_ws/install/ui_pack/lib/pkgconfig/ui_pack.pc'
[5.221s] Level 1:colcon.colcon_core.environment:checking '/home/st/py_ywfbot_ws/install/ui_pack/lib/python3.10/site-packages'
[5.221s] Level 1:colcon.colcon_core.shell:create_environment_hook('ui_pack', 'pythonpath')
[5.222s] INFO:colcon.colcon_core.shell:Creating environment hook '/home/st/py_ywfbot_ws/install/ui_pack/share/ui_pack/hook/pythonpath.ps1'
[5.223s] INFO:colcon.colcon_core.shell:Creating environment descriptor '/home/st/py_ywfbot_ws/install/ui_pack/share/ui_pack/hook/pythonpath.dsv'
[5.224s] INFO:colcon.colcon_core.shell:Creating environment hook '/home/st/py_ywfbot_ws/install/ui_pack/share/ui_pack/hook/pythonpath.sh'
[5.225s] Level 1:colcon.colcon_core.environment:checking '/home/st/py_ywfbot_ws/install/ui_pack/bin'
[5.225s] Level 1:colcon.colcon_core.environment:create_environment_scripts_only(ui_pack)
[5.226s] INFO:colcon.colcon_core.shell:Creating package script '/home/st/py_ywfbot_ws/install/ui_pack/share/ui_pack/package.ps1'
[5.229s] INFO:colcon.colcon_core.shell:Creating package descriptor '/home/st/py_ywfbot_ws/install/ui_pack/share/ui_pack/package.dsv'
[5.230s] INFO:colcon.colcon_core.shell:Creating package script '/home/st/py_ywfbot_ws/install/ui_pack/share/ui_pack/package.sh'
[5.232s] INFO:colcon.colcon_core.shell:Creating package script '/home/st/py_ywfbot_ws/install/ui_pack/share/ui_pack/package.bash'
[5.234s] INFO:colcon.colcon_core.shell:Creating package script '/home/st/py_ywfbot_ws/install/ui_pack/share/ui_pack/package.zsh'
[5.235s] Level 1:colcon.colcon_core.environment:create_file_with_runtime_dependencies(/home/st/py_ywfbot_ws/install/ui_pack/share/colcon-core/packages/ui_pack)
[5.260s] Level 1:colcon.colcon_core.environment:checking '/home/st/py_ywfbot_ws/install/user_func_implement' for CMake module files
[5.261s] Level 1:colcon.colcon_core.environment:checking '/home/st/py_ywfbot_ws/install/user_func_implement' for CMake config files
[5.263s] Level 1:colcon.colcon_core.environment:checking '/home/st/py_ywfbot_ws/install/user_func_implement/lib'
[5.263s] Level 1:colcon.colcon_core.environment:checking '/home/st/py_ywfbot_ws/install/user_func_implement/bin'
[5.263s] Level 1:colcon.colcon_core.environment:checking '/home/st/py_ywfbot_ws/install/user_func_implement/lib/pkgconfig/user_func_implement.pc'
[5.263s] Level 1:colcon.colcon_core.environment:checking '/home/st/py_ywfbot_ws/install/user_func_implement/lib/python3.10/site-packages'
[5.264s] Level 1:colcon.colcon_core.shell:create_environment_hook('user_func_implement', 'pythonpath')
[5.264s] INFO:colcon.colcon_core.shell:Creating environment hook '/home/st/py_ywfbot_ws/install/user_func_implement/share/user_func_implement/hook/pythonpath.ps1'
[5.265s] INFO:colcon.colcon_core.shell:Creating environment descriptor '/home/st/py_ywfbot_ws/install/user_func_implement/share/user_func_implement/hook/pythonpath.dsv'
[5.266s] INFO:colcon.colcon_core.shell:Creating environment hook '/home/st/py_ywfbot_ws/install/user_func_implement/share/user_func_implement/hook/pythonpath.sh'
[5.268s] Level 1:colcon.colcon_core.environment:checking '/home/st/py_ywfbot_ws/install/user_func_implement/bin'
[5.268s] Level 1:colcon.colcon_core.environment:create_environment_scripts_only(user_func_implement)
[5.268s] INFO:colcon.colcon_core.shell:Creating package script '/home/st/py_ywfbot_ws/install/user_func_implement/share/user_func_implement/package.ps1'
[5.270s] INFO:colcon.colcon_core.shell:Creating package descriptor '/home/st/py_ywfbot_ws/install/user_func_implement/share/user_func_implement/package.dsv'
[5.271s] INFO:colcon.colcon_core.shell:Creating package script '/home/st/py_ywfbot_ws/install/user_func_implement/share/user_func_implement/package.sh'
[5.272s] DEBUG:colcon.colcon_core.event_handler.log_command:Invoked command in '/home/st/py_ywfbot_ws/src/user_func_implement' returned '0': PYTHONPATH=/home/st/py_ywfbot_ws/build/user_func_implement/prefix_override:/usr/lib/python3/dist-packages/colcon_core/task/python/colcon_distutils_commands:/home/st/py_ywfbot_ws/install/user_func_implement/lib/python3.10/site-packages:${PYTHONPATH} /usr/bin/python3 -W ignore:setup.py install is deprecated -W ignore:easy_install command is deprecated setup.py egg_info --egg-base ../../build/user_func_implement build --build-base /home/st/py_ywfbot_ws/build/user_func_implement/build install --record /home/st/py_ywfbot_ws/build/user_func_implement/install.log --single-version-externally-managed install_data
[5.273s] INFO:colcon.colcon_core.shell:Creating package script '/home/st/py_ywfbot_ws/install/user_func_implement/share/user_func_implement/package.bash'
[5.275s] INFO:colcon.colcon_core.shell:Creating package script '/home/st/py_ywfbot_ws/install/user_func_implement/share/user_func_implement/package.zsh'
[5.276s] Level 1:colcon.colcon_core.environment:create_file_with_runtime_dependencies(/home/st/py_ywfbot_ws/install/user_func_implement/share/colcon-core/packages/user_func_implement)
[5.277s] DEBUG:colcon.colcon_parallel_executor.executor.parallel:closing loop
[5.277s] DEBUG:colcon.colcon_parallel_executor.executor.parallel:loop closed
[5.277s] DEBUG:colcon.colcon_parallel_executor.executor.parallel:run_until_complete finished with '0'
[5.277s] DEBUG:colcon.colcon_core.event_reactor:joining thread
[5.292s] INFO:colcon.colcon_core.plugin_system:Skipping extension 'colcon_notification.desktop_notification.terminal_notifier': Not used on non-Darwin systems
[5.292s] INFO:colcon.colcon_core.plugin_system:Skipping extension 'colcon_notification.desktop_notification.win32': Not used on non-Windows systems
[5.292s] INFO:colcon.colcon_notification.desktop_notification:Sending desktop notification using 'notify2'
[5.318s] DEBUG:colcon.colcon_core.event_reactor:joined thread
[5.319s] INFO:colcon.colcon_core.shell:Creating prefix script '/home/st/py_ywfbot_ws/install/local_setup.ps1'
[5.321s] INFO:colcon.colcon_core.shell:Creating prefix util module '/home/st/py_ywfbot_ws/install/_local_setup_util_ps1.py'
[5.328s] INFO:colcon.colcon_core.shell:Creating prefix chain script '/home/st/py_ywfbot_ws/install/setup.ps1'
[5.336s] INFO:colcon.colcon_core.shell:Creating prefix script '/home/st/py_ywfbot_ws/install/local_setup.sh'
[5.337s] INFO:colcon.colcon_core.shell:Creating prefix util module '/home/st/py_ywfbot_ws/install/_local_setup_util_sh.py'
[5.339s] INFO:colcon.colcon_core.shell:Creating prefix chain script '/home/st/py_ywfbot_ws/install/setup.sh'
[5.346s] INFO:colcon.colcon_core.shell:Creating prefix script '/home/st/py_ywfbot_ws/install/local_setup.bash'
[5.348s] INFO:colcon.colcon_core.shell:Creating prefix chain script '/home/st/py_ywfbot_ws/install/setup.bash'
[5.355s] INFO:colcon.colcon_core.shell:Creating prefix script '/home/st/py_ywfbot_ws/install/local_setup.zsh'
[5.356s] INFO:colcon.colcon_core.shell:Creating prefix chain script '/home/st/py_ywfbot_ws/install/setup.zsh'
