[0.359s] DEBUG:colcon:Command line arguments: ['/usr/bin/colcon', 'build']
[0.359s] DEBUG:colcon:Parsed command line arguments: Namespace(log_base=None, log_level=None, verb_name='build', build_base='build', install_base='install', merge_install=False, symlink_install=False, test_result_base=None, continue_on_error=False, executor='parallel', parallel_workers=16, event_handlers=None, ignore_user_meta=False, metas=['./colcon.meta'], base_paths=['.'], packages_ignore=None, packages_ignore_regex=None, paths=None, packages_up_to=None, packages_up_to_regex=None, packages_above=None, packages_above_and_dependencies=None, packages_above_depth=None, packages_select_by_dep=None, packages_skip_by_dep=None, packages_skip_up_to=None, packages_select_build_failed=False, packages_skip_build_finished=False, packages_select_test_failures=False, packages_skip_test_passed=False, packages_select=None, packages_skip=None, packages_select_regex=None, packages_skip_regex=None, packages_start=None, packages_end=None, allow_overriding=[], cmake_args=None, cmake_target=None, cmake_target_skip_unavailable=False, cmake_clean_cache=False, cmake_clean_first=False, cmake_force_configure=False, ament_cmake_args=None, catkin_cmake_args=None, catkin_skip_building_tests=False, mixin_files=None, mixin=None, verb_parser=<colcon_mixin.mixin.mixin_argument.MixinArgumentDecorator object at 0x74994c9802b0>, verb_extension=<colcon_core.verb.build.BuildVerb object at 0x74994caa11b0>, main=<bound method BuildVerb.main of <colcon_core.verb.build.BuildVerb object at 0x74994caa11b0>>, mixin_verb=('build',))
[0.870s] Level 1:colcon.colcon_core.package_discovery:discover_packages(colcon_meta) check parameters
[0.871s] Level 1:colcon.colcon_core.package_discovery:discover_packages(recursive) check parameters
[0.871s] Level 1:colcon.colcon_core.package_discovery:discover_packages(ignore) check parameters
[0.871s] Level 1:colcon.colcon_core.package_discovery:discover_packages(path) check parameters
[0.871s] Level 1:colcon.colcon_core.package_discovery:discover_packages(colcon_meta) discover
[0.871s] Level 1:colcon.colcon_core.package_discovery:discover_packages(recursive) discover
[0.871s] INFO:colcon.colcon_core.package_discovery:Crawling recursively for packages in '/home/st/py_ywfbot_ws'
[0.872s] Level 1:colcon.colcon_core.package_identification:_identify(.) by extensions ['ignore', 'ignore_ament_install']
[0.872s] Level 1:colcon.colcon_core.package_identification:_identify(.) by extension 'ignore'
[0.872s] Level 1:colcon.colcon_core.package_identification:_identify(.) by extension 'ignore_ament_install'
[0.872s] Level 1:colcon.colcon_core.package_identification:_identify(.) by extensions ['colcon_pkg']
[0.872s] Level 1:colcon.colcon_core.package_identification:_identify(.) by extension 'colcon_pkg'
[0.872s] Level 1:colcon.colcon_core.package_identification:_identify(.) by extensions ['colcon_meta']
[0.872s] Level 1:colcon.colcon_core.package_identification:_identify(.) by extension 'colcon_meta'
[0.872s] Level 1:colcon.colcon_core.package_identification:_identify(.) by extensions ['ros']
[0.873s] Level 1:colcon.colcon_core.package_identification:_identify(.) by extension 'ros'
[0.904s] Level 1:colcon.colcon_core.package_identification:_identify(.) by extensions ['cmake', 'python']
[0.904s] Level 1:colcon.colcon_core.package_identification:_identify(.) by extension 'cmake'
[0.904s] Level 1:colcon.colcon_core.package_identification:_identify(.) by extension 'python'
[0.904s] Level 1:colcon.colcon_core.package_identification:_identify(.) by extensions ['python_setup_py']
[0.904s] Level 1:colcon.colcon_core.package_identification:_identify(.) by extension 'python_setup_py'
[0.905s] Level 1:colcon.colcon_core.package_identification:_identify(build) by extensions ['ignore', 'ignore_ament_install']
[0.905s] Level 1:colcon.colcon_core.package_identification:_identify(build) by extension 'ignore'
[0.905s] Level 1:colcon.colcon_core.package_identification:_identify(build) ignored
[0.905s] Level 1:colcon.colcon_core.package_identification:_identify(install) by extensions ['ignore', 'ignore_ament_install']
[0.906s] Level 1:colcon.colcon_core.package_identification:_identify(install) by extension 'ignore'
[0.906s] Level 1:colcon.colcon_core.package_identification:_identify(install) ignored
[0.906s] Level 1:colcon.colcon_core.package_identification:_identify(log) by extensions ['ignore', 'ignore_ament_install']
[0.906s] Level 1:colcon.colcon_core.package_identification:_identify(log) by extension 'ignore'
[0.906s] Level 1:colcon.colcon_core.package_identification:_identify(log) ignored
[0.906s] Level 1:colcon.colcon_core.package_identification:_identify(src) by extensions ['ignore', 'ignore_ament_install']
[0.907s] Level 1:colcon.colcon_core.package_identification:_identify(src) by extension 'ignore'
[0.907s] Level 1:colcon.colcon_core.package_identification:_identify(src) by extension 'ignore_ament_install'
[0.907s] Level 1:colcon.colcon_core.package_identification:_identify(src) by extensions ['colcon_pkg']
[0.907s] Level 1:colcon.colcon_core.package_identification:_identify(src) by extension 'colcon_pkg'
[0.907s] Level 1:colcon.colcon_core.package_identification:_identify(src) by extensions ['colcon_meta']
[0.907s] Level 1:colcon.colcon_core.package_identification:_identify(src) by extension 'colcon_meta'
[0.907s] Level 1:colcon.colcon_core.package_identification:_identify(src) by extensions ['ros']
[0.907s] Level 1:colcon.colcon_core.package_identification:_identify(src) by extension 'ros'
[0.908s] Level 1:colcon.colcon_core.package_identification:_identify(src) by extensions ['cmake', 'python']
[0.908s] Level 1:colcon.colcon_core.package_identification:_identify(src) by extension 'cmake'
[0.908s] Level 1:colcon.colcon_core.package_identification:_identify(src) by extension 'python'
[0.908s] Level 1:colcon.colcon_core.package_identification:_identify(src) by extensions ['python_setup_py']
[0.908s] Level 1:colcon.colcon_core.package_identification:_identify(src) by extension 'python_setup_py'
[0.908s] Level 1:colcon.colcon_core.package_identification:_identify(src/ui_pack) by extensions ['ignore', 'ignore_ament_install']
[0.909s] Level 1:colcon.colcon_core.package_identification:_identify(src/ui_pack) by extension 'ignore'
[0.909s] Level 1:colcon.colcon_core.package_identification:_identify(src/ui_pack) by extension 'ignore_ament_install'
[0.909s] Level 1:colcon.colcon_core.package_identification:_identify(src/ui_pack) by extensions ['colcon_pkg']
[0.909s] Level 1:colcon.colcon_core.package_identification:_identify(src/ui_pack) by extension 'colcon_pkg'
[0.909s] Level 1:colcon.colcon_core.package_identification:_identify(src/ui_pack) by extensions ['colcon_meta']
[0.909s] Level 1:colcon.colcon_core.package_identification:_identify(src/ui_pack) by extension 'colcon_meta'
[0.922s] Level 1:colcon.colcon_core.package_identification:_identify(src/ui_pack) by extensions ['ros']
[0.922s] Level 1:colcon.colcon_core.package_identification:_identify(src/ui_pack) by extension 'ros'
[0.929s] DEBUG:colcon.colcon_core.package_identification:Package 'src/ui_pack' with type 'ros.ament_python' and name 'ui_pack'
[0.929s] Level 1:colcon.colcon_core.package_identification:_identify(src/user_func_implement) by extensions ['ignore', 'ignore_ament_install']
[0.930s] Level 1:colcon.colcon_core.package_identification:_identify(src/user_func_implement) by extension 'ignore'
[0.930s] Level 1:colcon.colcon_core.package_identification:_identify(src/user_func_implement) by extension 'ignore_ament_install'
[0.930s] Level 1:colcon.colcon_core.package_identification:_identify(src/user_func_implement) by extensions ['colcon_pkg']
[0.930s] Level 1:colcon.colcon_core.package_identification:_identify(src/user_func_implement) by extension 'colcon_pkg'
[0.930s] Level 1:colcon.colcon_core.package_identification:_identify(src/user_func_implement) by extensions ['colcon_meta']
[0.930s] Level 1:colcon.colcon_core.package_identification:_identify(src/user_func_implement) by extension 'colcon_meta'
[0.930s] Level 1:colcon.colcon_core.package_identification:_identify(src/user_func_implement) by extensions ['ros']
[0.930s] Level 1:colcon.colcon_core.package_identification:_identify(src/user_func_implement) by extension 'ros'
[0.932s] DEBUG:colcon.colcon_core.package_identification:Package 'src/user_func_implement' with type 'ros.ament_python' and name 'user_func_implement'
[0.932s] Level 1:colcon.colcon_core.package_discovery:discover_packages(recursive) using defaults
[0.932s] Level 1:colcon.colcon_core.package_discovery:discover_packages(ignore) discover
[0.932s] Level 1:colcon.colcon_core.package_discovery:discover_packages(ignore) using defaults
[0.932s] Level 1:colcon.colcon_core.package_discovery:discover_packages(path) discover
[0.932s] Level 1:colcon.colcon_core.package_discovery:discover_packages(path) using defaults
[1.025s] Level 1:colcon.colcon_core.package_discovery:discover_packages(prefix_path) check parameters
[1.025s] Level 1:colcon.colcon_core.package_discovery:discover_packages(prefix_path) discover
[1.040s] DEBUG:colcon.colcon_installed_package_information.package_discovery:Found 6 installed packages in /home/st/ywfBot_ws/install
[1.047s] DEBUG:colcon.colcon_installed_package_information.package_discovery:Found 55 installed packages in /home/st/moveit2_humble_ws/install
[1.052s] DEBUG:colcon.colcon_installed_package_information.package_discovery:Found 313 installed packages in /opt/ros/humble
[1.057s] Level 1:colcon.colcon_core.package_discovery:discover_packages(prefix_path) using defaults
[1.186s] Level 5:colcon.colcon_core.verb:set package 'ui_pack' build argument 'cmake_args' from command line to 'None'
[1.186s] Level 5:colcon.colcon_core.verb:set package 'ui_pack' build argument 'cmake_target' from command line to 'None'
[1.186s] Level 5:colcon.colcon_core.verb:set package 'ui_pack' build argument 'cmake_target_skip_unavailable' from command line to 'False'
[1.187s] Level 5:colcon.colcon_core.verb:set package 'ui_pack' build argument 'cmake_clean_cache' from command line to 'False'
[1.187s] Level 5:colcon.colcon_core.verb:set package 'ui_pack' build argument 'cmake_clean_first' from command line to 'False'
[1.187s] Level 5:colcon.colcon_core.verb:set package 'ui_pack' build argument 'cmake_force_configure' from command line to 'False'
[1.187s] Level 5:colcon.colcon_core.verb:set package 'ui_pack' build argument 'ament_cmake_args' from command line to 'None'
[1.187s] Level 5:colcon.colcon_core.verb:set package 'ui_pack' build argument 'catkin_cmake_args' from command line to 'None'
[1.187s] Level 5:colcon.colcon_core.verb:set package 'ui_pack' build argument 'catkin_skip_building_tests' from command line to 'False'
[1.187s] DEBUG:colcon.colcon_core.verb:Building package 'ui_pack' with the following arguments: {'ament_cmake_args': None, 'build_base': '/home/st/py_ywfbot_ws/build/ui_pack', 'catkin_cmake_args': None, 'catkin_skip_building_tests': False, 'cmake_args': None, 'cmake_clean_cache': False, 'cmake_clean_first': False, 'cmake_force_configure': False, 'cmake_target': None, 'cmake_target_skip_unavailable': False, 'install_base': '/home/st/py_ywfbot_ws/install/ui_pack', 'merge_install': False, 'path': '/home/st/py_ywfbot_ws/src/ui_pack', 'symlink_install': False, 'test_result_base': None}
[1.188s] Level 5:colcon.colcon_core.verb:set package 'user_func_implement' build argument 'cmake_args' from command line to 'None'
[1.188s] Level 5:colcon.colcon_core.verb:set package 'user_func_implement' build argument 'cmake_target' from command line to 'None'
[1.188s] Level 5:colcon.colcon_core.verb:set package 'user_func_implement' build argument 'cmake_target_skip_unavailable' from command line to 'False'
[1.188s] Level 5:colcon.colcon_core.verb:set package 'user_func_implement' build argument 'cmake_clean_cache' from command line to 'False'
[1.188s] Level 5:colcon.colcon_core.verb:set package 'user_func_implement' build argument 'cmake_clean_first' from command line to 'False'
[1.188s] Level 5:colcon.colcon_core.verb:set package 'user_func_implement' build argument 'cmake_force_configure' from command line to 'False'
[1.188s] Level 5:colcon.colcon_core.verb:set package 'user_func_implement' build argument 'ament_cmake_args' from command line to 'None'
[1.188s] Level 5:colcon.colcon_core.verb:set package 'user_func_implement' build argument 'catkin_cmake_args' from command line to 'None'
[1.188s] Level 5:colcon.colcon_core.verb:set package 'user_func_implement' build argument 'catkin_skip_building_tests' from command line to 'False'
[1.188s] DEBUG:colcon.colcon_core.verb:Building package 'user_func_implement' with the following arguments: {'ament_cmake_args': None, 'build_base': '/home/st/py_ywfbot_ws/build/user_func_implement', 'catkin_cmake_args': None, 'catkin_skip_building_tests': False, 'cmake_args': None, 'cmake_clean_cache': False, 'cmake_clean_first': False, 'cmake_force_configure': False, 'cmake_target': None, 'cmake_target_skip_unavailable': False, 'install_base': '/home/st/py_ywfbot_ws/install/user_func_implement', 'merge_install': False, 'path': '/home/st/py_ywfbot_ws/src/user_func_implement', 'symlink_install': False, 'test_result_base': None}
[1.189s] INFO:colcon.colcon_core.executor:Executing jobs using 'parallel' executor
[1.192s] DEBUG:colcon.colcon_parallel_executor.executor.parallel:run_until_complete
[1.192s] INFO:colcon.colcon_ros.task.ament_python.build:Building ROS package in '/home/st/py_ywfbot_ws/src/ui_pack' with build type 'ament_python'
[1.192s] Level 1:colcon.colcon_core.shell:create_environment_hook('ui_pack', 'ament_prefix_path')
[1.199s] INFO:colcon.colcon_core.plugin_system:Skipping extension 'colcon_core.shell.bat': Not used on non-Windows systems
[1.200s] INFO:colcon.colcon_core.shell:Creating environment hook '/home/st/py_ywfbot_ws/install/ui_pack/share/ui_pack/hook/ament_prefix_path.ps1'
[1.202s] INFO:colcon.colcon_core.shell:Creating environment descriptor '/home/st/py_ywfbot_ws/install/ui_pack/share/ui_pack/hook/ament_prefix_path.dsv'
[1.203s] INFO:colcon.colcon_core.shell:Creating environment hook '/home/st/py_ywfbot_ws/install/ui_pack/share/ui_pack/hook/ament_prefix_path.sh'
[1.206s] INFO:colcon.colcon_core.shell:Skip shell extension 'powershell' for command environment: Not usable outside of PowerShell
[1.206s] DEBUG:colcon.colcon_core.shell:Skip shell extension 'dsv' for command environment
[1.229s] INFO:colcon.colcon_ros.task.ament_python.build:Building ROS package in '/home/st/py_ywfbot_ws/src/user_func_implement' with build type 'ament_python'
[1.229s] Level 1:colcon.colcon_core.shell:create_environment_hook('user_func_implement', 'ament_prefix_path')
[1.230s] INFO:colcon.colcon_core.shell:Creating environment hook '/home/st/py_ywfbot_ws/install/user_func_implement/share/user_func_implement/hook/ament_prefix_path.ps1'
[1.232s] INFO:colcon.colcon_core.shell:Creating environment descriptor '/home/st/py_ywfbot_ws/install/user_func_implement/share/user_func_implement/hook/ament_prefix_path.dsv'
[1.233s] INFO:colcon.colcon_core.shell:Creating environment hook '/home/st/py_ywfbot_ws/install/user_func_implement/share/user_func_implement/hook/ament_prefix_path.sh'
[1.235s] INFO:colcon.colcon_core.shell:Skip shell extension 'powershell' for command environment: Not usable outside of PowerShell
[1.235s] DEBUG:colcon.colcon_core.shell:Skip shell extension 'dsv' for command environment
[1.983s] INFO:colcon.colcon_core.task.python.build:Building Python package in '/home/st/py_ywfbot_ws/src/ui_pack'
[1.984s] INFO:colcon.colcon_core.shell:Skip shell extension 'powershell' for command environment: Not usable outside of PowerShell
[1.984s] DEBUG:colcon.colcon_core.shell:Skip shell extension 'dsv' for command environment
[2.739s] INFO:colcon.colcon_core.task.python.build:Building Python package in '/home/st/py_ywfbot_ws/src/user_func_implement'
[2.739s] INFO:colcon.colcon_core.shell:Skip shell extension 'powershell' for command environment: Not usable outside of PowerShell
[2.739s] DEBUG:colcon.colcon_core.shell:Skip shell extension 'dsv' for command environment
[3.812s] DEBUG:colcon.colcon_core.event_handler.log_command:Invoking command in '/home/st/py_ywfbot_ws/src/user_func_implement': PYTHONPATH=/home/st/py_ywfbot_ws/build/user_func_implement/prefix_override:/usr/lib/python3/dist-packages/colcon_core/task/python/colcon_distutils_commands:/home/st/py_ywfbot_ws/install/user_func_implement/lib/python3.10/site-packages:${PYTHONPATH} /usr/bin/python3 -W ignore:setup.py install is deprecated -W ignore:easy_install command is deprecated setup.py egg_info --egg-base ../../build/user_func_implement build --build-base /home/st/py_ywfbot_ws/build/user_func_implement/build install --record /home/st/py_ywfbot_ws/build/user_func_implement/install.log --single-version-externally-managed install_data
[3.845s] DEBUG:colcon.colcon_core.event_handler.log_command:Invoking command in '/home/st/py_ywfbot_ws/src/ui_pack': PYTHONPATH=/home/st/py_ywfbot_ws/build/ui_pack/prefix_override:/usr/lib/python3/dist-packages/colcon_core/task/python/colcon_distutils_commands:/home/st/py_ywfbot_ws/install/ui_pack/lib/python3.10/site-packages:${PYTHONPATH} /usr/bin/python3 -W ignore:setup.py install is deprecated -W ignore:easy_install command is deprecated setup.py egg_info --egg-base ../../build/ui_pack build --build-base /home/st/py_ywfbot_ws/build/ui_pack/build install --record /home/st/py_ywfbot_ws/build/ui_pack/install.log --single-version-externally-managed install_data
[4.657s] DEBUG:colcon.colcon_core.event_handler.log_command:Invoked command in '/home/st/py_ywfbot_ws/src/ui_pack' returned '0': PYTHONPATH=/home/st/py_ywfbot_ws/build/ui_pack/prefix_override:/usr/lib/python3/dist-packages/colcon_core/task/python/colcon_distutils_commands:/home/st/py_ywfbot_ws/install/ui_pack/lib/python3.10/site-packages:${PYTHONPATH} /usr/bin/python3 -W ignore:setup.py install is deprecated -W ignore:easy_install command is deprecated setup.py egg_info --egg-base ../../build/ui_pack build --build-base /home/st/py_ywfbot_ws/build/ui_pack/build install --record /home/st/py_ywfbot_ws/build/ui_pack/install.log --single-version-externally-managed install_data
[4.663s] Level 1:colcon.colcon_core.environment:checking '/home/st/py_ywfbot_ws/install/ui_pack' for CMake module files
[4.664s] Level 1:colcon.colcon_core.environment:checking '/home/st/py_ywfbot_ws/install/ui_pack' for CMake config files
[4.666s] Level 1:colcon.colcon_core.environment:checking '/home/st/py_ywfbot_ws/install/ui_pack/lib'
[4.666s] Level 1:colcon.colcon_core.environment:checking '/home/st/py_ywfbot_ws/install/ui_pack/bin'
[4.666s] Level 1:colcon.colcon_core.environment:checking '/home/st/py_ywfbot_ws/install/ui_pack/lib/pkgconfig/ui_pack.pc'
[4.667s] Level 1:colcon.colcon_core.environment:checking '/home/st/py_ywfbot_ws/install/ui_pack/lib/python3.10/site-packages'
[4.667s] Level 1:colcon.colcon_core.shell:create_environment_hook('ui_pack', 'pythonpath')
[4.667s] INFO:colcon.colcon_core.shell:Creating environment hook '/home/st/py_ywfbot_ws/install/ui_pack/share/ui_pack/hook/pythonpath.ps1'
[4.669s] INFO:colcon.colcon_core.shell:Creating environment descriptor '/home/st/py_ywfbot_ws/install/ui_pack/share/ui_pack/hook/pythonpath.dsv'
[4.670s] INFO:colcon.colcon_core.shell:Creating environment hook '/home/st/py_ywfbot_ws/install/ui_pack/share/ui_pack/hook/pythonpath.sh'
[4.671s] Level 1:colcon.colcon_core.environment:checking '/home/st/py_ywfbot_ws/install/ui_pack/bin'
[4.671s] Level 1:colcon.colcon_core.environment:create_environment_scripts_only(ui_pack)
[4.673s] INFO:colcon.colcon_core.shell:Creating package script '/home/st/py_ywfbot_ws/install/ui_pack/share/ui_pack/package.ps1'
[4.676s] INFO:colcon.colcon_core.shell:Creating package descriptor '/home/st/py_ywfbot_ws/install/ui_pack/share/ui_pack/package.dsv'
[4.678s] INFO:colcon.colcon_core.shell:Creating package script '/home/st/py_ywfbot_ws/install/ui_pack/share/ui_pack/package.sh'
[4.682s] INFO:colcon.colcon_core.shell:Creating package script '/home/st/py_ywfbot_ws/install/ui_pack/share/ui_pack/package.bash'
[4.686s] INFO:colcon.colcon_core.shell:Creating package script '/home/st/py_ywfbot_ws/install/ui_pack/share/ui_pack/package.zsh'
[4.688s] Level 1:colcon.colcon_core.environment:create_file_with_runtime_dependencies(/home/st/py_ywfbot_ws/install/ui_pack/share/colcon-core/packages/ui_pack)
[4.693s] Level 1:colcon.colcon_core.environment:checking '/home/st/py_ywfbot_ws/install/user_func_implement' for CMake module files
[4.694s] DEBUG:colcon.colcon_core.event_handler.log_command:Invoked command in '/home/st/py_ywfbot_ws/src/user_func_implement' returned '0': PYTHONPATH=/home/st/py_ywfbot_ws/build/user_func_implement/prefix_override:/usr/lib/python3/dist-packages/colcon_core/task/python/colcon_distutils_commands:/home/st/py_ywfbot_ws/install/user_func_implement/lib/python3.10/site-packages:${PYTHONPATH} /usr/bin/python3 -W ignore:setup.py install is deprecated -W ignore:easy_install command is deprecated setup.py egg_info --egg-base ../../build/user_func_implement build --build-base /home/st/py_ywfbot_ws/build/user_func_implement/build install --record /home/st/py_ywfbot_ws/build/user_func_implement/install.log --single-version-externally-managed install_data
[4.695s] Level 1:colcon.colcon_core.environment:checking '/home/st/py_ywfbot_ws/install/user_func_implement' for CMake config files
[4.697s] Level 1:colcon.colcon_core.environment:checking '/home/st/py_ywfbot_ws/install/user_func_implement/lib'
[4.697s] Level 1:colcon.colcon_core.environment:checking '/home/st/py_ywfbot_ws/install/user_func_implement/bin'
[4.698s] Level 1:colcon.colcon_core.environment:checking '/home/st/py_ywfbot_ws/install/user_func_implement/lib/pkgconfig/user_func_implement.pc'
[4.698s] Level 1:colcon.colcon_core.environment:checking '/home/st/py_ywfbot_ws/install/user_func_implement/lib/python3.10/site-packages'
[4.699s] Level 1:colcon.colcon_core.shell:create_environment_hook('user_func_implement', 'pythonpath')
[4.699s] INFO:colcon.colcon_core.shell:Creating environment hook '/home/st/py_ywfbot_ws/install/user_func_implement/share/user_func_implement/hook/pythonpath.ps1'
[4.703s] INFO:colcon.colcon_core.shell:Creating environment descriptor '/home/st/py_ywfbot_ws/install/user_func_implement/share/user_func_implement/hook/pythonpath.dsv'
[4.706s] INFO:colcon.colcon_core.shell:Creating environment hook '/home/st/py_ywfbot_ws/install/user_func_implement/share/user_func_implement/hook/pythonpath.sh'
[4.709s] Level 1:colcon.colcon_core.environment:checking '/home/st/py_ywfbot_ws/install/user_func_implement/bin'
[4.710s] Level 1:colcon.colcon_core.environment:create_environment_scripts_only(user_func_implement)
[4.711s] INFO:colcon.colcon_core.shell:Creating package script '/home/st/py_ywfbot_ws/install/user_func_implement/share/user_func_implement/package.ps1'
[4.713s] INFO:colcon.colcon_core.shell:Creating package descriptor '/home/st/py_ywfbot_ws/install/user_func_implement/share/user_func_implement/package.dsv'
[4.715s] INFO:colcon.colcon_core.shell:Creating package script '/home/st/py_ywfbot_ws/install/user_func_implement/share/user_func_implement/package.sh'
[4.716s] INFO:colcon.colcon_core.shell:Creating package script '/home/st/py_ywfbot_ws/install/user_func_implement/share/user_func_implement/package.bash'
[4.718s] INFO:colcon.colcon_core.shell:Creating package script '/home/st/py_ywfbot_ws/install/user_func_implement/share/user_func_implement/package.zsh'
[4.719s] Level 1:colcon.colcon_core.environment:create_file_with_runtime_dependencies(/home/st/py_ywfbot_ws/install/user_func_implement/share/colcon-core/packages/user_func_implement)
[4.719s] DEBUG:colcon.colcon_parallel_executor.executor.parallel:closing loop
[4.720s] DEBUG:colcon.colcon_parallel_executor.executor.parallel:loop closed
[4.720s] DEBUG:colcon.colcon_parallel_executor.executor.parallel:run_until_complete finished with '0'
[4.720s] DEBUG:colcon.colcon_core.event_reactor:joining thread
[4.783s] INFO:colcon.colcon_core.plugin_system:Skipping extension 'colcon_notification.desktop_notification.terminal_notifier': Not used on non-Darwin systems
[4.783s] INFO:colcon.colcon_core.plugin_system:Skipping extension 'colcon_notification.desktop_notification.win32': Not used on non-Windows systems
[4.783s] INFO:colcon.colcon_notification.desktop_notification:Sending desktop notification using 'notify2'
[4.824s] DEBUG:colcon.colcon_core.event_reactor:joined thread
[4.825s] INFO:colcon.colcon_core.shell:Creating prefix script '/home/st/py_ywfbot_ws/install/local_setup.ps1'
[4.828s] INFO:colcon.colcon_core.shell:Creating prefix util module '/home/st/py_ywfbot_ws/install/_local_setup_util_ps1.py'
[4.831s] INFO:colcon.colcon_core.shell:Creating prefix chain script '/home/st/py_ywfbot_ws/install/setup.ps1'
[4.838s] INFO:colcon.colcon_core.shell:Creating prefix script '/home/st/py_ywfbot_ws/install/local_setup.sh'
[4.840s] INFO:colcon.colcon_core.shell:Creating prefix util module '/home/st/py_ywfbot_ws/install/_local_setup_util_sh.py'
[4.841s] INFO:colcon.colcon_core.shell:Creating prefix chain script '/home/st/py_ywfbot_ws/install/setup.sh'
[4.848s] INFO:colcon.colcon_core.shell:Creating prefix script '/home/st/py_ywfbot_ws/install/local_setup.bash'
[4.858s] INFO:colcon.colcon_core.shell:Creating prefix chain script '/home/st/py_ywfbot_ws/install/setup.bash'
[4.866s] INFO:colcon.colcon_core.shell:Creating prefix script '/home/st/py_ywfbot_ws/install/local_setup.zsh'
[4.867s] INFO:colcon.colcon_core.shell:Creating prefix chain script '/home/st/py_ywfbot_ws/install/setup.zsh'
