[3.229s] Invoking command in '/home/st/py_ywfbot_ws/src/ui_pack': PYTHONPATH=/home/st/py_ywfbot_ws/build/ui_pack/prefix_override:/usr/lib/python3/dist-packages/colcon_core/task/python/colcon_distutils_commands:/home/st/py_ywfbot_ws/install/ui_pack/lib/python3.10/site-packages:${PYTHONPATH} /usr/bin/python3 -W ignore:setup.py install is deprecated -W ignore:easy_install command is deprecated setup.py egg_info --egg-base ../../build/ui_pack build --build-base /home/st/py_ywfbot_ws/build/ui_pack/build install --record /home/st/py_ywfbot_ws/build/ui_pack/install.log --single-version-externally-managed install_data
[3.976s] running egg_info
[3.980s] writing ../../build/ui_pack/ui_pack.egg-info/PKG-INFO
[3.980s] writing dependency_links to ../../build/ui_pack/ui_pack.egg-info/dependency_links.txt
[3.981s] writing entry points to ../../build/ui_pack/ui_pack.egg-info/entry_points.txt
[3.981s] writing requirements to ../../build/ui_pack/ui_pack.egg-info/requires.txt
[3.981s] writing top-level names to ../../build/ui_pack/ui_pack.egg-info/top_level.txt
[3.991s] reading manifest file '../../build/ui_pack/ui_pack.egg-info/SOURCES.txt'
[3.994s] adding license file 'LICENSE'
[3.997s] writing manifest file '../../build/ui_pack/ui_pack.egg-info/SOURCES.txt'
[3.998s] running build
[3.998s] running build_py
[3.999s] copying ui_pack/GUI.py -> /home/st/py_ywfbot_ws/build/ui_pack/build/lib/ui_pack
[4.005s] copying ui_pack/qml/AmrStatusDisp.qml -> /home/st/py_ywfbot_ws/build/ui_pack/build/lib/ui_pack/qml
[4.008s] copying ui_pack/qml/RobotIoSet.qml -> /home/st/py_ywfbot_ws/build/ui_pack/build/lib/ui_pack/qml
[4.009s] copying ui_pack/qml/qml_main.qml -> /home/st/py_ywfbot_ws/build/ui_pack/build/lib/ui_pack/qml
[4.009s] running install
[4.010s] running install_lib
[4.014s] copying /home/st/py_ywfbot_ws/build/ui_pack/build/lib/ui_pack/qml/AmrStatusDisp.qml -> /home/st/py_ywfbot_ws/install/ui_pack/lib/python3.10/site-packages/ui_pack/qml
[4.015s] copying /home/st/py_ywfbot_ws/build/ui_pack/build/lib/ui_pack/qml/RobotIoSet.qml -> /home/st/py_ywfbot_ws/install/ui_pack/lib/python3.10/site-packages/ui_pack/qml
[4.015s] copying /home/st/py_ywfbot_ws/build/ui_pack/build/lib/ui_pack/qml/qml_main.qml -> /home/st/py_ywfbot_ws/install/ui_pack/lib/python3.10/site-packages/ui_pack/qml
[4.016s] copying /home/st/py_ywfbot_ws/build/ui_pack/build/lib/ui_pack/GUI.py -> /home/st/py_ywfbot_ws/install/ui_pack/lib/python3.10/site-packages/ui_pack
[4.019s] byte-compiling /home/st/py_ywfbot_ws/install/ui_pack/lib/python3.10/site-packages/ui_pack/GUI.py to GUI.cpython-310.pyc
[4.028s] running install_data
[4.028s] running install_egg_info
[4.031s] removing '/home/st/py_ywfbot_ws/install/ui_pack/lib/python3.10/site-packages/ui_pack-0.0.0-py3.10.egg-info' (and everything under it)
[4.031s] Copying ../../build/ui_pack/ui_pack.egg-info to /home/st/py_ywfbot_ws/install/ui_pack/lib/python3.10/site-packages/ui_pack-0.0.0-py3.10.egg-info
[4.036s] running install_scripts
[4.088s] Installing ui_main script to /home/st/py_ywfbot_ws/install/ui_pack/lib/ui_pack
[4.090s] writing list of installed files to '/home/st/py_ywfbot_ws/build/ui_pack/install.log'
[4.147s] Invoked command in '/home/st/py_ywfbot_ws/src/ui_pack' returned '0': PYTHONPATH=/home/st/py_ywfbot_ws/build/ui_pack/prefix_override:/usr/lib/python3/dist-packages/colcon_core/task/python/colcon_distutils_commands:/home/st/py_ywfbot_ws/install/ui_pack/lib/python3.10/site-packages:${PYTHONPATH} /usr/bin/python3 -W ignore:setup.py install is deprecated -W ignore:easy_install command is deprecated setup.py egg_info --egg-base ../../build/ui_pack build --build-base /home/st/py_ywfbot_ws/build/ui_pack/build install --record /home/st/py_ywfbot_ws/build/ui_pack/install.log --single-version-externally-managed install_data
