[5.004s] Invoking command in '/home/st/py_ywfbot_ws/src/user_func_implement': PYTHONPATH=/home/st/py_ywfbot_ws/build/user_func_implement/prefix_override:/usr/lib/python3/dist-packages/colcon_core/task/python/colcon_distutils_commands:/home/st/py_ywfbot_ws/install/user_func_implement/lib/python3.10/site-packages:${PYTHONPATH} /usr/bin/python3 -W ignore:setup.py install is deprecated -W ignore:easy_install command is deprecated setup.py egg_info --egg-base ../../build/user_func_implement build --build-base /home/st/py_ywfbot_ws/build/user_func_implement/build install --record /home/st/py_ywfbot_ws/build/user_func_implement/install.log --single-version-externally-managed install_data
[5.917s] running egg_info
[5.936s] writing ../../build/user_func_implement/user_func_implement.egg-info/PKG-INFO
[5.936s] writing dependency_links to ../../build/user_func_implement/user_func_implement.egg-info/dependency_links.txt
[5.936s] writing entry points to ../../build/user_func_implement/user_func_implement.egg-info/entry_points.txt
[5.936s] writing requirements to ../../build/user_func_implement/user_func_implement.egg-info/requires.txt
[5.936s] writing top-level names to ../../build/user_func_implement/user_func_implement.egg-info/top_level.txt
[5.953s] reading manifest file '../../build/user_func_implement/user_func_implement.egg-info/SOURCES.txt'
[5.953s] adding license file 'LICENSE'
[5.953s] writing manifest file '../../build/user_func_implement/user_func_implement.egg-info/SOURCES.txt'
[5.958s] running build
[5.958s] running build_py
[5.960s] copying user_func_implement/function/func_fr_ros2.py -> /home/st/py_ywfbot_ws/build/user_func_implement/build/lib/user_func_implement/function
[5.975s] running install
[5.976s] running install_lib
[5.976s] copying /home/st/py_ywfbot_ws/build/user_func_implement/build/lib/user_func_implement/function/func_fr_ros2.py -> /home/st/py_ywfbot_ws/install/user_func_implement/lib/python3.10/site-packages/user_func_implement/function
[5.994s] byte-compiling /home/st/py_ywfbot_ws/install/user_func_implement/lib/python3.10/site-packages/user_func_implement/function/func_fr_ros2.py to func_fr_ros2.cpython-310.pyc
[6.054s] running install_data
[6.055s] running install_egg_info
[6.066s] removing '/home/st/py_ywfbot_ws/install/user_func_implement/lib/python3.10/site-packages/user_func_implement-0.0.0-py3.10.egg-info' (and everything under it)
[6.066s] Copying ../../build/user_func_implement/user_func_implement.egg-info to /home/st/py_ywfbot_ws/install/user_func_implement/lib/python3.10/site-packages/user_func_implement-0.0.0-py3.10.egg-info
[6.066s] running install_scripts
[6.140s] Installing user_func_main script to /home/st/py_ywfbot_ws/install/user_func_implement/lib/user_func_implement
[6.143s] writing list of installed files to '/home/st/py_ywfbot_ws/build/user_func_implement/install.log'
[6.202s] Invoked command in '/home/st/py_ywfbot_ws/src/user_func_implement' returned '0': PYTHONPATH=/home/st/py_ywfbot_ws/build/user_func_implement/prefix_override:/usr/lib/python3/dist-packages/colcon_core/task/python/colcon_distutils_commands:/home/st/py_ywfbot_ws/install/user_func_implement/lib/python3.10/site-packages:${PYTHONPATH} /usr/bin/python3 -W ignore:setup.py install is deprecated -W ignore:easy_install command is deprecated setup.py egg_info --egg-base ../../build/user_func_implement build --build-base /home/st/py_ywfbot_ws/build/user_func_implement/build install --record /home/st/py_ywfbot_ws/build/user_func_implement/install.log --single-version-externally-managed install_data
