running egg_info
writing ../../build/user_func_implement/user_func_implement.egg-info/PKG-INFO
writing dependency_links to ../../build/user_func_implement/user_func_implement.egg-info/dependency_links.txt
writing entry points to ../../build/user_func_implement/user_func_implement.egg-info/entry_points.txt
writing requirements to ../../build/user_func_implement/user_func_implement.egg-info/requires.txt
writing top-level names to ../../build/user_func_implement/user_func_implement.egg-info/top_level.txt
reading manifest file '../../build/user_func_implement/user_func_implement.egg-info/SOURCES.txt'
adding license file 'LICENSE'
writing manifest file '../../build/user_func_implement/user_func_implement.egg-info/SOURCES.txt'
running build
running build_py
copying user_func_implement/function/func_tf2.py -> /home/st/py_ywfbot_ws_v1.1/build/user_func_implement/build/lib/user_func_implement/function
copying user_func_implement/function/palletProcess.py -> /home/st/py_ywfbot_ws_v1.1/build/user_func_implement/build/lib/user_func_implement/function
copying user_func_implement/function/func_fr_ros2.py -> /home/st/py_ywfbot_ws_v1.1/build/user_func_implement/build/lib/user_func_implement/function
copying user_func_implement/function/error_list.py -> /home/st/py_ywfbot_ws_v1.1/build/user_func_implement/build/lib/user_func_implement/function
copying user_func_implement/function/fr_state_sub.py -> /home/st/py_ywfbot_ws_v1.1/build/user_func_implement/build/lib/user_func_implement/function
copying user_func_implement/function/Func_moveit2.py -> /home/st/py_ywfbot_ws_v1.1/build/user_func_implement/build/lib/user_func_implement/function
copying user_func_implement/sqlite/palletizingProcess.db -> /home/st/py_ywfbot_ws_v1.1/build/user_func_implement/build/lib/user_func_implement/sqlite
running install
running install_lib
copying /home/st/py_ywfbot_ws_v1.1/build/user_func_implement/build/lib/user_func_implement/function/func_tf2.py -> /home/st/py_ywfbot_ws_v1.1/install/user_func_implement/lib/python3.10/site-packages/user_func_implement/function
copying /home/st/py_ywfbot_ws_v1.1/build/user_func_implement/build/lib/user_func_implement/function/palletProcess.py -> /home/st/py_ywfbot_ws_v1.1/install/user_func_implement/lib/python3.10/site-packages/user_func_implement/function
copying /home/st/py_ywfbot_ws_v1.1/build/user_func_implement/build/lib/user_func_implement/function/func_fr_ros2.py -> /home/st/py_ywfbot_ws_v1.1/install/user_func_implement/lib/python3.10/site-packages/user_func_implement/function
copying /home/st/py_ywfbot_ws_v1.1/build/user_func_implement/build/lib/user_func_implement/function/error_list.py -> /home/st/py_ywfbot_ws_v1.1/install/user_func_implement/lib/python3.10/site-packages/user_func_implement/function
copying /home/st/py_ywfbot_ws_v1.1/build/user_func_implement/build/lib/user_func_implement/function/fr_state_sub.py -> /home/st/py_ywfbot_ws_v1.1/install/user_func_implement/lib/python3.10/site-packages/user_func_implement/function
copying /home/st/py_ywfbot_ws_v1.1/build/user_func_implement/build/lib/user_func_implement/function/Func_moveit2.py -> /home/st/py_ywfbot_ws_v1.1/install/user_func_implement/lib/python3.10/site-packages/user_func_implement/function
copying /home/st/py_ywfbot_ws_v1.1/build/user_func_implement/build/lib/user_func_implement/sqlite/palletizingProcess.db -> /home/st/py_ywfbot_ws_v1.1/install/user_func_implement/lib/python3.10/site-packages/user_func_implement/sqlite
byte-compiling /home/st/py_ywfbot_ws_v1.1/install/user_func_implement/lib/python3.10/site-packages/user_func_implement/function/func_tf2.py to func_tf2.cpython-310.pyc
byte-compiling /home/st/py_ywfbot_ws_v1.1/install/user_func_implement/lib/python3.10/site-packages/user_func_implement/function/palletProcess.py to palletProcess.cpython-310.pyc
byte-compiling /home/st/py_ywfbot_ws_v1.1/install/user_func_implement/lib/python3.10/site-packages/user_func_implement/function/func_fr_ros2.py to func_fr_ros2.cpython-310.pyc
byte-compiling /home/st/py_ywfbot_ws_v1.1/install/user_func_implement/lib/python3.10/site-packages/user_func_implement/function/error_list.py to error_list.cpython-310.pyc
byte-compiling /home/st/py_ywfbot_ws_v1.1/install/user_func_implement/lib/python3.10/site-packages/user_func_implement/function/fr_state_sub.py to fr_state_sub.cpython-310.pyc
byte-compiling /home/st/py_ywfbot_ws_v1.1/install/user_func_implement/lib/python3.10/site-packages/user_func_implement/function/Func_moveit2.py to Func_moveit2.cpython-310.pyc
running install_data
running install_egg_info
removing '/home/st/py_ywfbot_ws_v1.1/install/user_func_implement/lib/python3.10/site-packages/user_func_implement-0.0.0-py3.10.egg-info' (and everything under it)
Copying ../../build/user_func_implement/user_func_implement.egg-info to /home/st/py_ywfbot_ws_v1.1/install/user_func_implement/lib/python3.10/site-packages/user_func_implement-0.0.0-py3.10.egg-info
running install_scripts
Installing user_func_main script to /home/st/py_ywfbot_ws_v1.1/install/user_func_implement/lib/user_func_implement
writing list of installed files to '/home/st/py_ywfbot_ws_v1.1/build/user_func_implement/install.log'
