[3.086s] Invoking command in '/home/st/py_ywfbot_ws_v1.1/src/user_func_implement': PYTHONPATH=/home/st/py_ywfbot_ws_v1.1/build/user_func_implement/prefix_override:/usr/lib/python3/dist-packages/colcon_core/task/python/colcon_distutils_commands:/home/st/py_ywfbot_ws_v1.1/install/user_func_implement/lib/python3.10/site-packages:${PYTHONPATH} /usr/bin/python3 -W ignore:setup.py install is deprecated -W ignore:easy_install command is deprecated setup.py egg_info --egg-base ../../build/user_func_implement build --build-base /home/st/py_ywfbot_ws_v1.1/build/user_func_implement/build install --record /home/st/py_ywfbot_ws_v1.1/build/user_func_implement/install.log --single-version-externally-managed install_data
[3.916s] running egg_info
[3.916s] writing ../../build/user_func_implement/user_func_implement.egg-info/PKG-INFO
[3.917s] writing dependency_links to ../../build/user_func_implement/user_func_implement.egg-info/dependency_links.txt
[3.917s] writing entry points to ../../build/user_func_implement/user_func_implement.egg-info/entry_points.txt
[3.917s] writing requirements to ../../build/user_func_implement/user_func_implement.egg-info/requires.txt
[3.917s] writing top-level names to ../../build/user_func_implement/user_func_implement.egg-info/top_level.txt
[3.923s] reading manifest file '../../build/user_func_implement/user_func_implement.egg-info/SOURCES.txt'
[3.924s] adding license file 'LICENSE'
[3.926s] writing manifest file '../../build/user_func_implement/user_func_implement.egg-info/SOURCES.txt'
[3.927s] running build
[3.927s] running build_py
[3.928s] copying user_func_implement/function/palletProcess.py -> /home/st/py_ywfbot_ws_v1.1/build/user_func_implement/build/lib/user_func_implement/function
[3.930s] copying user_func_implement/sqlite/del_paramPalletprocess_script.py -> /home/st/py_ywfbot_ws_v1.1/build/user_func_implement/build/lib/user_func_implement/sqlite
[3.931s] copying user_func_implement/sqlite/createPalletizingProcessTB.py -> /home/st/py_ywfbot_ws_v1.1/build/user_func_implement/build/lib/user_func_implement/sqlite
[3.934s] copying user_func_implement/sqlite/palletizingProcess.db -> /home/st/py_ywfbot_ws_v1.1/build/user_func_implement/build/lib/user_func_implement/sqlite
[3.945s] running install
[3.946s] running install_lib
[3.946s] copying /home/st/py_ywfbot_ws_v1.1/build/user_func_implement/build/lib/user_func_implement/function/palletProcess.py -> /home/st/py_ywfbot_ws_v1.1/install/user_func_implement/lib/python3.10/site-packages/user_func_implement/function
[3.946s] copying /home/st/py_ywfbot_ws_v1.1/build/user_func_implement/build/lib/user_func_implement/sqlite/del_paramPalletprocess_script.py -> /home/st/py_ywfbot_ws_v1.1/install/user_func_implement/lib/python3.10/site-packages/user_func_implement/sqlite
[3.946s] copying /home/st/py_ywfbot_ws_v1.1/build/user_func_implement/build/lib/user_func_implement/sqlite/palletizingProcess.db -> /home/st/py_ywfbot_ws_v1.1/install/user_func_implement/lib/python3.10/site-packages/user_func_implement/sqlite
[3.946s] copying /home/st/py_ywfbot_ws_v1.1/build/user_func_implement/build/lib/user_func_implement/sqlite/createPalletizingProcessTB.py -> /home/st/py_ywfbot_ws_v1.1/install/user_func_implement/lib/python3.10/site-packages/user_func_implement/sqlite
[3.946s] byte-compiling /home/st/py_ywfbot_ws_v1.1/install/user_func_implement/lib/python3.10/site-packages/user_func_implement/function/palletProcess.py to palletProcess.cpython-310.pyc
[3.949s] byte-compiling /home/st/py_ywfbot_ws_v1.1/install/user_func_implement/lib/python3.10/site-packages/user_func_implement/sqlite/del_paramPalletprocess_script.py to del_paramPalletprocess_script.cpython-310.pyc
[3.950s] byte-compiling /home/st/py_ywfbot_ws_v1.1/install/user_func_implement/lib/python3.10/site-packages/user_func_implement/sqlite/createPalletizingProcessTB.py to createPalletizingProcessTB.cpython-310.pyc
[3.951s] running install_data
[3.951s] running install_egg_info
[3.956s] removing '/home/st/py_ywfbot_ws_v1.1/install/user_func_implement/lib/python3.10/site-packages/user_func_implement-0.0.0-py3.10.egg-info' (and everything under it)
[3.957s] Copying ../../build/user_func_implement/user_func_implement.egg-info to /home/st/py_ywfbot_ws_v1.1/install/user_func_implement/lib/python3.10/site-packages/user_func_implement-0.0.0-py3.10.egg-info
[3.959s] running install_scripts
[4.015s] Installing user_func_main script to /home/st/py_ywfbot_ws_v1.1/install/user_func_implement/lib/user_func_implement
[4.019s] writing list of installed files to '/home/st/py_ywfbot_ws_v1.1/build/user_func_implement/install.log'
[4.091s] Invoked command in '/home/st/py_ywfbot_ws_v1.1/src/user_func_implement' returned '0': PYTHONPATH=/home/st/py_ywfbot_ws_v1.1/build/user_func_implement/prefix_override:/usr/lib/python3/dist-packages/colcon_core/task/python/colcon_distutils_commands:/home/st/py_ywfbot_ws_v1.1/install/user_func_implement/lib/python3.10/site-packages:${PYTHONPATH} /usr/bin/python3 -W ignore:setup.py install is deprecated -W ignore:easy_install command is deprecated setup.py egg_info --egg-base ../../build/user_func_implement build --build-base /home/st/py_ywfbot_ws_v1.1/build/user_func_implement/build install --record /home/st/py_ywfbot_ws_v1.1/build/user_func_implement/install.log --single-version-externally-managed install_data
