/home/st/py_ywfbot_ws/install/ui_pack/lib/python3.10/site-packages/ui_pack/__init__.py
/home/st/py_ywfbot_ws/install/ui_pack/lib/python3.10/site-packages/ui_pack/components.py
/home/st/py_ywfbot_ws/install/ui_pack/lib/python3.10/site-packages/ui_pack/临时测试.py
/home/st/py_ywfbot_ws/install/ui_pack/lib/python3.10/site-packages/ui_pack/ui_main.py
/home/st/py_ywfbot_ws/install/ui_pack/lib/python3.10/site-packages/ui_pack/GUI.py
/home/st/py_ywfbot_ws/install/ui_pack/lib/python3.10/site-packages/ui_pack/qml/svg_icons/icon_restore.svg
/home/st/py_ywfbot_ws/install/ui_pack/lib/python3.10/site-packages/ui_pack/qml/svg_icons/icon_online.svg
/home/st/py_ywfbot_ws/install/ui_pack/lib/python3.10/site-packages/ui_pack/qml/svg_icons/no_icon.svg
/home/st/py_ywfbot_ws/install/ui_pack/lib/python3.10/site-packages/ui_pack/qml/svg_icons/icon_heart.svg
/home/st/py_ywfbot_ws/install/ui_pack/lib/python3.10/site-packages/ui_pack/qml/svg_icons/icon_home.svg
/home/st/py_ywfbot_ws/install/ui_pack/lib/python3.10/site-packages/ui_pack/qml/svg_icons/icon_add_user.svg
/home/st/py_ywfbot_ws/install/ui_pack/lib/python3.10/site-packages/ui_pack/qml/svg_icons/icon_menu_close.svg
/home/st/py_ywfbot_ws/install/ui_pack/lib/python3.10/site-packages/ui_pack/qml/svg_icons/icon_attachment.svg
/home/st/py_ywfbot_ws/install/ui_pack/lib/python3.10/site-packages/ui_pack/qml/svg_icons/icon_invisible.svg
/home/st/py_ywfbot_ws/install/ui_pack/lib/python3.10/site-packages/ui_pack/qml/svg_icons/icon_search.svg
/home/st/py_ywfbot_ws/install/ui_pack/lib/python3.10/site-packages/ui_pack/qml/svg_icons/active_menu.svg
/home/st/py_ywfbot_ws/install/ui_pack/lib/python3.10/site-packages/ui_pack/qml/svg_icons/icon_widgets.svg
/home/st/py_ywfbot_ws/install/ui_pack/lib/python3.10/site-packages/ui_pack/qml/svg_icons/icon_more_options.svg
/home/st/py_ywfbot_ws/install/ui_pack/lib/python3.10/site-packages/ui_pack/qml/svg_icons/icon_maximize.svg
/home/st/py_ywfbot_ws/install/ui_pack/lib/python3.10/site-packages/ui_pack/qml/svg_icons/icon_info.svg
/home/st/py_ywfbot_ws/install/ui_pack/lib/python3.10/site-packages/ui_pack/qml/svg_icons/icon_signal.svg
/home/st/py_ywfbot_ws/install/ui_pack/lib/python3.10/site-packages/ui_pack/qml/svg_icons/icon_file.svg
/home/st/py_ywfbot_ws/install/ui_pack/lib/python3.10/site-packages/ui_pack/qml/svg_icons/icon_folder_open.svg
/home/st/py_ywfbot_ws/install/ui_pack/lib/python3.10/site-packages/ui_pack/qml/svg_icons/icon_idle.svg
/home/st/py_ywfbot_ws/install/ui_pack/lib/python3.10/site-packages/ui_pack/qml/svg_icons/icon_folder.svg
/home/st/py_ywfbot_ws/install/ui_pack/lib/python3.10/site-packages/ui_pack/qml/svg_icons/icon_save.svg
/home/st/py_ywfbot_ws/install/ui_pack/lib/python3.10/site-packages/ui_pack/qml/svg_icons/icon_menu.svg
/home/st/py_ywfbot_ws/install/ui_pack/lib/python3.10/site-packages/ui_pack/qml/svg_icons/icon_settings.svg
/home/st/py_ywfbot_ws/install/ui_pack/lib/python3.10/site-packages/ui_pack/qml/svg_icons/icon_send.svg
/home/st/py_ywfbot_ws/install/ui_pack/lib/python3.10/site-packages/ui_pack/qml/svg_icons/icon_arrow_right.svg
/home/st/py_ywfbot_ws/install/ui_pack/lib/python3.10/site-packages/ui_pack/qml/svg_icons/icon_arrow_left.svg
/home/st/py_ywfbot_ws/install/ui_pack/lib/python3.10/site-packages/ui_pack/qml/svg_icons/icon_emoticons.svg
/home/st/py_ywfbot_ws/install/ui_pack/lib/python3.10/site-packages/ui_pack/qml/svg_icons/icon_minimize.svg
/home/st/py_ywfbot_ws/install/ui_pack/lib/python3.10/site-packages/ui_pack/qml/svg_icons/robot.jpg
/home/st/py_ywfbot_ws/install/ui_pack/lib/python3.10/site-packages/ui_pack/qml/svg_icons/icon_close.svg
/home/st/py_ywfbot_ws/install/ui_pack/lib/python3.10/site-packages/ui_pack/qml/svg_icons/icon_busy.svg
/home/st/py_ywfbot_ws/install/ui_pack/lib/python3.10/site-packages/ui_pack/qml/RobotManual.qml
/home/st/py_ywfbot_ws/install/ui_pack/lib/python3.10/site-packages/ui_pack/qml/RobotPointsTable.qml
/home/st/py_ywfbot_ws/install/ui_pack/lib/python3.10/site-packages/ui_pack/qml/RobotToolTable.qml
/home/st/py_ywfbot_ws/install/ui_pack/lib/python3.10/site-packages/ui_pack/qml/RobotUserCalib.qml
/home/st/py_ywfbot_ws/install/ui_pack/lib/python3.10/site-packages/ui_pack/qml/MyButtonText.qml
/home/st/py_ywfbot_ws/install/ui_pack/lib/python3.10/site-packages/ui_pack/qml/Demo_VirtualKeyboard.qml
/home/st/py_ywfbot_ws/install/ui_pack/lib/python3.10/site-packages/ui_pack/qml/RobotStatusDisp.qml
/home/st/py_ywfbot_ws/install/ui_pack/lib/python3.10/site-packages/ui_pack/qml/MyButtonIcon.qml
/home/st/py_ywfbot_ws/install/ui_pack/lib/python3.10/site-packages/ui_pack/qml/qml_main.qml
/home/st/py_ywfbot_ws/install/ui_pack/lib/python3.10/site-packages/ui_pack/qml/RobotToolCalib.qml
/home/st/py_ywfbot_ws/install/ui_pack/lib/python3.10/site-packages/ui_pack/qml/MyButton.qml
/home/st/py_ywfbot_ws/install/ui_pack/lib/python3.10/site-packages/ui_pack/qml/RobotUserTable.qml
/home/st/py_ywfbot_ws/install/ui_pack/lib/python3.10/site-packages/ui_pack/__pycache__/__init__.cpython-310.pyc
/home/st/py_ywfbot_ws/install/ui_pack/lib/python3.10/site-packages/ui_pack/__pycache__/components.cpython-310.pyc
/home/st/py_ywfbot_ws/install/ui_pack/lib/python3.10/site-packages/ui_pack/__pycache__/临时测试.cpython-310.pyc
/home/st/py_ywfbot_ws/install/ui_pack/lib/python3.10/site-packages/ui_pack/__pycache__/ui_main.cpython-310.pyc
/home/st/py_ywfbot_ws/install/ui_pack/lib/python3.10/site-packages/ui_pack/__pycache__/GUI.cpython-310.pyc
/home/st/py_ywfbot_ws/install/ui_pack/share/ament_index/resource_index/packages/ui_pack
/home/st/py_ywfbot_ws/install/ui_pack/share/ui_pack/package.xml
/home/st/py_ywfbot_ws/install/ui_pack/lib/python3.10/site-packages/ui_pack-0.0.0-py3.10.egg-info/SOURCES.txt
/home/st/py_ywfbot_ws/install/ui_pack/lib/python3.10/site-packages/ui_pack-0.0.0-py3.10.egg-info/top_level.txt
/home/st/py_ywfbot_ws/install/ui_pack/lib/python3.10/site-packages/ui_pack-0.0.0-py3.10.egg-info/dependency_links.txt
/home/st/py_ywfbot_ws/install/ui_pack/lib/python3.10/site-packages/ui_pack-0.0.0-py3.10.egg-info/requires.txt
/home/st/py_ywfbot_ws/install/ui_pack/lib/python3.10/site-packages/ui_pack-0.0.0-py3.10.egg-info/PKG-INFO
/home/st/py_ywfbot_ws/install/ui_pack/lib/python3.10/site-packages/ui_pack-0.0.0-py3.10.egg-info/entry_points.txt
/home/st/py_ywfbot_ws/install/ui_pack/lib/python3.10/site-packages/ui_pack-0.0.0-py3.10.egg-info/zip-safe
/home/st/py_ywfbot_ws/install/ui_pack/lib/ui_pack/ui_main
