[2.582s] Invoking command in '/home/st/py_ywfbot_ws/src/user_func_implement': PYTHONPATH=/home/st/py_ywfbot_ws/build/user_func_implement/prefix_override:/usr/lib/python3/dist-packages/colcon_core/task/python/colcon_distutils_commands:/home/st/py_ywfbot_ws/install/user_func_implement/lib/python3.10/site-packages:${PYTHONPATH} /usr/bin/python3 -W ignore:setup.py install is deprecated -W ignore:easy_install command is deprecated setup.py egg_info --egg-base ../../build/user_func_implement build --build-base /home/st/py_ywfbot_ws/build/user_func_implement/build install --record /home/st/py_ywfbot_ws/build/user_func_implement/install.log --single-version-externally-managed install_data
[3.271s] running egg_info
[3.273s] writing ../../build/user_func_implement/user_func_implement.egg-info/PKG-INFO
[3.274s] writing dependency_links to ../../build/user_func_implement/user_func_implement.egg-info/dependency_links.txt
[3.274s] writing entry points to ../../build/user_func_implement/user_func_implement.egg-info/entry_points.txt
[3.275s] writing requirements to ../../build/user_func_implement/user_func_implement.egg-info/requires.txt
[3.275s] writing top-level names to ../../build/user_func_implement/user_func_implement.egg-info/top_level.txt
[3.281s] reading manifest file '../../build/user_func_implement/user_func_implement.egg-info/SOURCES.txt'
[3.282s] adding license file 'LICENSE'
[3.284s] writing manifest file '../../build/user_func_implement/user_func_implement.egg-info/SOURCES.txt'
[3.284s] running build
[3.284s] running build_py
[3.286s] copying user_func_implement/function/func_fr_ros2.py -> /home/st/py_ywfbot_ws/build/user_func_implement/build/lib/user_func_implement/function
[3.290s] running install
[3.290s] running install_lib
[3.293s] copying /home/st/py_ywfbot_ws/build/user_func_implement/build/lib/user_func_implement/function/func_fr_ros2.py -> /home/st/py_ywfbot_ws/install/user_func_implement/lib/python3.10/site-packages/user_func_implement/function
[3.296s] byte-compiling /home/st/py_ywfbot_ws/install/user_func_implement/lib/python3.10/site-packages/user_func_implement/function/func_fr_ros2.py to func_fr_ros2.cpython-310.pyc
[3.330s] running install_data
[3.330s] running install_egg_info
[3.330s] removing '/home/st/py_ywfbot_ws/install/user_func_implement/lib/python3.10/site-packages/user_func_implement-0.0.0-py3.10.egg-info' (and everything under it)
[3.332s] Copying ../../build/user_func_implement/user_func_implement.egg-info to /home/st/py_ywfbot_ws/install/user_func_implement/lib/python3.10/site-packages/user_func_implement-0.0.0-py3.10.egg-info
[3.334s] running install_scripts
[3.380s] Installing user_func_main script to /home/st/py_ywfbot_ws/install/user_func_implement/lib/user_func_implement
[3.382s] writing list of installed files to '/home/st/py_ywfbot_ws/build/user_func_implement/install.log'
[3.464s] Invoked command in '/home/st/py_ywfbot_ws/src/user_func_implement' returned '0': PYTHONPATH=/home/st/py_ywfbot_ws/build/user_func_implement/prefix_override:/usr/lib/python3/dist-packages/colcon_core/task/python/colcon_distutils_commands:/home/st/py_ywfbot_ws/install/user_func_implement/lib/python3.10/site-packages:${PYTHONPATH} /usr/bin/python3 -W ignore:setup.py install is deprecated -W ignore:easy_install command is deprecated setup.py egg_info --egg-base ../../build/user_func_implement build --build-base /home/st/py_ywfbot_ws/build/user_func_implement/build install --record /home/st/py_ywfbot_ws/build/user_func_implement/install.log --single-version-externally-managed install_data
