[3.292s] Invoking command in '/home/st/py_ywfbot_ws_v1.1/src/user_func_implement': PYTHONPATH=/home/st/py_ywfbot_ws_v1.1/build/user_func_implement/prefix_override:/usr/lib/python3/dist-packages/colcon_core/task/python/colcon_distutils_commands:/home/st/py_ywfbot_ws_v1.1/install/user_func_implement/lib/python3.10/site-packages:${PYTHONPATH} /usr/bin/python3 -W ignore:setup.py install is deprecated -W ignore:easy_install command is deprecated setup.py egg_info --egg-base ../../build/user_func_implement build --build-base /home/st/py_ywfbot_ws_v1.1/build/user_func_implement/build install --record /home/st/py_ywfbot_ws_v1.1/build/user_func_implement/install.log --single-version-externally-managed install_data
[4.146s] running egg_info
[4.150s] writing ../../build/user_func_implement/user_func_implement.egg-info/PKG-INFO
[4.150s] writing dependency_links to ../../build/user_func_implement/user_func_implement.egg-info/dependency_links.txt
[4.151s] writing entry points to ../../build/user_func_implement/user_func_implement.egg-info/entry_points.txt
[4.151s] writing requirements to ../../build/user_func_implement/user_func_implement.egg-info/requires.txt
[4.151s] writing top-level names to ../../build/user_func_implement/user_func_implement.egg-info/top_level.txt
[4.158s] reading manifest file '../../build/user_func_implement/user_func_implement.egg-info/SOURCES.txt'
[4.162s] adding license file 'LICENSE'
[4.163s] writing manifest file '../../build/user_func_implement/user_func_implement.egg-info/SOURCES.txt'
[4.163s] running build
[4.163s] running build_py
[4.164s] copying user_func_implement/function/func_fr_ros2.py -> /home/st/py_ywfbot_ws_v1.1/build/user_func_implement/build/lib/user_func_implement/function
[4.167s] copying user_func_implement/sqlite/createLayerDataPallet.py -> /home/st/py_ywfbot_ws_v1.1/build/user_func_implement/build/lib/user_func_implement/sqlite
[4.170s] copying user_func_implement/sqlite/del_layerData_Pallet.py -> /home/st/py_ywfbot_ws_v1.1/build/user_func_implement/build/lib/user_func_implement/sqlite
[4.175s] copying user_func_implement/sqlite/palletizingProcess.db -> /home/st/py_ywfbot_ws_v1.1/build/user_func_implement/build/lib/user_func_implement/sqlite
[4.179s] running install
[4.179s] running install_lib
[4.182s] copying /home/st/py_ywfbot_ws_v1.1/build/user_func_implement/build/lib/user_func_implement/function/func_fr_ros2.py -> /home/st/py_ywfbot_ws_v1.1/install/user_func_implement/lib/python3.10/site-packages/user_func_implement/function
[4.184s] copying /home/st/py_ywfbot_ws_v1.1/build/user_func_implement/build/lib/user_func_implement/sqlite/createLayerDataPallet.py -> /home/st/py_ywfbot_ws_v1.1/install/user_func_implement/lib/python3.10/site-packages/user_func_implement/sqlite
[4.185s] copying /home/st/py_ywfbot_ws_v1.1/build/user_func_implement/build/lib/user_func_implement/sqlite/palletizingProcess.db -> /home/st/py_ywfbot_ws_v1.1/install/user_func_implement/lib/python3.10/site-packages/user_func_implement/sqlite
[4.185s] copying /home/st/py_ywfbot_ws_v1.1/build/user_func_implement/build/lib/user_func_implement/sqlite/del_layerData_Pallet.py -> /home/st/py_ywfbot_ws_v1.1/install/user_func_implement/lib/python3.10/site-packages/user_func_implement/sqlite
[4.187s] byte-compiling /home/st/py_ywfbot_ws_v1.1/install/user_func_implement/lib/python3.10/site-packages/user_func_implement/function/func_fr_ros2.py to func_fr_ros2.cpython-310.pyc
[4.233s] byte-compiling /home/st/py_ywfbot_ws_v1.1/install/user_func_implement/lib/python3.10/site-packages/user_func_implement/sqlite/createLayerDataPallet.py to createLayerDataPallet.cpython-310.pyc
[4.233s] byte-compiling /home/st/py_ywfbot_ws_v1.1/install/user_func_implement/lib/python3.10/site-packages/user_func_implement/sqlite/del_layerData_Pallet.py to del_layerData_Pallet.cpython-310.pyc
[4.233s] running install_data
[4.233s] running install_egg_info
[4.233s] removing '/home/st/py_ywfbot_ws_v1.1/install/user_func_implement/lib/python3.10/site-packages/user_func_implement-0.0.0-py3.10.egg-info' (and everything under it)
[4.233s] Copying ../../build/user_func_implement/user_func_implement.egg-info to /home/st/py_ywfbot_ws_v1.1/install/user_func_implement/lib/python3.10/site-packages/user_func_implement-0.0.0-py3.10.egg-info
[4.239s] running install_scripts
[4.289s] Installing user_func_main script to /home/st/py_ywfbot_ws_v1.1/install/user_func_implement/lib/user_func_implement
[4.292s] writing list of installed files to '/home/st/py_ywfbot_ws_v1.1/build/user_func_implement/install.log'
[4.426s] Invoked command in '/home/st/py_ywfbot_ws_v1.1/src/user_func_implement' returned '0': PYTHONPATH=/home/st/py_ywfbot_ws_v1.1/build/user_func_implement/prefix_override:/usr/lib/python3/dist-packages/colcon_core/task/python/colcon_distutils_commands:/home/st/py_ywfbot_ws_v1.1/install/user_func_implement/lib/python3.10/site-packages:${PYTHONPATH} /usr/bin/python3 -W ignore:setup.py install is deprecated -W ignore:easy_install command is deprecated setup.py egg_info --egg-base ../../build/user_func_implement build --build-base /home/st/py_ywfbot_ws_v1.1/build/user_func_implement/build install --record /home/st/py_ywfbot_ws_v1.1/build/user_func_implement/install.log --single-version-externally-managed install_data
