[3.036s] Invoking command in '/home/st/py_ywfbot_ws/src/ui_pack': PYTHONPATH=/home/st/py_ywfbot_ws/build/ui_pack/prefix_override:/usr/lib/python3/dist-packages/colcon_core/task/python/colcon_distutils_commands:/home/st/py_ywfbot_ws/install/ui_pack/lib/python3.10/site-packages:${PYTHONPATH} /usr/bin/python3 -W ignore:setup.py install is deprecated -W ignore:easy_install command is deprecated setup.py egg_info --egg-base ../../build/ui_pack build --build-base /home/st/py_ywfbot_ws/build/ui_pack/build install --record /home/st/py_ywfbot_ws/build/ui_pack/install.log --single-version-externally-managed install_data
[3.849s] running egg_info
[3.857s] creating ../../build/ui_pack/ui_pack.egg-info
[3.857s] writing ../../build/ui_pack/ui_pack.egg-info/PKG-INFO
[3.858s] writing dependency_links to ../../build/ui_pack/ui_pack.egg-info/dependency_links.txt
[3.858s] writing entry points to ../../build/ui_pack/ui_pack.egg-info/entry_points.txt
[3.858s] writing requirements to ../../build/ui_pack/ui_pack.egg-info/requires.txt
[3.859s] writing top-level names to ../../build/ui_pack/ui_pack.egg-info/top_level.txt
[3.859s] writing manifest file '../../build/ui_pack/ui_pack.egg-info/SOURCES.txt'
[3.864s] reading manifest file '../../build/ui_pack/ui_pack.egg-info/SOURCES.txt'
[3.864s] adding license file 'LICENSE'
[3.864s] writing manifest file '../../build/ui_pack/ui_pack.egg-info/SOURCES.txt'
[3.865s] running build
[3.865s] running build_py
[3.865s] creating /home/st/py_ywfbot_ws/build/ui_pack/build
[3.865s] creating /home/st/py_ywfbot_ws/build/ui_pack/build/lib
[3.865s] creating /home/st/py_ywfbot_ws/build/ui_pack/build/lib/ui_pack
[3.865s] copying ui_pack/__init__.py -> /home/st/py_ywfbot_ws/build/ui_pack/build/lib/ui_pack
[3.865s] copying ui_pack/components.py -> /home/st/py_ywfbot_ws/build/ui_pack/build/lib/ui_pack
[3.867s] copying ui_pack/临时测试.py -> /home/st/py_ywfbot_ws/build/ui_pack/build/lib/ui_pack
[3.868s] copying ui_pack/ui_main.py -> /home/st/py_ywfbot_ws/build/ui_pack/build/lib/ui_pack
[3.869s] copying ui_pack/GUI.py -> /home/st/py_ywfbot_ws/build/ui_pack/build/lib/ui_pack
[3.872s] creating /home/st/py_ywfbot_ws/build/ui_pack/build/lib/ui_pack/qml
[3.872s] creating /home/st/py_ywfbot_ws/build/ui_pack/build/lib/ui_pack/qml/svg_icons
[3.872s] copying ui_pack/qml/svg_icons/icon_restore.svg -> /home/st/py_ywfbot_ws/build/ui_pack/build/lib/ui_pack/qml/svg_icons
[3.874s] copying ui_pack/qml/svg_icons/icon_online.svg -> /home/st/py_ywfbot_ws/build/ui_pack/build/lib/ui_pack/qml/svg_icons
[3.875s] copying ui_pack/qml/svg_icons/no_icon.svg -> /home/st/py_ywfbot_ws/build/ui_pack/build/lib/ui_pack/qml/svg_icons
[3.876s] copying ui_pack/qml/svg_icons/icon_heart.svg -> /home/st/py_ywfbot_ws/build/ui_pack/build/lib/ui_pack/qml/svg_icons
[3.879s] copying ui_pack/qml/svg_icons/icon_home.svg -> /home/st/py_ywfbot_ws/build/ui_pack/build/lib/ui_pack/qml/svg_icons
[3.883s] copying ui_pack/qml/svg_icons/icon_add_user.svg -> /home/st/py_ywfbot_ws/build/ui_pack/build/lib/ui_pack/qml/svg_icons
[3.885s] copying ui_pack/qml/svg_icons/icon_menu_close.svg -> /home/st/py_ywfbot_ws/build/ui_pack/build/lib/ui_pack/qml/svg_icons
[3.901s] copying ui_pack/qml/svg_icons/icon_attachment.svg -> /home/st/py_ywfbot_ws/build/ui_pack/build/lib/ui_pack/qml/svg_icons
[3.901s] copying ui_pack/qml/svg_icons/icon_invisible.svg -> /home/st/py_ywfbot_ws/build/ui_pack/build/lib/ui_pack/qml/svg_icons
[3.914s] copying ui_pack/qml/svg_icons/icon_search.svg -> /home/st/py_ywfbot_ws/build/ui_pack/build/lib/ui_pack/qml/svg_icons
[3.914s] copying ui_pack/qml/svg_icons/active_menu.svg -> /home/st/py_ywfbot_ws/build/ui_pack/build/lib/ui_pack/qml/svg_icons
[3.914s] copying ui_pack/qml/svg_icons/icon_widgets.svg -> /home/st/py_ywfbot_ws/build/ui_pack/build/lib/ui_pack/qml/svg_icons
[3.915s] copying ui_pack/qml/svg_icons/icon_more_options.svg -> /home/st/py_ywfbot_ws/build/ui_pack/build/lib/ui_pack/qml/svg_icons
[3.917s] copying ui_pack/qml/svg_icons/icon_maximize.svg -> /home/st/py_ywfbot_ws/build/ui_pack/build/lib/ui_pack/qml/svg_icons
[3.922s] copying ui_pack/qml/svg_icons/icon_info.svg -> /home/st/py_ywfbot_ws/build/ui_pack/build/lib/ui_pack/qml/svg_icons
[3.922s] copying ui_pack/qml/svg_icons/icon_signal.svg -> /home/st/py_ywfbot_ws/build/ui_pack/build/lib/ui_pack/qml/svg_icons
[3.924s] copying ui_pack/qml/svg_icons/icon_file.svg -> /home/st/py_ywfbot_ws/build/ui_pack/build/lib/ui_pack/qml/svg_icons
[3.925s] copying ui_pack/qml/svg_icons/icon_folder_open.svg -> /home/st/py_ywfbot_ws/build/ui_pack/build/lib/ui_pack/qml/svg_icons
[3.926s] copying ui_pack/qml/svg_icons/icon_idle.svg -> /home/st/py_ywfbot_ws/build/ui_pack/build/lib/ui_pack/qml/svg_icons
[3.929s] copying ui_pack/qml/svg_icons/icon_folder.svg -> /home/st/py_ywfbot_ws/build/ui_pack/build/lib/ui_pack/qml/svg_icons
[3.931s] copying ui_pack/qml/svg_icons/icon_save.svg -> /home/st/py_ywfbot_ws/build/ui_pack/build/lib/ui_pack/qml/svg_icons
[3.932s] copying ui_pack/qml/svg_icons/icon_menu.svg -> /home/st/py_ywfbot_ws/build/ui_pack/build/lib/ui_pack/qml/svg_icons
[3.939s] copying ui_pack/qml/svg_icons/icon_settings.svg -> /home/st/py_ywfbot_ws/build/ui_pack/build/lib/ui_pack/qml/svg_icons
[3.952s] copying ui_pack/qml/svg_icons/icon_send.svg -> /home/st/py_ywfbot_ws/build/ui_pack/build/lib/ui_pack/qml/svg_icons
[3.954s] copying ui_pack/qml/svg_icons/icon_arrow_right.svg -> /home/st/py_ywfbot_ws/build/ui_pack/build/lib/ui_pack/qml/svg_icons
[3.955s] copying ui_pack/qml/svg_icons/icon_arrow_left.svg -> /home/st/py_ywfbot_ws/build/ui_pack/build/lib/ui_pack/qml/svg_icons
[3.956s] copying ui_pack/qml/svg_icons/icon_emoticons.svg -> /home/st/py_ywfbot_ws/build/ui_pack/build/lib/ui_pack/qml/svg_icons
[3.957s] copying ui_pack/qml/svg_icons/icon_minimize.svg -> /home/st/py_ywfbot_ws/build/ui_pack/build/lib/ui_pack/qml/svg_icons
[3.959s] copying ui_pack/qml/svg_icons/robot.jpg -> /home/st/py_ywfbot_ws/build/ui_pack/build/lib/ui_pack/qml/svg_icons
[3.964s] copying ui_pack/qml/svg_icons/icon_close.svg -> /home/st/py_ywfbot_ws/build/ui_pack/build/lib/ui_pack/qml/svg_icons
[3.965s] copying ui_pack/qml/svg_icons/icon_busy.svg -> /home/st/py_ywfbot_ws/build/ui_pack/build/lib/ui_pack/qml/svg_icons
[3.967s] copying ui_pack/qml/RobotManual.qml -> /home/st/py_ywfbot_ws/build/ui_pack/build/lib/ui_pack/qml
[3.969s] copying ui_pack/qml/RobotPointsTable.qml -> /home/st/py_ywfbot_ws/build/ui_pack/build/lib/ui_pack/qml
[3.973s] copying ui_pack/qml/RobotToolTable.qml -> /home/st/py_ywfbot_ws/build/ui_pack/build/lib/ui_pack/qml
[3.976s] copying ui_pack/qml/MyButtonText.qml -> /home/st/py_ywfbot_ws/build/ui_pack/build/lib/ui_pack/qml
[3.980s] copying ui_pack/qml/Demo_VirtualKeyboard.qml -> /home/st/py_ywfbot_ws/build/ui_pack/build/lib/ui_pack/qml
[3.980s] copying ui_pack/qml/RobotStatusDisp.qml -> /home/st/py_ywfbot_ws/build/ui_pack/build/lib/ui_pack/qml
[3.980s] copying ui_pack/qml/MyButtonIcon.qml -> /home/st/py_ywfbot_ws/build/ui_pack/build/lib/ui_pack/qml
[3.981s] copying ui_pack/qml/qml_main.qml -> /home/st/py_ywfbot_ws/build/ui_pack/build/lib/ui_pack/qml
[3.986s] copying ui_pack/qml/MyButton.qml -> /home/st/py_ywfbot_ws/build/ui_pack/build/lib/ui_pack/qml
[3.986s] copying ui_pack/qml/RobotUserTable.qml -> /home/st/py_ywfbot_ws/build/ui_pack/build/lib/ui_pack/qml
[3.991s] running install
[3.992s] running install_lib
[3.992s] creating /home/st/py_ywfbot_ws/install/ui_pack/lib/python3.10/site-packages/ui_pack
[3.992s] copying /home/st/py_ywfbot_ws/build/ui_pack/build/lib/ui_pack/__init__.py -> /home/st/py_ywfbot_ws/install/ui_pack/lib/python3.10/site-packages/ui_pack
[3.992s] copying /home/st/py_ywfbot_ws/build/ui_pack/build/lib/ui_pack/components.py -> /home/st/py_ywfbot_ws/install/ui_pack/lib/python3.10/site-packages/ui_pack
[3.993s] copying /home/st/py_ywfbot_ws/build/ui_pack/build/lib/ui_pack/临时测试.py -> /home/st/py_ywfbot_ws/install/ui_pack/lib/python3.10/site-packages/ui_pack
[3.993s] creating /home/st/py_ywfbot_ws/install/ui_pack/lib/python3.10/site-packages/ui_pack/qml
[3.993s] copying /home/st/py_ywfbot_ws/build/ui_pack/build/lib/ui_pack/qml/RobotManual.qml -> /home/st/py_ywfbot_ws/install/ui_pack/lib/python3.10/site-packages/ui_pack/qml
[3.993s] copying /home/st/py_ywfbot_ws/build/ui_pack/build/lib/ui_pack/qml/RobotPointsTable.qml -> /home/st/py_ywfbot_ws/install/ui_pack/lib/python3.10/site-packages/ui_pack/qml
[3.994s] creating /home/st/py_ywfbot_ws/install/ui_pack/lib/python3.10/site-packages/ui_pack/qml/svg_icons
[3.995s] copying /home/st/py_ywfbot_ws/build/ui_pack/build/lib/ui_pack/qml/svg_icons/icon_restore.svg -> /home/st/py_ywfbot_ws/install/ui_pack/lib/python3.10/site-packages/ui_pack/qml/svg_icons
[3.996s] copying /home/st/py_ywfbot_ws/build/ui_pack/build/lib/ui_pack/qml/svg_icons/icon_online.svg -> /home/st/py_ywfbot_ws/install/ui_pack/lib/python3.10/site-packages/ui_pack/qml/svg_icons
[3.996s] copying /home/st/py_ywfbot_ws/build/ui_pack/build/lib/ui_pack/qml/svg_icons/no_icon.svg -> /home/st/py_ywfbot_ws/install/ui_pack/lib/python3.10/site-packages/ui_pack/qml/svg_icons
[4.002s] copying /home/st/py_ywfbot_ws/build/ui_pack/build/lib/ui_pack/qml/svg_icons/icon_heart.svg -> /home/st/py_ywfbot_ws/install/ui_pack/lib/python3.10/site-packages/ui_pack/qml/svg_icons
[4.002s] copying /home/st/py_ywfbot_ws/build/ui_pack/build/lib/ui_pack/qml/svg_icons/icon_home.svg -> /home/st/py_ywfbot_ws/install/ui_pack/lib/python3.10/site-packages/ui_pack/qml/svg_icons
[4.003s] copying /home/st/py_ywfbot_ws/build/ui_pack/build/lib/ui_pack/qml/svg_icons/icon_add_user.svg -> /home/st/py_ywfbot_ws/install/ui_pack/lib/python3.10/site-packages/ui_pack/qml/svg_icons
[4.003s] copying /home/st/py_ywfbot_ws/build/ui_pack/build/lib/ui_pack/qml/svg_icons/icon_menu_close.svg -> /home/st/py_ywfbot_ws/install/ui_pack/lib/python3.10/site-packages/ui_pack/qml/svg_icons
[4.003s] copying /home/st/py_ywfbot_ws/build/ui_pack/build/lib/ui_pack/qml/svg_icons/icon_attachment.svg -> /home/st/py_ywfbot_ws/install/ui_pack/lib/python3.10/site-packages/ui_pack/qml/svg_icons
[4.003s] copying /home/st/py_ywfbot_ws/build/ui_pack/build/lib/ui_pack/qml/svg_icons/icon_invisible.svg -> /home/st/py_ywfbot_ws/install/ui_pack/lib/python3.10/site-packages/ui_pack/qml/svg_icons
[4.003s] copying /home/st/py_ywfbot_ws/build/ui_pack/build/lib/ui_pack/qml/svg_icons/icon_search.svg -> /home/st/py_ywfbot_ws/install/ui_pack/lib/python3.10/site-packages/ui_pack/qml/svg_icons
[4.004s] copying /home/st/py_ywfbot_ws/build/ui_pack/build/lib/ui_pack/qml/svg_icons/active_menu.svg -> /home/st/py_ywfbot_ws/install/ui_pack/lib/python3.10/site-packages/ui_pack/qml/svg_icons
[4.004s] copying /home/st/py_ywfbot_ws/build/ui_pack/build/lib/ui_pack/qml/svg_icons/icon_widgets.svg -> /home/st/py_ywfbot_ws/install/ui_pack/lib/python3.10/site-packages/ui_pack/qml/svg_icons
[4.004s] copying /home/st/py_ywfbot_ws/build/ui_pack/build/lib/ui_pack/qml/svg_icons/icon_more_options.svg -> /home/st/py_ywfbot_ws/install/ui_pack/lib/python3.10/site-packages/ui_pack/qml/svg_icons
[4.004s] copying /home/st/py_ywfbot_ws/build/ui_pack/build/lib/ui_pack/qml/svg_icons/icon_maximize.svg -> /home/st/py_ywfbot_ws/install/ui_pack/lib/python3.10/site-packages/ui_pack/qml/svg_icons
[4.004s] copying /home/st/py_ywfbot_ws/build/ui_pack/build/lib/ui_pack/qml/svg_icons/icon_info.svg -> /home/st/py_ywfbot_ws/install/ui_pack/lib/python3.10/site-packages/ui_pack/qml/svg_icons
[4.005s] copying /home/st/py_ywfbot_ws/build/ui_pack/build/lib/ui_pack/qml/svg_icons/icon_signal.svg -> /home/st/py_ywfbot_ws/install/ui_pack/lib/python3.10/site-packages/ui_pack/qml/svg_icons
[4.005s] copying /home/st/py_ywfbot_ws/build/ui_pack/build/lib/ui_pack/qml/svg_icons/icon_file.svg -> /home/st/py_ywfbot_ws/install/ui_pack/lib/python3.10/site-packages/ui_pack/qml/svg_icons
[4.005s] copying /home/st/py_ywfbot_ws/build/ui_pack/build/lib/ui_pack/qml/svg_icons/icon_folder_open.svg -> /home/st/py_ywfbot_ws/install/ui_pack/lib/python3.10/site-packages/ui_pack/qml/svg_icons
[4.005s] copying /home/st/py_ywfbot_ws/build/ui_pack/build/lib/ui_pack/qml/svg_icons/icon_idle.svg -> /home/st/py_ywfbot_ws/install/ui_pack/lib/python3.10/site-packages/ui_pack/qml/svg_icons
[4.005s] copying /home/st/py_ywfbot_ws/build/ui_pack/build/lib/ui_pack/qml/svg_icons/icon_folder.svg -> /home/st/py_ywfbot_ws/install/ui_pack/lib/python3.10/site-packages/ui_pack/qml/svg_icons
[4.005s] copying /home/st/py_ywfbot_ws/build/ui_pack/build/lib/ui_pack/qml/svg_icons/icon_save.svg -> /home/st/py_ywfbot_ws/install/ui_pack/lib/python3.10/site-packages/ui_pack/qml/svg_icons
[4.005s] copying /home/st/py_ywfbot_ws/build/ui_pack/build/lib/ui_pack/qml/svg_icons/icon_menu.svg -> /home/st/py_ywfbot_ws/install/ui_pack/lib/python3.10/site-packages/ui_pack/qml/svg_icons
[4.005s] copying /home/st/py_ywfbot_ws/build/ui_pack/build/lib/ui_pack/qml/svg_icons/icon_settings.svg -> /home/st/py_ywfbot_ws/install/ui_pack/lib/python3.10/site-packages/ui_pack/qml/svg_icons
[4.006s] copying /home/st/py_ywfbot_ws/build/ui_pack/build/lib/ui_pack/qml/svg_icons/icon_send.svg -> /home/st/py_ywfbot_ws/install/ui_pack/lib/python3.10/site-packages/ui_pack/qml/svg_icons
[4.006s] copying /home/st/py_ywfbot_ws/build/ui_pack/build/lib/ui_pack/qml/svg_icons/icon_arrow_right.svg -> /home/st/py_ywfbot_ws/install/ui_pack/lib/python3.10/site-packages/ui_pack/qml/svg_icons
[4.006s] copying /home/st/py_ywfbot_ws/build/ui_pack/build/lib/ui_pack/qml/svg_icons/icon_arrow_left.svg -> /home/st/py_ywfbot_ws/install/ui_pack/lib/python3.10/site-packages/ui_pack/qml/svg_icons
[4.006s] copying /home/st/py_ywfbot_ws/build/ui_pack/build/lib/ui_pack/qml/svg_icons/icon_emoticons.svg -> /home/st/py_ywfbot_ws/install/ui_pack/lib/python3.10/site-packages/ui_pack/qml/svg_icons
[4.007s] copying /home/st/py_ywfbot_ws/build/ui_pack/build/lib/ui_pack/qml/svg_icons/icon_minimize.svg -> /home/st/py_ywfbot_ws/install/ui_pack/lib/python3.10/site-packages/ui_pack/qml/svg_icons
[4.007s] copying /home/st/py_ywfbot_ws/build/ui_pack/build/lib/ui_pack/qml/svg_icons/robot.jpg -> /home/st/py_ywfbot_ws/install/ui_pack/lib/python3.10/site-packages/ui_pack/qml/svg_icons
[4.009s] copying /home/st/py_ywfbot_ws/build/ui_pack/build/lib/ui_pack/qml/svg_icons/icon_close.svg -> /home/st/py_ywfbot_ws/install/ui_pack/lib/python3.10/site-packages/ui_pack/qml/svg_icons
[4.010s] copying /home/st/py_ywfbot_ws/build/ui_pack/build/lib/ui_pack/qml/svg_icons/icon_busy.svg -> /home/st/py_ywfbot_ws/install/ui_pack/lib/python3.10/site-packages/ui_pack/qml/svg_icons
[4.012s] copying /home/st/py_ywfbot_ws/build/ui_pack/build/lib/ui_pack/qml/RobotToolTable.qml -> /home/st/py_ywfbot_ws/install/ui_pack/lib/python3.10/site-packages/ui_pack/qml
[4.013s] copying /home/st/py_ywfbot_ws/build/ui_pack/build/lib/ui_pack/qml/MyButtonText.qml -> /home/st/py_ywfbot_ws/install/ui_pack/lib/python3.10/site-packages/ui_pack/qml
[4.013s] copying /home/st/py_ywfbot_ws/build/ui_pack/build/lib/ui_pack/qml/Demo_VirtualKeyboard.qml -> /home/st/py_ywfbot_ws/install/ui_pack/lib/python3.10/site-packages/ui_pack/qml
[4.017s] copying /home/st/py_ywfbot_ws/build/ui_pack/build/lib/ui_pack/qml/RobotStatusDisp.qml -> /home/st/py_ywfbot_ws/install/ui_pack/lib/python3.10/site-packages/ui_pack/qml
[4.017s] copying /home/st/py_ywfbot_ws/build/ui_pack/build/lib/ui_pack/qml/MyButtonIcon.qml -> /home/st/py_ywfbot_ws/install/ui_pack/lib/python3.10/site-packages/ui_pack/qml
[4.017s] copying /home/st/py_ywfbot_ws/build/ui_pack/build/lib/ui_pack/qml/qml_main.qml -> /home/st/py_ywfbot_ws/install/ui_pack/lib/python3.10/site-packages/ui_pack/qml
[4.018s] copying /home/st/py_ywfbot_ws/build/ui_pack/build/lib/ui_pack/qml/MyButton.qml -> /home/st/py_ywfbot_ws/install/ui_pack/lib/python3.10/site-packages/ui_pack/qml
[4.018s] copying /home/st/py_ywfbot_ws/build/ui_pack/build/lib/ui_pack/qml/RobotUserTable.qml -> /home/st/py_ywfbot_ws/install/ui_pack/lib/python3.10/site-packages/ui_pack/qml
[4.018s] copying /home/st/py_ywfbot_ws/build/ui_pack/build/lib/ui_pack/ui_main.py -> /home/st/py_ywfbot_ws/install/ui_pack/lib/python3.10/site-packages/ui_pack
[4.018s] copying /home/st/py_ywfbot_ws/build/ui_pack/build/lib/ui_pack/GUI.py -> /home/st/py_ywfbot_ws/install/ui_pack/lib/python3.10/site-packages/ui_pack
[4.020s] byte-compiling /home/st/py_ywfbot_ws/install/ui_pack/lib/python3.10/site-packages/ui_pack/__init__.py to __init__.cpython-310.pyc
[4.020s] byte-compiling /home/st/py_ywfbot_ws/install/ui_pack/lib/python3.10/site-packages/ui_pack/components.py to components.cpython-310.pyc
[4.021s] byte-compiling /home/st/py_ywfbot_ws/install/ui_pack/lib/python3.10/site-packages/ui_pack/临时测试.py to 临时测试.cpython-310.pyc
[4.022s] byte-compiling /home/st/py_ywfbot_ws/install/ui_pack/lib/python3.10/site-packages/ui_pack/ui_main.py to ui_main.cpython-310.pyc
[4.024s] byte-compiling /home/st/py_ywfbot_ws/install/ui_pack/lib/python3.10/site-packages/ui_pack/GUI.py to GUI.cpython-310.pyc
[4.033s] running install_data
[4.033s] creating /home/st/py_ywfbot_ws/install/ui_pack/share/ament_index
[4.033s] creating /home/st/py_ywfbot_ws/install/ui_pack/share/ament_index/resource_index
[4.033s] creating /home/st/py_ywfbot_ws/install/ui_pack/share/ament_index/resource_index/packages
[4.033s] copying resource/ui_pack -> /home/st/py_ywfbot_ws/install/ui_pack/share/ament_index/resource_index/packages
[4.033s] copying package.xml -> /home/st/py_ywfbot_ws/install/ui_pack/share/ui_pack
[4.033s] running install_egg_info
[4.040s] Copying ../../build/ui_pack/ui_pack.egg-info to /home/st/py_ywfbot_ws/install/ui_pack/lib/python3.10/site-packages/ui_pack-0.0.0-py3.10.egg-info
[4.041s] running install_scripts
[4.133s] Installing ui_main script to /home/st/py_ywfbot_ws/install/ui_pack/lib/ui_pack
[4.135s] writing list of installed files to '/home/st/py_ywfbot_ws/build/ui_pack/install.log'
[4.197s] Invoked command in '/home/st/py_ywfbot_ws/src/ui_pack' returned '0': PYTHONPATH=/home/st/py_ywfbot_ws/build/ui_pack/prefix_override:/usr/lib/python3/dist-packages/colcon_core/task/python/colcon_distutils_commands:/home/st/py_ywfbot_ws/install/ui_pack/lib/python3.10/site-packages:${PYTHONPATH} /usr/bin/python3 -W ignore:setup.py install is deprecated -W ignore:easy_install command is deprecated setup.py egg_info --egg-base ../../build/ui_pack build --build-base /home/st/py_ywfbot_ws/build/ui_pack/build install --record /home/st/py_ywfbot_ws/build/ui_pack/install.log --single-version-externally-managed install_data
