[3.267s] Invoking command in '/home/st/py_ywfbot_ws/src/ui_pack': PYTHONPATH=/home/st/py_ywfbot_ws/build/ui_pack/prefix_override:/usr/lib/python3/dist-packages/colcon_core/task/python/colcon_distutils_commands:/home/st/py_ywfbot_ws/install/ui_pack/lib/python3.10/site-packages:${PYTHONPATH} /usr/bin/python3 -W ignore:setup.py install is deprecated -W ignore:easy_install command is deprecated setup.py egg_info --egg-base ../../build/ui_pack build --build-base /home/st/py_ywfbot_ws/build/ui_pack/build install --record /home/st/py_ywfbot_ws/build/ui_pack/install.log --single-version-externally-managed install_data
[4.013s] running egg_info
[4.016s] writing ../../build/ui_pack/ui_pack.egg-info/PKG-INFO
[4.016s] writing dependency_links to ../../build/ui_pack/ui_pack.egg-info/dependency_links.txt
[4.016s] writing entry points to ../../build/ui_pack/ui_pack.egg-info/entry_points.txt
[4.018s] writing requirements to ../../build/ui_pack/ui_pack.egg-info/requires.txt
[4.018s] writing top-level names to ../../build/ui_pack/ui_pack.egg-info/top_level.txt
[4.030s] reading manifest file '../../build/ui_pack/ui_pack.egg-info/SOURCES.txt'
[4.031s] adding license file 'LICENSE'
[4.037s] writing manifest file '../../build/ui_pack/ui_pack.egg-info/SOURCES.txt'
[4.039s] running build
[4.039s] running build_py
[4.039s] copying ui_pack/ui_main.py -> /home/st/py_ywfbot_ws/build/ui_pack/build/lib/ui_pack
[4.045s] running install
[4.048s] running install_lib
[4.051s] copying /home/st/py_ywfbot_ws/build/ui_pack/build/lib/ui_pack/ui_main.py -> /home/st/py_ywfbot_ws/install/ui_pack/lib/python3.10/site-packages/ui_pack
[4.053s] byte-compiling /home/st/py_ywfbot_ws/install/ui_pack/lib/python3.10/site-packages/ui_pack/ui_main.py to ui_main.cpython-310.pyc
[4.055s] running install_data
[4.055s] running install_egg_info
[4.062s] removing '/home/st/py_ywfbot_ws/install/ui_pack/lib/python3.10/site-packages/ui_pack-0.0.0-py3.10.egg-info' (and everything under it)
[4.062s] Copying ../../build/ui_pack/ui_pack.egg-info to /home/st/py_ywfbot_ws/install/ui_pack/lib/python3.10/site-packages/ui_pack-0.0.0-py3.10.egg-info
[4.063s] running install_scripts
[4.118s] Installing ui_main script to /home/st/py_ywfbot_ws/install/ui_pack/lib/ui_pack
[4.121s] writing list of installed files to '/home/st/py_ywfbot_ws/build/ui_pack/install.log'
[4.183s] Invoked command in '/home/st/py_ywfbot_ws/src/ui_pack' returned '0': PYTHONPATH=/home/st/py_ywfbot_ws/build/ui_pack/prefix_override:/usr/lib/python3/dist-packages/colcon_core/task/python/colcon_distutils_commands:/home/st/py_ywfbot_ws/install/ui_pack/lib/python3.10/site-packages:${PYTHONPATH} /usr/bin/python3 -W ignore:setup.py install is deprecated -W ignore:easy_install command is deprecated setup.py egg_info --egg-base ../../build/ui_pack build --build-base /home/st/py_ywfbot_ws/build/ui_pack/build install --record /home/st/py_ywfbot_ws/build/ui_pack/install.log --single-version-externally-managed install_data
