[3.170s] Invoking command in '/home/st/py_ywfbot_ws_v1.1/src/ui_pack': PYTHONPATH=/home/st/py_ywfbot_ws_v1.1/build/ui_pack/prefix_override:/usr/lib/python3/dist-packages/colcon_core/task/python/colcon_distutils_commands:/home/st/py_ywfbot_ws_v1.1/install/ui_pack/lib/python3.10/site-packages:${PYTHONPATH} /usr/bin/python3 -W ignore:setup.py install is deprecated -W ignore:easy_install command is deprecated setup.py egg_info --egg-base ../../build/ui_pack build --build-base /home/st/py_ywfbot_ws_v1.1/build/ui_pack/build install --record /home/st/py_ywfbot_ws_v1.1/build/ui_pack/install.log --single-version-externally-managed install_data
[3.968s] running egg_info
[3.979s] writing ../../build/ui_pack/ui_pack.egg-info/PKG-INFO
[3.979s] writing dependency_links to ../../build/ui_pack/ui_pack.egg-info/dependency_links.txt
[3.979s] writing entry points to ../../build/ui_pack/ui_pack.egg-info/entry_points.txt
[3.979s] writing requirements to ../../build/ui_pack/ui_pack.egg-info/requires.txt
[3.979s] writing top-level names to ../../build/ui_pack/ui_pack.egg-info/top_level.txt
[3.987s] reading manifest file '../../build/ui_pack/ui_pack.egg-info/SOURCES.txt'
[3.988s] adding license file 'LICENSE'
[3.991s] writing manifest file '../../build/ui_pack/ui_pack.egg-info/SOURCES.txt'
[3.992s] running build
[3.992s] running build_py
[3.992s] copying ui_pack/components.py -> /home/st/py_ywfbot_ws_v1.1/build/ui_pack/build/lib/ui_pack
[3.992s] copying ui_pack/ui_main.py -> /home/st/py_ywfbot_ws_v1.1/build/ui_pack/build/lib/ui_pack
[3.994s] running install
[3.994s] running install_lib
[4.003s] copying /home/st/py_ywfbot_ws_v1.1/build/ui_pack/build/lib/ui_pack/components.py -> /home/st/py_ywfbot_ws_v1.1/install/ui_pack/lib/python3.10/site-packages/ui_pack
[4.003s] copying /home/st/py_ywfbot_ws_v1.1/build/ui_pack/build/lib/ui_pack/ui_main.py -> /home/st/py_ywfbot_ws_v1.1/install/ui_pack/lib/python3.10/site-packages/ui_pack
[4.003s] byte-compiling /home/st/py_ywfbot_ws_v1.1/install/ui_pack/lib/python3.10/site-packages/ui_pack/components.py to components.cpython-310.pyc
[4.004s] byte-compiling /home/st/py_ywfbot_ws_v1.1/install/ui_pack/lib/python3.10/site-packages/ui_pack/ui_main.py to ui_main.cpython-310.pyc
[4.006s] running install_data
[4.007s] running install_egg_info
[4.013s] removing '/home/st/py_ywfbot_ws_v1.1/install/ui_pack/lib/python3.10/site-packages/ui_pack-0.0.0-py3.10.egg-info' (and everything under it)
[4.013s] Copying ../../build/ui_pack/ui_pack.egg-info to /home/st/py_ywfbot_ws_v1.1/install/ui_pack/lib/python3.10/site-packages/ui_pack-0.0.0-py3.10.egg-info
[4.014s] running install_scripts
[4.071s] Installing ui_main script to /home/st/py_ywfbot_ws_v1.1/install/ui_pack/lib/ui_pack
[4.073s] writing list of installed files to '/home/st/py_ywfbot_ws_v1.1/build/ui_pack/install.log'
[4.124s] Invoked command in '/home/st/py_ywfbot_ws_v1.1/src/ui_pack' returned '0': PYTHONPATH=/home/st/py_ywfbot_ws_v1.1/build/ui_pack/prefix_override:/usr/lib/python3/dist-packages/colcon_core/task/python/colcon_distutils_commands:/home/st/py_ywfbot_ws_v1.1/install/ui_pack/lib/python3.10/site-packages:${PYTHONPATH} /usr/bin/python3 -W ignore:setup.py install is deprecated -W ignore:easy_install command is deprecated setup.py egg_info --egg-base ../../build/ui_pack build --build-base /home/st/py_ywfbot_ws_v1.1/build/ui_pack/build install --record /home/st/py_ywfbot_ws_v1.1/build/ui_pack/install.log --single-version-externally-managed install_data
