[2.925s] Invoking command in '/home/st/py_ywfbot_ws/src/ui_pack': PYTHONPATH=/home/st/py_ywfbot_ws/build/ui_pack/prefix_override:/usr/lib/python3/dist-packages/colcon_core/task/python/colcon_distutils_commands:/home/st/py_ywfbot_ws/install/ui_pack/lib/python3.10/site-packages:${PYTHONPATH} /usr/bin/python3 -W ignore:setup.py install is deprecated -W ignore:easy_install command is deprecated setup.py egg_info --egg-base ../../build/ui_pack build --build-base /home/st/py_ywfbot_ws/build/ui_pack/build install --record /home/st/py_ywfbot_ws/build/ui_pack/install.log --single-version-externally-managed install_data
[3.611s] running egg_info
[3.613s] writing ../../build/ui_pack/ui_pack.egg-info/PKG-INFO
[3.613s] writing dependency_links to ../../build/ui_pack/ui_pack.egg-info/dependency_links.txt
[3.615s] writing entry points to ../../build/ui_pack/ui_pack.egg-info/entry_points.txt
[3.615s] writing requirements to ../../build/ui_pack/ui_pack.egg-info/requires.txt
[3.616s] writing top-level names to ../../build/ui_pack/ui_pack.egg-info/top_level.txt
[3.622s] reading manifest file '../../build/ui_pack/ui_pack.egg-info/SOURCES.txt'
[3.626s] adding license file 'LICENSE'
[3.626s] writing manifest file '../../build/ui_pack/ui_pack.egg-info/SOURCES.txt'
[3.626s] running build
[3.626s] running build_py
[3.627s] copying ui_pack/components.py -> /home/st/py_ywfbot_ws/build/ui_pack/build/lib/ui_pack
[3.627s] copying ui_pack/GUI.py -> /home/st/py_ywfbot_ws/build/ui_pack/build/lib/ui_pack
[3.633s] copying ui_pack/qml/RobotToolTable.qml -> /home/st/py_ywfbot_ws/build/ui_pack/build/lib/ui_pack/qml
[3.634s] copying ui_pack/qml/RobotToolCalib.qml -> /home/st/py_ywfbot_ws/build/ui_pack/build/lib/ui_pack/qml
[3.635s] running install
[3.636s] running install_lib
[3.638s] copying /home/st/py_ywfbot_ws/build/ui_pack/build/lib/ui_pack/components.py -> /home/st/py_ywfbot_ws/install/ui_pack/lib/python3.10/site-packages/ui_pack
[3.640s] copying /home/st/py_ywfbot_ws/build/ui_pack/build/lib/ui_pack/qml/RobotToolTable.qml -> /home/st/py_ywfbot_ws/install/ui_pack/lib/python3.10/site-packages/ui_pack/qml
[3.641s] copying /home/st/py_ywfbot_ws/build/ui_pack/build/lib/ui_pack/qml/RobotToolCalib.qml -> /home/st/py_ywfbot_ws/install/ui_pack/lib/python3.10/site-packages/ui_pack/qml
[3.641s] copying /home/st/py_ywfbot_ws/build/ui_pack/build/lib/ui_pack/GUI.py -> /home/st/py_ywfbot_ws/install/ui_pack/lib/python3.10/site-packages/ui_pack
[3.643s] byte-compiling /home/st/py_ywfbot_ws/install/ui_pack/lib/python3.10/site-packages/ui_pack/components.py to components.cpython-310.pyc
[3.646s] byte-compiling /home/st/py_ywfbot_ws/install/ui_pack/lib/python3.10/site-packages/ui_pack/GUI.py to GUI.cpython-310.pyc
[3.651s] running install_data
[3.652s] running install_egg_info
[3.658s] removing '/home/st/py_ywfbot_ws/install/ui_pack/lib/python3.10/site-packages/ui_pack-0.0.0-py3.10.egg-info' (and everything under it)
[3.659s] Copying ../../build/ui_pack/ui_pack.egg-info to /home/st/py_ywfbot_ws/install/ui_pack/lib/python3.10/site-packages/ui_pack-0.0.0-py3.10.egg-info
[3.659s] running install_scripts
[3.713s] Installing ui_main script to /home/st/py_ywfbot_ws/install/ui_pack/lib/ui_pack
[3.714s] writing list of installed files to '/home/st/py_ywfbot_ws/build/ui_pack/install.log'
[3.761s] Invoked command in '/home/st/py_ywfbot_ws/src/ui_pack' returned '0': PYTHONPATH=/home/st/py_ywfbot_ws/build/ui_pack/prefix_override:/usr/lib/python3/dist-packages/colcon_core/task/python/colcon_distutils_commands:/home/st/py_ywfbot_ws/install/ui_pack/lib/python3.10/site-packages:${PYTHONPATH} /usr/bin/python3 -W ignore:setup.py install is deprecated -W ignore:easy_install command is deprecated setup.py egg_info --egg-base ../../build/ui_pack build --build-base /home/st/py_ywfbot_ws/build/ui_pack/build install --record /home/st/py_ywfbot_ws/build/ui_pack/install.log --single-version-externally-managed install_data
